OpenROAD 4174c3ad802d2ac1d04d387d2c4b883903f6647e 
This program is licensed under the BSD-3 license. See the LICENSE file for details.
Components of this program may be licensed under more restrictive licenses which must be honored.
[INFO ODB-0222] Reading LEF file: /openlane/designs/hehe/runs/RUN_2023.01.20_06.26.02/tmp/merged.nom.lef
[WARNING ODB-0220] WARNING (LEFPARS-2036): SOURCE statement is obsolete in version 5.6 and later.
The LEF parser will ignore this statement.
To avoid this warning in the future, remove this statement from the LEF file with version 5.6 or later. See file /openlane/designs/hehe/runs/RUN_2023.01.20_06.26.02/tmp/merged.nom.lef at line 930.

[INFO ODB-0223]     Created 13 technology layers
[INFO ODB-0224]     Created 25 technology vias
[INFO ODB-0225]     Created 441 library cells
[INFO ODB-0226] Finished LEF file:  /openlane/designs/hehe/runs/RUN_2023.01.20_06.26.02/tmp/merged.nom.lef
[INFO ODB-0127] Reading DEF file: /openlane/designs/hehe/runs/RUN_2023.01.20_06.26.02/results/routing/hehe.def
[INFO ODB-0128] Design: hehe
[INFO ODB-0094] 		Created 100000 Insts
[INFO ODB-0094] 		Created 200000 Insts
[INFO ODB-0094] 		Created 300000 Insts
[INFO ODB-0094] 		Created 400000 Insts
[INFO ODB-0130]     Created 207 pins.
[INFO ODB-0131]     Created 423509 components and 1779303 component-terminals.
[INFO ODB-0132]     Created 2 special nets and 1587536 connections.
[INFO ODB-0133]     Created 51407 nets and 191712 connections.
[INFO ODB-0134] Finished DEF file: /openlane/designs/hehe/runs/RUN_2023.01.20_06.26.02/results/routing/hehe.def
Top-level design name: hehe
Found default power net 'vccd1'
Found default ground net 'vssd1'
Found 1 power ports.
Found 1 ground ports.
Modified power connections of 423509/423509 cells.
