OpenROAD 4174c3ad802d2ac1d04d387d2c4b883903f6647e 
This program is licensed under the BSD-3 license. See the LICENSE file for details.
Components of this program may be licensed under more restrictive licenses which must be honored.
[INFO ODB-0222] Reading LEF file: /openlane/designs/hehe/runs/RUN_2022.12.13_02.16.13/tmp/merged.nom.lef
[WARNING ODB-0220] WARNING (LEFPARS-2036): SOURCE statement is obsolete in version 5.6 and later.
The LEF parser will ignore this statement.
To avoid this warning in the future, remove this statement from the LEF file with version 5.6 or later. See file /openlane/designs/hehe/runs/RUN_2022.12.13_02.16.13/tmp/merged.nom.lef at line 930.

[INFO ODB-0223]     Created 13 technology layers
[INFO ODB-0224]     Created 25 technology vias
[INFO ODB-0225]     Created 441 library cells
[INFO ODB-0226] Finished LEF file:  /openlane/designs/hehe/runs/RUN_2022.12.13_02.16.13/tmp/merged.nom.lef
[INFO ODB-0127] Reading DEF file: /openlane/designs/hehe/runs/RUN_2022.12.13_02.16.13/results/routing/hehe.def
[INFO ODB-0128] Design: hehe
[INFO ODB-0094] 		Created 100000 Insts
[INFO ODB-0094] 		Created 200000 Insts
[INFO ODB-0094] 		Created 300000 Insts
[INFO ODB-0094] 		Created 400000 Insts
[INFO ODB-0130]     Created 207 pins.
[INFO ODB-0131]     Created 419342 components and 1773320 component-terminals.
[INFO ODB-0132]     Created 2 special nets and 1573916 connections.
[INFO ODB-0133]     Created 55303 nets and 199380 connections.
[INFO ODB-0134] Finished DEF file: /openlane/designs/hehe/runs/RUN_2022.12.13_02.16.13/results/routing/hehe.def
Using RCX ruleset '/work/stu/ytdeng/Openlane/OpenLane/pdks/sky130A/libs.tech/openlane/rules.openrcx.sky130A.nom.calibre'...
[INFO RCX-0431] Defined process_corner X with ext_model_index 0
[INFO RCX-0029] Defined extraction corner X
[INFO RCX-0008] extracting parasitics of hehe ...
[INFO RCX-0435] Reading extraction model file /work/stu/ytdeng/Openlane/OpenLane/pdks/sky130A/libs.tech/openlane/rules.openrcx.sky130A.nom.calibre ...
[INFO RCX-0436] RC segment generation hehe (max_merge_res 50.0) ...
[INFO RCX-0040] Final 283494 rc segments
[INFO RCX-0439] Coupling Cap extraction hehe ...
[INFO RCX-0440] Coupling threshhold is 0.1000 fF, coupling capacitance less than 0.1000 fF will be grounded.
[INFO RCX-0043] 656092 wires to be extracted
[INFO RCX-0442] 24% completion -- 163487 wires have been extracted
[INFO RCX-0442] 48% completion -- 318179 wires have been extracted
[INFO RCX-0442] 55% completion -- 362617 wires have been extracted
[INFO RCX-0442] 67% completion -- 444162 wires have been extracted
[INFO RCX-0442] 83% completion -- 546205 wires have been extracted
[INFO RCX-0442] 100% completion -- 656092 wires have been extracted
[INFO RCX-0045] Extract 55303 nets, 338774 rsegs, 338774 caps, 1053058 ccs
[INFO RCX-0015] Finished extracting hehe.
Writing result to /openlane/designs/hehe/runs/RUN_2022.12.13_02.16.13/results/routing/mca/process_corner_nom/hehe.spef...
Setting global connections for newly added cells...
[WARNING] Did not save OpenROAD database!
Writing extracted parasitics to /openlane/designs/hehe/runs/RUN_2022.12.13_02.16.13/results/routing/mca/process_corner_nom/hehe.spef...
[INFO RCX-0016] Writing SPEF ...
[INFO RCX-0443] 55303 nets finished
[INFO RCX-0017] Finished writing SPEF ...
