
===========================================================================
report_checks -path_delay max (Setup)
============================================================================
Startpoint: _91746_ (rising edge-triggered flip-flop clocked by clk)
Endpoint: _91994_ (rising edge-triggered flip-flop clocked by clk)
Path Group: clk
Path Type: max

Fanout     Cap    Slew   Delay    Time   Description
-----------------------------------------------------------------------------
                  0.15    0.00    0.00   clock clk (rise edge)
                          0.00    0.00   clock network delay (ideal)
                  0.15    0.00    0.00 ^ _91746_/CLK (sky130_fd_sc_hd__dfxtp_2)
                  0.21    0.50    0.50 ^ _91746_/Q (sky130_fd_sc_hd__dfxtp_2)
     8    0.04                           _00026_ (net)
                  0.21    0.00    0.50 ^ _43362_/A (sky130_fd_sc_hd__buf_1)
                  0.64    0.55    1.05 ^ _43362_/X (sky130_fd_sc_hd__buf_1)
    10    0.06                           _09780_ (net)
                  0.64    0.00    1.05 ^ _43363_/A (sky130_fd_sc_hd__buf_1)
                  0.64    0.58    1.63 ^ _43363_/X (sky130_fd_sc_hd__buf_1)
    10    0.06                           _09781_ (net)
                  0.64    0.00    1.64 ^ _43364_/A (sky130_fd_sc_hd__buf_1)
                  0.60    0.55    2.19 ^ _43364_/X (sky130_fd_sc_hd__buf_1)
    10    0.05                           _09782_ (net)
                  0.60    0.00    2.19 ^ _43365_/A (sky130_fd_sc_hd__buf_1)
                  0.56    0.52    2.71 ^ _43365_/X (sky130_fd_sc_hd__buf_1)
    10    0.05                           _09783_ (net)
                  0.56    0.00    2.71 ^ _43366_/A (sky130_fd_sc_hd__buf_1)
                  0.64    0.58    3.29 ^ _43366_/X (sky130_fd_sc_hd__buf_1)
    10    0.06                           _09784_ (net)
                  0.64    0.00    3.29 ^ _43367_/A (sky130_fd_sc_hd__buf_1)
                  0.64    0.58    3.87 ^ _43367_/X (sky130_fd_sc_hd__buf_1)
    10    0.06                           _09785_ (net)
                  0.64    0.00    3.88 ^ _43368_/A (sky130_fd_sc_hd__buf_1)
                  0.64    0.58    4.46 ^ _43368_/X (sky130_fd_sc_hd__buf_1)
    10    0.06                           _09786_ (net)
                  0.64    0.00    4.46 ^ _43369_/A (sky130_fd_sc_hd__buf_1)
                  0.64    0.58    5.04 ^ _43369_/X (sky130_fd_sc_hd__buf_1)
    10    0.06                           _09787_ (net)
                  0.64    0.00    5.04 ^ _43370_/A (sky130_fd_sc_hd__buf_1)
                  0.64    0.58    5.62 ^ _43370_/X (sky130_fd_sc_hd__buf_1)
    10    0.06                           _09788_ (net)
                  0.64    0.00    5.63 ^ _43371_/A (sky130_fd_sc_hd__buf_1)
                  0.64    0.58    6.21 ^ _43371_/X (sky130_fd_sc_hd__buf_1)
    10    0.06                           _09789_ (net)
                  0.64    0.01    6.21 ^ _73537_/S0 (sky130_fd_sc_hd__mux4_2)
                  0.13    0.66    6.87 v _73537_/X (sky130_fd_sc_hd__mux4_2)
     6    0.02                           _33033_ (net)
                  0.13    0.00    6.88 v _77537_/B1 (sky130_fd_sc_hd__a31o_2)
                  0.08    0.28    7.16 v _77537_/X (sky130_fd_sc_hd__a31o_2)
     3    0.02                           _37013_ (net)
                  0.08    0.01    7.17 v _77538_/B (sky130_fd_sc_hd__xor2_2)
                  0.07    0.16    7.32 v _77538_/X (sky130_fd_sc_hd__xor2_2)
     2    0.01                           _37014_ (net)
                  0.07    0.00    7.33 v _77539_/B (sky130_fd_sc_hd__and2_2)
                  0.05    0.21    7.54 v _77539_/X (sky130_fd_sc_hd__and2_2)
     3    0.01                           _37015_ (net)
                  0.05    0.00    7.54 v _77541_/A (sky130_fd_sc_hd__or2_2)
                  0.09    0.35    7.89 v _77541_/X (sky130_fd_sc_hd__or2_2)
     3    0.02                           _37017_ (net)
                  0.09    0.00    7.89 v _77634_/A (sky130_fd_sc_hd__or4bb_2)
                  0.11    0.67    8.56 v _77634_/X (sky130_fd_sc_hd__or4bb_2)
     2    0.01                           _37106_ (net)
                  0.11    0.00    8.56 v _77635_/D (sky130_fd_sc_hd__or4_2)
                  0.12    0.58    9.14 v _77635_/X (sky130_fd_sc_hd__or4_2)
     2    0.01                           _37107_ (net)
                  0.12    0.00    9.15 v _77880_/A2 (sky130_fd_sc_hd__o31a_2)
                  0.09    0.39    9.54 v _77880_/X (sky130_fd_sc_hd__o31a_2)
     6    0.02                           _37344_ (net)
                  0.09    0.00    9.54 v _78295_/A (sky130_fd_sc_hd__or4_2)
                  0.13    0.73   10.27 v _78295_/X (sky130_fd_sc_hd__or4_2)
     3    0.01                           _37743_ (net)
                  0.13    0.00   10.27 v _78416_/A1 (sky130_fd_sc_hd__a21o_2)
                  0.06    0.24   10.51 v _78416_/X (sky130_fd_sc_hd__a21o_2)
     3    0.01                           _37860_ (net)
                  0.06    0.00   10.52 v _78525_/A1 (sky130_fd_sc_hd__o21ba_2)
                  0.06    0.24   10.76 v _78525_/X (sky130_fd_sc_hd__o21ba_2)
     3    0.01                           _37965_ (net)
                  0.06    0.00   10.76 v _78625_/A1 (sky130_fd_sc_hd__o32a_2)
                  0.06    0.38   11.14 v _78625_/X (sky130_fd_sc_hd__o32a_2)
     2    0.01                           _38061_ (net)
                  0.06    0.00   11.15 v _78627_/A2 (sky130_fd_sc_hd__a21o_2)
                  0.07    0.25   11.40 v _78627_/X (sky130_fd_sc_hd__a21o_2)
     5    0.02                           _38063_ (net)
                  0.07    0.00   11.40 v _78672_/A2 (sky130_fd_sc_hd__a311o_2)
                  0.08    0.40   11.80 v _78672_/X (sky130_fd_sc_hd__a311o_2)
     3    0.01                           _38106_ (net)
                  0.08    0.00   11.81 v _78675_/A2 (sky130_fd_sc_hd__a31o_2)
                  0.04    0.23   12.04 v _78675_/X (sky130_fd_sc_hd__a31o_2)
     1    0.00                           _38109_ (net)
                  0.04    0.00   12.04 v _78690_/B (sky130_fd_sc_hd__and3_2)
                  0.04    0.18   12.23 v _78690_/X (sky130_fd_sc_hd__and3_2)
     1    0.00                           _38124_ (net)
                  0.04    0.00   12.23 v _78691_/A (sky130_fd_sc_hd__buf_1)
                  0.03    0.08   12.32 v _78691_/X (sky130_fd_sc_hd__buf_1)
     1    0.00                           _06831_ (net)
                  0.03    0.00   12.32 v _91994_/D (sky130_fd_sc_hd__dfxtp_2)
                                 12.32   data arrival time

                  0.15   12.50   12.50   clock clk (rise edge)
                          0.00   12.50   clock network delay (ideal)
                         -0.25   12.25   clock uncertainty
                          0.00   12.25   clock reconvergence pessimism
                                 12.25 ^ _91994_/CLK (sky130_fd_sc_hd__dfxtp_2)
                         -0.07   12.18   library setup time
                                 12.18   data required time
-----------------------------------------------------------------------------
                                 12.18   data required time
                                -12.32   data arrival time
-----------------------------------------------------------------------------
                                 -0.14   slack (VIOLATED)


Startpoint: _91746_ (rising edge-triggered flip-flop clocked by clk)
Endpoint: _91995_ (rising edge-triggered flip-flop clocked by clk)
Path Group: clk
Path Type: max

Fanout     Cap    Slew   Delay    Time   Description
-----------------------------------------------------------------------------
                  0.15    0.00    0.00   clock clk (rise edge)
                          0.00    0.00   clock network delay (ideal)
                  0.15    0.00    0.00 ^ _91746_/CLK (sky130_fd_sc_hd__dfxtp_2)
                  0.21    0.50    0.50 ^ _91746_/Q (sky130_fd_sc_hd__dfxtp_2)
     8    0.04                           _00026_ (net)
                  0.21    0.00    0.50 ^ _43362_/A (sky130_fd_sc_hd__buf_1)
                  0.64    0.55    1.05 ^ _43362_/X (sky130_fd_sc_hd__buf_1)
    10    0.06                           _09780_ (net)
                  0.64    0.00    1.05 ^ _43363_/A (sky130_fd_sc_hd__buf_1)
                  0.64    0.58    1.63 ^ _43363_/X (sky130_fd_sc_hd__buf_1)
    10    0.06                           _09781_ (net)
                  0.64    0.00    1.64 ^ _43364_/A (sky130_fd_sc_hd__buf_1)
                  0.60    0.55    2.19 ^ _43364_/X (sky130_fd_sc_hd__buf_1)
    10    0.05                           _09782_ (net)
                  0.60    0.00    2.19 ^ _43365_/A (sky130_fd_sc_hd__buf_1)
                  0.56    0.52    2.71 ^ _43365_/X (sky130_fd_sc_hd__buf_1)
    10    0.05                           _09783_ (net)
                  0.56    0.00    2.71 ^ _43366_/A (sky130_fd_sc_hd__buf_1)
                  0.64    0.58    3.29 ^ _43366_/X (sky130_fd_sc_hd__buf_1)
    10    0.06                           _09784_ (net)
                  0.64    0.00    3.29 ^ _43367_/A (sky130_fd_sc_hd__buf_1)
                  0.64    0.58    3.87 ^ _43367_/X (sky130_fd_sc_hd__buf_1)
    10    0.06                           _09785_ (net)
                  0.64    0.00    3.88 ^ _43368_/A (sky130_fd_sc_hd__buf_1)
                  0.64    0.58    4.46 ^ _43368_/X (sky130_fd_sc_hd__buf_1)
    10    0.06                           _09786_ (net)
                  0.64    0.00    4.46 ^ _43369_/A (sky130_fd_sc_hd__buf_1)
                  0.64    0.58    5.04 ^ _43369_/X (sky130_fd_sc_hd__buf_1)
    10    0.06                           _09787_ (net)
                  0.64    0.00    5.04 ^ _43370_/A (sky130_fd_sc_hd__buf_1)
                  0.64    0.58    5.62 ^ _43370_/X (sky130_fd_sc_hd__buf_1)
    10    0.06                           _09788_ (net)
                  0.64    0.00    5.63 ^ _43371_/A (sky130_fd_sc_hd__buf_1)
                  0.64    0.58    6.21 ^ _43371_/X (sky130_fd_sc_hd__buf_1)
    10    0.06                           _09789_ (net)
                  0.64    0.01    6.21 ^ _73537_/S0 (sky130_fd_sc_hd__mux4_2)
                  0.13    0.66    6.87 v _73537_/X (sky130_fd_sc_hd__mux4_2)
     6    0.02                           _33033_ (net)
                  0.13    0.00    6.88 v _77537_/B1 (sky130_fd_sc_hd__a31o_2)
                  0.08    0.28    7.16 v _77537_/X (sky130_fd_sc_hd__a31o_2)
     3    0.02                           _37013_ (net)
                  0.08    0.01    7.17 v _77538_/B (sky130_fd_sc_hd__xor2_2)
                  0.07    0.16    7.32 v _77538_/X (sky130_fd_sc_hd__xor2_2)
     2    0.01                           _37014_ (net)
                  0.07    0.00    7.33 v _77539_/B (sky130_fd_sc_hd__and2_2)
                  0.05    0.21    7.54 v _77539_/X (sky130_fd_sc_hd__and2_2)
     3    0.01                           _37015_ (net)
                  0.05    0.00    7.54 v _77541_/A (sky130_fd_sc_hd__or2_2)
                  0.09    0.35    7.89 v _77541_/X (sky130_fd_sc_hd__or2_2)
     3    0.02                           _37017_ (net)
                  0.09    0.00    7.89 v _77634_/A (sky130_fd_sc_hd__or4bb_2)
                  0.11    0.67    8.56 v _77634_/X (sky130_fd_sc_hd__or4bb_2)
     2    0.01                           _37106_ (net)
                  0.11    0.00    8.56 v _77635_/D (sky130_fd_sc_hd__or4_2)
                  0.12    0.58    9.14 v _77635_/X (sky130_fd_sc_hd__or4_2)
     2    0.01                           _37107_ (net)
                  0.12    0.00    9.15 v _77880_/A2 (sky130_fd_sc_hd__o31a_2)
                  0.09    0.39    9.54 v _77880_/X (sky130_fd_sc_hd__o31a_2)
     6    0.02                           _37344_ (net)
                  0.09    0.00    9.54 v _78295_/A (sky130_fd_sc_hd__or4_2)
                  0.13    0.73   10.27 v _78295_/X (sky130_fd_sc_hd__or4_2)
     3    0.01                           _37743_ (net)
                  0.13    0.00   10.27 v _78416_/A1 (sky130_fd_sc_hd__a21o_2)
                  0.06    0.24   10.51 v _78416_/X (sky130_fd_sc_hd__a21o_2)
     3    0.01                           _37860_ (net)
                  0.06    0.00   10.52 v _78525_/A1 (sky130_fd_sc_hd__o21ba_2)
                  0.06    0.24   10.76 v _78525_/X (sky130_fd_sc_hd__o21ba_2)
     3    0.01                           _37965_ (net)
                  0.06    0.00   10.76 v _78625_/A1 (sky130_fd_sc_hd__o32a_2)
                  0.06    0.38   11.14 v _78625_/X (sky130_fd_sc_hd__o32a_2)
     2    0.01                           _38061_ (net)
                  0.06    0.00   11.15 v _78627_/A2 (sky130_fd_sc_hd__a21o_2)
                  0.07    0.25   11.40 v _78627_/X (sky130_fd_sc_hd__a21o_2)
     5    0.02                           _38063_ (net)
                  0.07    0.00   11.40 v _78672_/A2 (sky130_fd_sc_hd__a311o_2)
                  0.08    0.40   11.80 v _78672_/X (sky130_fd_sc_hd__a311o_2)
     3    0.01                           _38106_ (net)
                  0.08    0.01   11.81 v _78695_/A2 (sky130_fd_sc_hd__a21oi_2)
                  0.10    0.15   11.96 ^ _78695_/Y (sky130_fd_sc_hd__a21oi_2)
     1    0.01                           _38128_ (net)
                  0.10    0.01   11.97 ^ _78696_/B1 (sky130_fd_sc_hd__a311oi_2)
                  0.09    0.06   12.03 v _78696_/Y (sky130_fd_sc_hd__a311oi_2)
     1    0.00                           _38129_ (net)
                  0.09    0.00   12.03 v _78711_/A2 (sky130_fd_sc_hd__o211a_2)
                  0.04    0.24   12.27 v _78711_/X (sky130_fd_sc_hd__o211a_2)
     1    0.00                           _06832_ (net)
                  0.04    0.00   12.27 v _91995_/D (sky130_fd_sc_hd__dfxtp_2)
                                 12.27   data arrival time

                  0.15   12.50   12.50   clock clk (rise edge)
                          0.00   12.50   clock network delay (ideal)
                         -0.25   12.25   clock uncertainty
                          0.00   12.25   clock reconvergence pessimism
                                 12.25 ^ _91995_/CLK (sky130_fd_sc_hd__dfxtp_2)
                         -0.08   12.17   library setup time
                                 12.17   data required time
-----------------------------------------------------------------------------
                                 12.17   data required time
                                -12.27   data arrival time
-----------------------------------------------------------------------------
                                 -0.10   slack (VIOLATED)


Startpoint: _91746_ (rising edge-triggered flip-flop clocked by clk)
Endpoint: _91996_ (rising edge-triggered flip-flop clocked by clk)
Path Group: clk
Path Type: max

Fanout     Cap    Slew   Delay    Time   Description
-----------------------------------------------------------------------------
                  0.15    0.00    0.00   clock clk (rise edge)
                          0.00    0.00   clock network delay (ideal)
                  0.15    0.00    0.00 ^ _91746_/CLK (sky130_fd_sc_hd__dfxtp_2)
                  0.11    0.44    0.44 v _91746_/Q (sky130_fd_sc_hd__dfxtp_2)
     8    0.04                           _00026_ (net)
                  0.11    0.01    0.45 v _43578_/S0 (sky130_fd_sc_hd__mux4_2)
                  0.05    0.36    0.81 ^ _43578_/X (sky130_fd_sc_hd__mux4_2)
     1    0.00                           _09996_ (net)
                  0.05    0.00    0.82 ^ _43579_/A (sky130_fd_sc_hd__buf_1)
                  0.20    0.20    1.02 ^ _43579_/X (sky130_fd_sc_hd__buf_1)
     7    0.02                           _09997_ (net)
                  0.20    0.00    1.02 ^ _43580_/A (sky130_fd_sc_hd__buf_1)
                  0.33    0.33    1.35 ^ _43580_/X (sky130_fd_sc_hd__buf_1)
    10    0.03                           _09998_ (net)
                  0.33    0.00    1.35 ^ _43581_/A (sky130_fd_sc_hd__buf_1)
                  0.36    0.36    1.71 ^ _43581_/X (sky130_fd_sc_hd__buf_1)
    10    0.03                           _09999_ (net)
                  0.36    0.00    1.71 ^ _43582_/A (sky130_fd_sc_hd__buf_1)
                  0.38    0.38    2.09 ^ _43582_/X (sky130_fd_sc_hd__buf_1)
    10    0.03                           _10000_ (net)
                  0.38    0.00    2.09 ^ _43583_/A (sky130_fd_sc_hd__buf_1)
                  0.34    0.35    2.44 ^ _43583_/X (sky130_fd_sc_hd__buf_1)
    10    0.03                           _10001_ (net)
                  0.34    0.00    2.44 ^ _43584_/A (sky130_fd_sc_hd__buf_1)
                  0.37    0.36    2.81 ^ _43584_/X (sky130_fd_sc_hd__buf_1)
    10    0.03                           _10002_ (net)
                  0.37    0.00    2.81 ^ _43585_/A (sky130_fd_sc_hd__buf_1)
                  0.39    0.38    3.19 ^ _43585_/X (sky130_fd_sc_hd__buf_1)
    10    0.03                           _10003_ (net)
                  0.39    0.00    3.19 ^ _43729_/A (sky130_fd_sc_hd__buf_1)
                  0.40    0.39    3.59 ^ _43729_/X (sky130_fd_sc_hd__buf_1)
    10    0.03                           _10147_ (net)
                  0.40    0.00    3.59 ^ _43730_/A (sky130_fd_sc_hd__buf_1)
                  0.40    0.39    3.98 ^ _43730_/X (sky130_fd_sc_hd__buf_1)
    10    0.03                           _10148_ (net)
                  0.40    0.00    3.98 ^ _43731_/A (sky130_fd_sc_hd__buf_1)
                  0.40    0.39    4.38 ^ _43731_/X (sky130_fd_sc_hd__buf_1)
    10    0.03                           _10149_ (net)
                  0.40    0.00    4.38 ^ _43732_/A (sky130_fd_sc_hd__buf_1)
                  0.40    0.39    4.78 ^ _43732_/X (sky130_fd_sc_hd__buf_1)
    10    0.03                           _10150_ (net)
                  0.40    0.00    4.78 ^ _43733_/A (sky130_fd_sc_hd__buf_1)
                  0.38    0.37    5.15 ^ _43733_/X (sky130_fd_sc_hd__buf_1)
    10    0.03                           _10151_ (net)
                  0.38    0.00    5.15 ^ _43734_/A (sky130_fd_sc_hd__buf_1)
                  0.40    0.39    5.55 ^ _43734_/X (sky130_fd_sc_hd__buf_1)
    10    0.03                           _10152_ (net)
                  0.40    0.00    5.55 ^ _43735_/A (sky130_fd_sc_hd__buf_1)
                  0.40    0.39    5.94 ^ _43735_/X (sky130_fd_sc_hd__buf_1)
    10    0.03                           _10153_ (net)
                  0.40    0.00    5.95 ^ _43736_/A (sky130_fd_sc_hd__buf_1)
                  0.38    0.37    6.32 ^ _43736_/X (sky130_fd_sc_hd__buf_1)
    10    0.03                           _10154_ (net)
                  0.38    0.00    6.32 ^ _43737_/A (sky130_fd_sc_hd__buf_1)
                  0.39    0.38    6.71 ^ _43737_/X (sky130_fd_sc_hd__buf_1)
    10    0.03                           _10155_ (net)
                  0.39    0.00    6.71 ^ _43738_/A (sky130_fd_sc_hd__buf_1)
                  0.40    0.39    7.10 ^ _43738_/X (sky130_fd_sc_hd__buf_1)
    10    0.03                           _10156_ (net)
                  0.40    0.00    7.10 ^ _43739_/A (sky130_fd_sc_hd__buf_1)
                  0.40    0.39    7.50 ^ _43739_/X (sky130_fd_sc_hd__buf_1)
    10    0.03                           _10157_ (net)
                  0.40    0.00    7.50 ^ _43740_/A (sky130_fd_sc_hd__buf_1)
                  0.40    0.39    7.89 ^ _43740_/X (sky130_fd_sc_hd__buf_1)
    10    0.03                           _10158_ (net)
                  0.40    0.00    7.90 ^ _68516_/S (sky130_fd_sc_hd__mux2_2)
                  0.05    0.39    8.29 v _68516_/X (sky130_fd_sc_hd__mux2_2)
     1    0.00                           _29580_ (net)
                  0.05    0.00    8.29 v _68520_/A2 (sky130_fd_sc_hd__o211a_2)
                  0.04    0.23    8.52 v _68520_/X (sky130_fd_sc_hd__o211a_2)
     1    0.00                           _29584_ (net)
                  0.04    0.00    8.52 v _68528_/B1 (sky130_fd_sc_hd__o221a_2)
                  0.05    0.23    8.75 v _68528_/X (sky130_fd_sc_hd__o221a_2)
     1    0.00                           _29592_ (net)
                  0.05    0.00    8.76 v _68585_/A1 (sky130_fd_sc_hd__o21a_2)
                  0.07    0.25    9.00 v _68585_/X (sky130_fd_sc_hd__o21a_2)
     5    0.02                           _29649_ (net)
                  0.07    0.01    9.01 v _78728_/A1 (sky130_fd_sc_hd__a22oi_2)
                  0.16    0.18    9.19 ^ _78728_/Y (sky130_fd_sc_hd__a22oi_2)
     2    0.01                           _38160_ (net)
                  0.16    0.00    9.19 ^ _78729_/B_N (sky130_fd_sc_hd__or2b_2)
                  0.05    0.31    9.50 v _78729_/X (sky130_fd_sc_hd__or2b_2)
     1    0.00                           _38161_ (net)
                  0.05    0.00    9.50 v _78733_/A (sky130_fd_sc_hd__or3b_2)
                  0.07    0.46    9.96 v _78733_/X (sky130_fd_sc_hd__or3b_2)
     1    0.00                           _38165_ (net)
                  0.07    0.00    9.96 v _78741_/A (sky130_fd_sc_hd__or4b_2)
                  0.12    0.70   10.66 v _78741_/X (sky130_fd_sc_hd__or4b_2)
     2    0.01                           _38173_ (net)
                  0.12    0.00   10.66 v _78768_/B (sky130_fd_sc_hd__or4_2)
                  0.12    0.69   11.35 v _78768_/X (sky130_fd_sc_hd__or4_2)
     2    0.01                           _38200_ (net)
                  0.12    0.00   11.36 v _78891_/A_N (sky130_fd_sc_hd__nand4b_2)
                  0.09    0.24   11.59 v _78891_/Y (sky130_fd_sc_hd__nand4b_2)
     2    0.00                           _38323_ (net)
                  0.09    0.00   11.60 v _78894_/B2 (sky130_fd_sc_hd__o2bb2a_2)
                  0.06    0.28   11.87 v _78894_/X (sky130_fd_sc_hd__o2bb2a_2)
     2    0.01                           _38326_ (net)
                  0.06    0.00   11.88 v _78895_/B (sky130_fd_sc_hd__and2_2)
                  0.04    0.19   12.07 v _78895_/X (sky130_fd_sc_hd__and2_2)
     1    0.00                           _38327_ (net)
                  0.04    0.00   12.07 v _78897_/A1 (sky130_fd_sc_hd__o21a_2)
                  0.03    0.19   12.26 v _78897_/X (sky130_fd_sc_hd__o21a_2)
     1    0.00                           _06833_ (net)
                  0.03    0.00   12.27 v _91996_/D (sky130_fd_sc_hd__dfxtp_2)
                                 12.27   data arrival time

                  0.15   12.50   12.50   clock clk (rise edge)
                          0.00   12.50   clock network delay (ideal)
                         -0.25   12.25   clock uncertainty
                          0.00   12.25   clock reconvergence pessimism
                                 12.25 ^ _91996_/CLK (sky130_fd_sc_hd__dfxtp_2)
                         -0.07   12.18   library setup time
                                 12.18   data required time
-----------------------------------------------------------------------------
                                 12.18   data required time
                                -12.27   data arrival time
-----------------------------------------------------------------------------
                                 -0.09   slack (VIOLATED)


Startpoint: _91746_ (rising edge-triggered flip-flop clocked by clk)
Endpoint: _91932_ (rising edge-triggered flip-flop clocked by clk)
Path Group: clk
Path Type: max

Fanout     Cap    Slew   Delay    Time   Description
-----------------------------------------------------------------------------
                  0.15    0.00    0.00   clock clk (rise edge)
                          0.00    0.00   clock network delay (ideal)
                  0.15    0.00    0.00 ^ _91746_/CLK (sky130_fd_sc_hd__dfxtp_2)
                  0.11    0.44    0.44 v _91746_/Q (sky130_fd_sc_hd__dfxtp_2)
     8    0.04                           _00026_ (net)
                  0.11    0.01    0.45 v _43578_/S0 (sky130_fd_sc_hd__mux4_2)
                  0.05    0.36    0.81 ^ _43578_/X (sky130_fd_sc_hd__mux4_2)
     1    0.00                           _09996_ (net)
                  0.05    0.00    0.82 ^ _43579_/A (sky130_fd_sc_hd__buf_1)
                  0.20    0.20    1.02 ^ _43579_/X (sky130_fd_sc_hd__buf_1)
     7    0.02                           _09997_ (net)
                  0.20    0.00    1.02 ^ _43580_/A (sky130_fd_sc_hd__buf_1)
                  0.33    0.33    1.35 ^ _43580_/X (sky130_fd_sc_hd__buf_1)
    10    0.03                           _09998_ (net)
                  0.33    0.00    1.35 ^ _43581_/A (sky130_fd_sc_hd__buf_1)
                  0.36    0.36    1.71 ^ _43581_/X (sky130_fd_sc_hd__buf_1)
    10    0.03                           _09999_ (net)
                  0.36    0.00    1.71 ^ _43582_/A (sky130_fd_sc_hd__buf_1)
                  0.38    0.38    2.09 ^ _43582_/X (sky130_fd_sc_hd__buf_1)
    10    0.03                           _10000_ (net)
                  0.38    0.00    2.09 ^ _43583_/A (sky130_fd_sc_hd__buf_1)
                  0.34    0.35    2.44 ^ _43583_/X (sky130_fd_sc_hd__buf_1)
    10    0.03                           _10001_ (net)
                  0.34    0.00    2.44 ^ _43584_/A (sky130_fd_sc_hd__buf_1)
                  0.37    0.36    2.81 ^ _43584_/X (sky130_fd_sc_hd__buf_1)
    10    0.03                           _10002_ (net)
                  0.37    0.00    2.81 ^ _43585_/A (sky130_fd_sc_hd__buf_1)
                  0.39    0.38    3.19 ^ _43585_/X (sky130_fd_sc_hd__buf_1)
    10    0.03                           _10003_ (net)
                  0.39    0.00    3.19 ^ _43729_/A (sky130_fd_sc_hd__buf_1)
                  0.40    0.39    3.59 ^ _43729_/X (sky130_fd_sc_hd__buf_1)
    10    0.03                           _10147_ (net)
                  0.40    0.00    3.59 ^ _43730_/A (sky130_fd_sc_hd__buf_1)
                  0.40    0.39    3.98 ^ _43730_/X (sky130_fd_sc_hd__buf_1)
    10    0.03                           _10148_ (net)
                  0.40    0.00    3.98 ^ _43731_/A (sky130_fd_sc_hd__buf_1)
                  0.40    0.39    4.38 ^ _43731_/X (sky130_fd_sc_hd__buf_1)
    10    0.03                           _10149_ (net)
                  0.40    0.00    4.38 ^ _43732_/A (sky130_fd_sc_hd__buf_1)
                  0.40    0.39    4.78 ^ _43732_/X (sky130_fd_sc_hd__buf_1)
    10    0.03                           _10150_ (net)
                  0.40    0.00    4.78 ^ _43733_/A (sky130_fd_sc_hd__buf_1)
                  0.38    0.37    5.15 ^ _43733_/X (sky130_fd_sc_hd__buf_1)
    10    0.03                           _10151_ (net)
                  0.38    0.00    5.15 ^ _43734_/A (sky130_fd_sc_hd__buf_1)
                  0.40    0.39    5.55 ^ _43734_/X (sky130_fd_sc_hd__buf_1)
    10    0.03                           _10152_ (net)
                  0.40    0.00    5.55 ^ _43735_/A (sky130_fd_sc_hd__buf_1)
                  0.40    0.39    5.94 ^ _43735_/X (sky130_fd_sc_hd__buf_1)
    10    0.03                           _10153_ (net)
                  0.40    0.00    5.95 ^ _43736_/A (sky130_fd_sc_hd__buf_1)
                  0.38    0.37    6.32 ^ _43736_/X (sky130_fd_sc_hd__buf_1)
    10    0.03                           _10154_ (net)
                  0.38    0.00    6.32 ^ _43737_/A (sky130_fd_sc_hd__buf_1)
                  0.39    0.38    6.71 ^ _43737_/X (sky130_fd_sc_hd__buf_1)
    10    0.03                           _10155_ (net)
                  0.39    0.00    6.71 ^ _43738_/A (sky130_fd_sc_hd__buf_1)
                  0.40    0.39    7.10 ^ _43738_/X (sky130_fd_sc_hd__buf_1)
    10    0.03                           _10156_ (net)
                  0.40    0.00    7.10 ^ _43739_/A (sky130_fd_sc_hd__buf_1)
                  0.40    0.39    7.50 ^ _43739_/X (sky130_fd_sc_hd__buf_1)
    10    0.03                           _10157_ (net)
                  0.40    0.00    7.50 ^ _43740_/A (sky130_fd_sc_hd__buf_1)
                  0.40    0.39    7.89 ^ _43740_/X (sky130_fd_sc_hd__buf_1)
    10    0.03                           _10158_ (net)
                  0.40    0.00    7.90 ^ _68594_/S (sky130_fd_sc_hd__mux2_2)
                  0.05    0.39    8.29 v _68594_/X (sky130_fd_sc_hd__mux2_2)
     1    0.00                           _29657_ (net)
                  0.05    0.00    8.29 v _68597_/A2 (sky130_fd_sc_hd__o211a_2)
                  0.04    0.23    8.52 v _68597_/X (sky130_fd_sc_hd__o211a_2)
     1    0.00                           _29660_ (net)
                  0.04    0.00    8.52 v _68602_/B1 (sky130_fd_sc_hd__o221a_2)
                  0.05    0.23    8.75 v _68602_/X (sky130_fd_sc_hd__o221a_2)
     1    0.00                           _29665_ (net)
                  0.05    0.00    8.76 v _68654_/A1 (sky130_fd_sc_hd__o21a_2)
                  0.07    0.25    9.00 v _68654_/X (sky130_fd_sc_hd__o21a_2)
     5    0.02                           _29717_ (net)
                  0.07    0.00    9.01 v _76376_/A1 (sky130_fd_sc_hd__a22o_2)
                  0.09    0.30    9.31 v _76376_/X (sky130_fd_sc_hd__a22o_2)
     6    0.02                           _35872_ (net)
                  0.09    0.00    9.31 v _76377_/B (sky130_fd_sc_hd__or2_2)
                  0.07    0.31    9.62 v _76377_/X (sky130_fd_sc_hd__or2_2)
     2    0.01                           _35873_ (net)
                  0.07    0.01    9.62 v _76379_/A (sky130_fd_sc_hd__nand2_2)
                  0.05    0.07    9.69 ^ _76379_/Y (sky130_fd_sc_hd__nand2_2)
     2    0.01                           _35875_ (net)
                  0.05    0.00    9.69 ^ _76380_/D_N (sky130_fd_sc_hd__or4b_2)
                  0.11    0.60   10.29 v _76380_/X (sky130_fd_sc_hd__or4b_2)
     2    0.00                           _35876_ (net)
                  0.11    0.00   10.29 v _76402_/C (sky130_fd_sc_hd__or4_2)
                  0.12    0.65   10.94 v _76402_/X (sky130_fd_sc_hd__or4_2)
     2    0.01                           _35898_ (net)
                  0.12    0.00   10.95 v _76656_/A_N (sky130_fd_sc_hd__and4b_2)
                  0.06    0.31   11.25 ^ _76656_/X (sky130_fd_sc_hd__and4b_2)
     1    0.00                           _36152_ (net)
                  0.06    0.01   11.26 ^ _76713_/A1 (sky130_fd_sc_hd__o32a_2)
                  0.03    0.16   11.42 ^ _76713_/X (sky130_fd_sc_hd__o32a_2)
     1    0.00                           _36209_ (net)
                  0.03    0.00   11.42 ^ _76714_/A (sky130_fd_sc_hd__or3_2)
                  0.03    0.10   11.52 ^ _76714_/X (sky130_fd_sc_hd__or3_2)
     1    0.00                           _36210_ (net)
                  0.03    0.00   11.52 ^ _76715_/C_N (sky130_fd_sc_hd__or3b_2)
                  0.07    0.43   11.95 v _76715_/X (sky130_fd_sc_hd__or3b_2)
     1    0.00                           _36211_ (net)
                  0.07    0.00   11.95 v _76719_/B (sky130_fd_sc_hd__and3_2)
                  0.04    0.20   12.15 v _76719_/X (sky130_fd_sc_hd__and3_2)
     1    0.00                           _36215_ (net)
                  0.04    0.00   12.16 v _76720_/A (sky130_fd_sc_hd__buf_1)
                  0.03    0.08   12.24 v _76720_/X (sky130_fd_sc_hd__buf_1)
     1    0.00                           _06769_ (net)
                  0.03    0.00   12.25 v _91932_/D (sky130_fd_sc_hd__dfxtp_2)
                                 12.25   data arrival time

                  0.15   12.50   12.50   clock clk (rise edge)
                          0.00   12.50   clock network delay (ideal)
                         -0.25   12.25   clock uncertainty
                          0.00   12.25   clock reconvergence pessimism
                                 12.25 ^ _91932_/CLK (sky130_fd_sc_hd__dfxtp_2)
                         -0.07   12.18   library setup time
                                 12.18   data required time
-----------------------------------------------------------------------------
                                 12.18   data required time
                                -12.25   data arrival time
-----------------------------------------------------------------------------
                                 -0.07   slack (VIOLATED)


Startpoint: _91746_ (rising edge-triggered flip-flop clocked by clk)
Endpoint: _91991_ (rising edge-triggered flip-flop clocked by clk)
Path Group: clk
Path Type: max

Fanout     Cap    Slew   Delay    Time   Description
-----------------------------------------------------------------------------
                  0.15    0.00    0.00   clock clk (rise edge)
                          0.00    0.00   clock network delay (ideal)
                  0.15    0.00    0.00 ^ _91746_/CLK (sky130_fd_sc_hd__dfxtp_2)
                  0.21    0.50    0.50 ^ _91746_/Q (sky130_fd_sc_hd__dfxtp_2)
     8    0.04                           _00026_ (net)
                  0.21    0.00    0.50 ^ _43362_/A (sky130_fd_sc_hd__buf_1)
                  0.64    0.55    1.05 ^ _43362_/X (sky130_fd_sc_hd__buf_1)
    10    0.06                           _09780_ (net)
                  0.64    0.00    1.05 ^ _43363_/A (sky130_fd_sc_hd__buf_1)
                  0.64    0.58    1.63 ^ _43363_/X (sky130_fd_sc_hd__buf_1)
    10    0.06                           _09781_ (net)
                  0.64    0.00    1.64 ^ _43364_/A (sky130_fd_sc_hd__buf_1)
                  0.60    0.55    2.19 ^ _43364_/X (sky130_fd_sc_hd__buf_1)
    10    0.05                           _09782_ (net)
                  0.60    0.00    2.19 ^ _43365_/A (sky130_fd_sc_hd__buf_1)
                  0.56    0.52    2.71 ^ _43365_/X (sky130_fd_sc_hd__buf_1)
    10    0.05                           _09783_ (net)
                  0.56    0.00    2.71 ^ _43366_/A (sky130_fd_sc_hd__buf_1)
                  0.64    0.58    3.29 ^ _43366_/X (sky130_fd_sc_hd__buf_1)
    10    0.06                           _09784_ (net)
                  0.64    0.00    3.29 ^ _43367_/A (sky130_fd_sc_hd__buf_1)
                  0.64    0.58    3.87 ^ _43367_/X (sky130_fd_sc_hd__buf_1)
    10    0.06                           _09785_ (net)
                  0.64    0.00    3.88 ^ _43368_/A (sky130_fd_sc_hd__buf_1)
                  0.64    0.58    4.46 ^ _43368_/X (sky130_fd_sc_hd__buf_1)
    10    0.06                           _09786_ (net)
                  0.64    0.00    4.46 ^ _43369_/A (sky130_fd_sc_hd__buf_1)
                  0.64    0.58    5.04 ^ _43369_/X (sky130_fd_sc_hd__buf_1)
    10    0.06                           _09787_ (net)
                  0.64    0.00    5.04 ^ _43370_/A (sky130_fd_sc_hd__buf_1)
                  0.64    0.58    5.62 ^ _43370_/X (sky130_fd_sc_hd__buf_1)
    10    0.06                           _09788_ (net)
                  0.64    0.00    5.63 ^ _43371_/A (sky130_fd_sc_hd__buf_1)
                  0.64    0.58    6.21 ^ _43371_/X (sky130_fd_sc_hd__buf_1)
    10    0.06                           _09789_ (net)
                  0.64    0.01    6.21 ^ _73537_/S0 (sky130_fd_sc_hd__mux4_2)
                  0.13    0.66    6.87 v _73537_/X (sky130_fd_sc_hd__mux4_2)
     6    0.02                           _33033_ (net)
                  0.13    0.00    6.88 v _77537_/B1 (sky130_fd_sc_hd__a31o_2)
                  0.08    0.28    7.16 v _77537_/X (sky130_fd_sc_hd__a31o_2)
     3    0.02                           _37013_ (net)
                  0.08    0.01    7.17 v _77538_/B (sky130_fd_sc_hd__xor2_2)
                  0.07    0.16    7.32 v _77538_/X (sky130_fd_sc_hd__xor2_2)
     2    0.01                           _37014_ (net)
                  0.07    0.00    7.33 v _77539_/B (sky130_fd_sc_hd__and2_2)
                  0.05    0.21    7.54 v _77539_/X (sky130_fd_sc_hd__and2_2)
     3    0.01                           _37015_ (net)
                  0.05    0.00    7.54 v _77541_/A (sky130_fd_sc_hd__or2_2)
                  0.09    0.35    7.89 v _77541_/X (sky130_fd_sc_hd__or2_2)
     3    0.02                           _37017_ (net)
                  0.09    0.00    7.89 v _77634_/A (sky130_fd_sc_hd__or4bb_2)
                  0.11    0.67    8.56 v _77634_/X (sky130_fd_sc_hd__or4bb_2)
     2    0.01                           _37106_ (net)
                  0.11    0.00    8.56 v _77635_/D (sky130_fd_sc_hd__or4_2)
                  0.12    0.58    9.14 v _77635_/X (sky130_fd_sc_hd__or4_2)
     2    0.01                           _37107_ (net)
                  0.12    0.00    9.15 v _77880_/A2 (sky130_fd_sc_hd__o31a_2)
                  0.09    0.39    9.54 v _77880_/X (sky130_fd_sc_hd__o31a_2)
     6    0.02                           _37344_ (net)
                  0.09    0.00    9.54 v _78295_/A (sky130_fd_sc_hd__or4_2)
                  0.13    0.73   10.27 v _78295_/X (sky130_fd_sc_hd__or4_2)
     3    0.01                           _37743_ (net)
                  0.13    0.00   10.27 v _78416_/A1 (sky130_fd_sc_hd__a21o_2)
                  0.06    0.24   10.51 v _78416_/X (sky130_fd_sc_hd__a21o_2)
     3    0.01                           _37860_ (net)
                  0.06    0.00   10.52 v _78525_/A1 (sky130_fd_sc_hd__o21ba_2)
                  0.06    0.24   10.76 v _78525_/X (sky130_fd_sc_hd__o21ba_2)
     3    0.01                           _37965_ (net)
                  0.06    0.00   10.76 v _78549_/A_N (sky130_fd_sc_hd__and2b_2)
                  0.05    0.23   10.99 ^ _78549_/X (sky130_fd_sc_hd__and2b_2)
     2    0.01                           _37988_ (net)
                  0.06    0.01   11.00 ^ _78587_/A2 (sky130_fd_sc_hd__o311ai_2)
                  0.11    0.12   11.12 v _78587_/Y (sky130_fd_sc_hd__o311ai_2)
     2    0.00                           _38025_ (net)
                  0.11    0.00   11.12 v _78597_/B (sky130_fd_sc_hd__and2b_2)
                  0.06    0.24   11.36 v _78597_/X (sky130_fd_sc_hd__and2b_2)
     1    0.01                           _38034_ (net)
                  0.06    0.02   11.37 v _78598_/B (sky130_fd_sc_hd__xnor2_2)
                  0.06    0.13   11.50 v _78598_/Y (sky130_fd_sc_hd__xnor2_2)
     1    0.00                           _38035_ (net)
                  0.06    0.00   11.51 v _78599_/A2 (sky130_fd_sc_hd__a21o_2)
                  0.03    0.20   11.71 v _78599_/X (sky130_fd_sc_hd__a21o_2)
     1    0.00                           _38036_ (net)
                  0.03    0.00   11.71 v _78614_/B (sky130_fd_sc_hd__and3_2)
                  0.04    0.18   11.90 v _78614_/X (sky130_fd_sc_hd__and3_2)
     1    0.00                           _38051_ (net)
                  0.04    0.00   11.90 v _78615_/A (sky130_fd_sc_hd__buf_1)
                  0.03    0.08   11.99 v _78615_/X (sky130_fd_sc_hd__buf_1)
     1    0.00                           _06828_ (net)
                  0.03    0.00   11.99 v _91991_/D (sky130_fd_sc_hd__dfxtp_2)
                                 11.99   data arrival time

                  0.15   12.50   12.50   clock clk (rise edge)
                          0.00   12.50   clock network delay (ideal)
                         -0.25   12.25   clock uncertainty
                          0.00   12.25   clock reconvergence pessimism
                                 12.25 ^ _91991_/CLK (sky130_fd_sc_hd__dfxtp_2)
                         -0.07   12.18   library setup time
                                 12.18   data required time
-----------------------------------------------------------------------------
                                 12.18   data required time
                                -11.99   data arrival time
-----------------------------------------------------------------------------
                                  0.19   slack (MET)


