
===========================================================================
report_checks -path_delay min (Hold)
============================================================================
Startpoint: m3_wbd_dat_i[19] (input port clocked by clk)
Endpoint: _88852_ (rising edge-triggered flip-flop clocked by clk)
Path Group: clk
Path Type: min

Fanout     Cap    Slew   Delay    Time   Description
-----------------------------------------------------------------------------
                          0.00    0.00   clock clk (rise edge)
                          0.00    0.00   clock network delay (propagated)
                          2.50    2.50 ^ input external delay
                  0.06    0.04    2.54 ^ m3_wbd_dat_i[19] (in)
     1    0.01                           m3_wbd_dat_i[19] (net)
                  0.06    0.00    2.54 ^ input45/A (sky130_fd_sc_hd__buf_12)
                  0.23    0.21    2.74 ^ input45/X (sky130_fd_sc_hd__buf_12)
     1    0.21                           net45 (net)
                  0.24    0.04    2.78 ^ _43963_/A2 (sky130_fd_sc_hd__a22o_2)
                  0.17    0.29    3.07 ^ _43963_/X (sky130_fd_sc_hd__a22o_2)
     9    0.03                           _12549_ (net)
                  0.17    0.00    3.07 ^ _79187_/A1 (sky130_fd_sc_hd__a21o_1)
                  0.03    0.13    3.20 ^ _79187_/X (sky130_fd_sc_hd__a21o_1)
     1    0.00                           _08619_ (net)
                  0.03    0.00    3.20 ^ _88852_/D (sky130_fd_sc_hd__dfxtp_1)
                                  3.20   data arrival time

                          0.00    0.00   clock clk (rise edge)
                          0.00    0.00   clock source latency
                  0.44    0.32    0.32 ^ clk (in)
     1    0.10                           clk (net)
                  0.44    0.00    0.32 ^ clkbuf_0_clk/A (sky130_fd_sc_hd__clkbuf_16)
                  0.06    0.24    0.56 ^ clkbuf_0_clk/X (sky130_fd_sc_hd__clkbuf_16)
     2    0.02                           clknet_0_clk (net)
                  0.06    0.00    0.56 ^ clkbuf_1_0_0_clk/A (sky130_fd_sc_hd__clkbuf_8)
                  0.04    0.13    0.69 ^ clkbuf_1_0_0_clk/X (sky130_fd_sc_hd__clkbuf_8)
     1    0.01                           clknet_1_0_0_clk (net)
                  0.04    0.00    0.69 ^ clkbuf_1_0_1_clk/A (sky130_fd_sc_hd__clkbuf_8)
                  0.04    0.13    0.82 ^ clkbuf_1_0_1_clk/X (sky130_fd_sc_hd__clkbuf_8)
     1    0.01                           clknet_1_0_1_clk (net)
                  0.04    0.00    0.82 ^ clkbuf_1_0_2_clk/A (sky130_fd_sc_hd__clkbuf_8)
                  0.04    0.12    0.94 ^ clkbuf_1_0_2_clk/X (sky130_fd_sc_hd__clkbuf_8)
     1    0.01                           clknet_1_0_2_clk (net)
                  0.04    0.00    0.94 ^ clkbuf_1_0_3_clk/A (sky130_fd_sc_hd__clkbuf_8)
                  0.06    0.14    1.09 ^ clkbuf_1_0_3_clk/X (sky130_fd_sc_hd__clkbuf_8)
     2    0.02                           clknet_1_0_3_clk (net)
                  0.06    0.00    1.09 ^ clkbuf_2_0_0_clk/A (sky130_fd_sc_hd__clkbuf_8)
                  0.04    0.13    1.22 ^ clkbuf_2_0_0_clk/X (sky130_fd_sc_hd__clkbuf_8)
     1    0.01                           clknet_2_0_0_clk (net)
                  0.04    0.00    1.22 ^ clkbuf_2_0_1_clk/A (sky130_fd_sc_hd__clkbuf_8)
                  0.04    0.13    1.34 ^ clkbuf_2_0_1_clk/X (sky130_fd_sc_hd__clkbuf_8)
     1    0.01                           clknet_2_0_1_clk (net)
                  0.04    0.00    1.34 ^ clkbuf_2_0_2_clk/A (sky130_fd_sc_hd__clkbuf_8)
                  0.03    0.12    1.46 ^ clkbuf_2_0_2_clk/X (sky130_fd_sc_hd__clkbuf_8)
     1    0.01                           clknet_2_0_2_clk (net)
                  0.03    0.00    1.46 ^ clkbuf_2_0_3_clk/A (sky130_fd_sc_hd__clkbuf_8)
                  0.07    0.15    1.61 ^ clkbuf_2_0_3_clk/X (sky130_fd_sc_hd__clkbuf_8)
     2    0.03                           clknet_2_0_3_clk (net)
                  0.07    0.00    1.62 ^ clkbuf_3_1_0_clk/A (sky130_fd_sc_hd__clkbuf_8)
                  0.04    0.14    1.75 ^ clkbuf_3_1_0_clk/X (sky130_fd_sc_hd__clkbuf_8)
     1    0.01                           clknet_3_1_0_clk (net)
                  0.04    0.00    1.75 ^ clkbuf_3_1_1_clk/A (sky130_fd_sc_hd__clkbuf_8)
                  0.06    0.14    1.90 ^ clkbuf_3_1_1_clk/X (sky130_fd_sc_hd__clkbuf_8)
     2    0.02                           clknet_3_1_1_clk (net)
                  0.06    0.00    1.90 ^ clkbuf_4_2_0_clk/A (sky130_fd_sc_hd__clkbuf_8)
                  0.04    0.13    2.02 ^ clkbuf_4_2_0_clk/X (sky130_fd_sc_hd__clkbuf_8)
     1    0.01                           clknet_4_2_0_clk (net)
                  0.04    0.00    2.02 ^ clkbuf_4_2_1_clk/A (sky130_fd_sc_hd__clkbuf_8)
                  0.06    0.14    2.17 ^ clkbuf_4_2_1_clk/X (sky130_fd_sc_hd__clkbuf_8)
     2    0.03                           clknet_4_2_1_clk (net)
                  0.06    0.00    2.17 ^ clkbuf_5_4_0_clk/A (sky130_fd_sc_hd__clkbuf_8)
                  0.05    0.15    2.32 ^ clkbuf_5_4_0_clk/X (sky130_fd_sc_hd__clkbuf_8)
     2    0.02                           clknet_5_4_0_clk (net)
                  0.05    0.00    2.32 ^ clkbuf_6_8_0_clk/A (sky130_fd_sc_hd__clkbuf_8)
                  0.05    0.14    2.46 ^ clkbuf_6_8_0_clk/X (sky130_fd_sc_hd__clkbuf_8)
     2    0.02                           clknet_6_8_0_clk (net)
                  0.05    0.00    2.46 ^ clkbuf_7_17_0_clk/A (sky130_fd_sc_hd__clkbuf_8)
                  0.19    0.25    2.70 ^ clkbuf_7_17_0_clk/X (sky130_fd_sc_hd__clkbuf_8)
    10    0.11                           clknet_7_17_0_clk (net)
                  0.19    0.01    2.71 ^ clkbuf_leaf_1279_clk/A (sky130_fd_sc_hd__clkbuf_16)
                  0.05    0.19    2.90 ^ clkbuf_leaf_1279_clk/X (sky130_fd_sc_hd__clkbuf_16)
    10    0.03                           clknet_leaf_1279_clk (net)
                  0.05    0.00    2.90 ^ _88852_/CLK (sky130_fd_sc_hd__dfxtp_1)
                          0.25    3.15   clock uncertainty
                          0.00    3.15   clock reconvergence pessimism
                         -0.03    3.12   library hold time
                                  3.12   data required time
-----------------------------------------------------------------------------
                                  3.12   data required time
                                 -3.20   data arrival time
-----------------------------------------------------------------------------
                                  0.08   slack (MET)


Startpoint: m3_wbd_dat_i[19] (input port clocked by clk)
Endpoint: _88601_ (rising edge-triggered flip-flop clocked by clk)
Path Group: clk
Path Type: min

Fanout     Cap    Slew   Delay    Time   Description
-----------------------------------------------------------------------------
                          0.00    0.00   clock clk (rise edge)
                          0.00    0.00   clock network delay (propagated)
                          2.50    2.50 ^ input external delay
                  0.06    0.04    2.54 ^ m3_wbd_dat_i[19] (in)
     1    0.01                           m3_wbd_dat_i[19] (net)
                  0.06    0.00    2.54 ^ input45/A (sky130_fd_sc_hd__buf_12)
                  0.23    0.21    2.74 ^ input45/X (sky130_fd_sc_hd__buf_12)
     1    0.21                           net45 (net)
                  0.24    0.04    2.78 ^ _43963_/A2 (sky130_fd_sc_hd__a22o_2)
                  0.17    0.29    3.07 ^ _43963_/X (sky130_fd_sc_hd__a22o_2)
     9    0.03                           _12549_ (net)
                  0.17    0.00    3.07 ^ _78711_/A1 (sky130_fd_sc_hd__a21o_1)
                  0.03    0.13    3.20 ^ _78711_/X (sky130_fd_sc_hd__a21o_1)
     1    0.00                           _08369_ (net)
                  0.03    0.00    3.20 ^ _88601_/D (sky130_fd_sc_hd__dfxtp_1)
                                  3.20   data arrival time

                          0.00    0.00   clock clk (rise edge)
                          0.00    0.00   clock source latency
                  0.44    0.32    0.32 ^ clk (in)
     1    0.10                           clk (net)
                  0.44    0.00    0.32 ^ clkbuf_0_clk/A (sky130_fd_sc_hd__clkbuf_16)
                  0.06    0.24    0.56 ^ clkbuf_0_clk/X (sky130_fd_sc_hd__clkbuf_16)
     2    0.02                           clknet_0_clk (net)
                  0.06    0.00    0.56 ^ clkbuf_1_0_0_clk/A (sky130_fd_sc_hd__clkbuf_8)
                  0.04    0.13    0.69 ^ clkbuf_1_0_0_clk/X (sky130_fd_sc_hd__clkbuf_8)
     1    0.01                           clknet_1_0_0_clk (net)
                  0.04    0.00    0.69 ^ clkbuf_1_0_1_clk/A (sky130_fd_sc_hd__clkbuf_8)
                  0.04    0.13    0.82 ^ clkbuf_1_0_1_clk/X (sky130_fd_sc_hd__clkbuf_8)
     1    0.01                           clknet_1_0_1_clk (net)
                  0.04    0.00    0.82 ^ clkbuf_1_0_2_clk/A (sky130_fd_sc_hd__clkbuf_8)
                  0.04    0.12    0.94 ^ clkbuf_1_0_2_clk/X (sky130_fd_sc_hd__clkbuf_8)
     1    0.01                           clknet_1_0_2_clk (net)
                  0.04    0.00    0.94 ^ clkbuf_1_0_3_clk/A (sky130_fd_sc_hd__clkbuf_8)
                  0.06    0.14    1.09 ^ clkbuf_1_0_3_clk/X (sky130_fd_sc_hd__clkbuf_8)
     2    0.02                           clknet_1_0_3_clk (net)
                  0.06    0.00    1.09 ^ clkbuf_2_0_0_clk/A (sky130_fd_sc_hd__clkbuf_8)
                  0.04    0.13    1.22 ^ clkbuf_2_0_0_clk/X (sky130_fd_sc_hd__clkbuf_8)
     1    0.01                           clknet_2_0_0_clk (net)
                  0.04    0.00    1.22 ^ clkbuf_2_0_1_clk/A (sky130_fd_sc_hd__clkbuf_8)
                  0.04    0.13    1.34 ^ clkbuf_2_0_1_clk/X (sky130_fd_sc_hd__clkbuf_8)
     1    0.01                           clknet_2_0_1_clk (net)
                  0.04    0.00    1.34 ^ clkbuf_2_0_2_clk/A (sky130_fd_sc_hd__clkbuf_8)
                  0.03    0.12    1.46 ^ clkbuf_2_0_2_clk/X (sky130_fd_sc_hd__clkbuf_8)
     1    0.01                           clknet_2_0_2_clk (net)
                  0.03    0.00    1.46 ^ clkbuf_2_0_3_clk/A (sky130_fd_sc_hd__clkbuf_8)
                  0.07    0.15    1.61 ^ clkbuf_2_0_3_clk/X (sky130_fd_sc_hd__clkbuf_8)
     2    0.03                           clknet_2_0_3_clk (net)
                  0.07    0.00    1.62 ^ clkbuf_3_1_0_clk/A (sky130_fd_sc_hd__clkbuf_8)
                  0.04    0.14    1.75 ^ clkbuf_3_1_0_clk/X (sky130_fd_sc_hd__clkbuf_8)
     1    0.01                           clknet_3_1_0_clk (net)
                  0.04    0.00    1.75 ^ clkbuf_3_1_1_clk/A (sky130_fd_sc_hd__clkbuf_8)
                  0.06    0.14    1.90 ^ clkbuf_3_1_1_clk/X (sky130_fd_sc_hd__clkbuf_8)
     2    0.02                           clknet_3_1_1_clk (net)
                  0.06    0.00    1.90 ^ clkbuf_4_2_0_clk/A (sky130_fd_sc_hd__clkbuf_8)
                  0.04    0.13    2.02 ^ clkbuf_4_2_0_clk/X (sky130_fd_sc_hd__clkbuf_8)
     1    0.01                           clknet_4_2_0_clk (net)
                  0.04    0.00    2.02 ^ clkbuf_4_2_1_clk/A (sky130_fd_sc_hd__clkbuf_8)
                  0.06    0.14    2.17 ^ clkbuf_4_2_1_clk/X (sky130_fd_sc_hd__clkbuf_8)
     2    0.03                           clknet_4_2_1_clk (net)
                  0.06    0.00    2.17 ^ clkbuf_5_4_0_clk/A (sky130_fd_sc_hd__clkbuf_8)
                  0.05    0.15    2.32 ^ clkbuf_5_4_0_clk/X (sky130_fd_sc_hd__clkbuf_8)
     2    0.02                           clknet_5_4_0_clk (net)
                  0.05    0.00    2.32 ^ clkbuf_6_8_0_clk/A (sky130_fd_sc_hd__clkbuf_8)
                  0.05    0.14    2.46 ^ clkbuf_6_8_0_clk/X (sky130_fd_sc_hd__clkbuf_8)
     2    0.02                           clknet_6_8_0_clk (net)
                  0.05    0.00    2.46 ^ clkbuf_7_17_0_clk/A (sky130_fd_sc_hd__clkbuf_8)
                  0.19    0.25    2.70 ^ clkbuf_7_17_0_clk/X (sky130_fd_sc_hd__clkbuf_8)
    10    0.11                           clknet_7_17_0_clk (net)
                  0.19    0.01    2.71 ^ clkbuf_leaf_1279_clk/A (sky130_fd_sc_hd__clkbuf_16)
                  0.05    0.19    2.90 ^ clkbuf_leaf_1279_clk/X (sky130_fd_sc_hd__clkbuf_16)
    10    0.03                           clknet_leaf_1279_clk (net)
                  0.05    0.00    2.90 ^ _88601_/CLK (sky130_fd_sc_hd__dfxtp_1)
                          0.25    3.15   clock uncertainty
                          0.00    3.15   clock reconvergence pessimism
                         -0.03    3.12   library hold time
                                  3.12   data required time
-----------------------------------------------------------------------------
                                  3.12   data required time
                                 -3.20   data arrival time
-----------------------------------------------------------------------------
                                  0.08   slack (MET)


Startpoint: m3_wbd_dat_i[19] (input port clocked by clk)
Endpoint: _86438_ (rising edge-triggered flip-flop clocked by clk)
Path Group: clk
Path Type: min

Fanout     Cap    Slew   Delay    Time   Description
-----------------------------------------------------------------------------
                          0.00    0.00   clock clk (rise edge)
                          0.00    0.00   clock network delay (propagated)
                          2.50    2.50 ^ input external delay
                  0.06    0.04    2.54 ^ m3_wbd_dat_i[19] (in)
     1    0.01                           m3_wbd_dat_i[19] (net)
                  0.06    0.00    2.54 ^ input45/A (sky130_fd_sc_hd__buf_12)
                  0.23    0.21    2.74 ^ input45/X (sky130_fd_sc_hd__buf_12)
     1    0.21                           net45 (net)
                  0.24    0.04    2.78 ^ _43963_/A2 (sky130_fd_sc_hd__a22o_2)
                  0.17    0.29    3.07 ^ _43963_/X (sky130_fd_sc_hd__a22o_2)
     9    0.03                           _12549_ (net)
                  0.17    0.00    3.07 ^ _67811_/A1 (sky130_fd_sc_hd__a21o_1)
                  0.03    0.13    3.20 ^ _67811_/X (sky130_fd_sc_hd__a21o_1)
     1    0.00                           _06471_ (net)
                  0.03    0.00    3.20 ^ _86438_/D (sky130_fd_sc_hd__dfxtp_1)
                                  3.20   data arrival time

                          0.00    0.00   clock clk (rise edge)
                          0.00    0.00   clock source latency
                  0.44    0.32    0.32 ^ clk (in)
     1    0.10                           clk (net)
                  0.44    0.00    0.32 ^ clkbuf_0_clk/A (sky130_fd_sc_hd__clkbuf_16)
                  0.06    0.24    0.56 ^ clkbuf_0_clk/X (sky130_fd_sc_hd__clkbuf_16)
     2    0.02                           clknet_0_clk (net)
                  0.06    0.00    0.56 ^ clkbuf_1_0_0_clk/A (sky130_fd_sc_hd__clkbuf_8)
                  0.04    0.13    0.69 ^ clkbuf_1_0_0_clk/X (sky130_fd_sc_hd__clkbuf_8)
     1    0.01                           clknet_1_0_0_clk (net)
                  0.04    0.00    0.69 ^ clkbuf_1_0_1_clk/A (sky130_fd_sc_hd__clkbuf_8)
                  0.04    0.13    0.82 ^ clkbuf_1_0_1_clk/X (sky130_fd_sc_hd__clkbuf_8)
     1    0.01                           clknet_1_0_1_clk (net)
                  0.04    0.00    0.82 ^ clkbuf_1_0_2_clk/A (sky130_fd_sc_hd__clkbuf_8)
                  0.04    0.12    0.94 ^ clkbuf_1_0_2_clk/X (sky130_fd_sc_hd__clkbuf_8)
     1    0.01                           clknet_1_0_2_clk (net)
                  0.04    0.00    0.94 ^ clkbuf_1_0_3_clk/A (sky130_fd_sc_hd__clkbuf_8)
                  0.06    0.14    1.09 ^ clkbuf_1_0_3_clk/X (sky130_fd_sc_hd__clkbuf_8)
     2    0.02                           clknet_1_0_3_clk (net)
                  0.06    0.00    1.09 ^ clkbuf_2_0_0_clk/A (sky130_fd_sc_hd__clkbuf_8)
                  0.04    0.13    1.22 ^ clkbuf_2_0_0_clk/X (sky130_fd_sc_hd__clkbuf_8)
     1    0.01                           clknet_2_0_0_clk (net)
                  0.04    0.00    1.22 ^ clkbuf_2_0_1_clk/A (sky130_fd_sc_hd__clkbuf_8)
                  0.04    0.13    1.34 ^ clkbuf_2_0_1_clk/X (sky130_fd_sc_hd__clkbuf_8)
     1    0.01                           clknet_2_0_1_clk (net)
                  0.04    0.00    1.34 ^ clkbuf_2_0_2_clk/A (sky130_fd_sc_hd__clkbuf_8)
                  0.03    0.12    1.46 ^ clkbuf_2_0_2_clk/X (sky130_fd_sc_hd__clkbuf_8)
     1    0.01                           clknet_2_0_2_clk (net)
                  0.03    0.00    1.46 ^ clkbuf_2_0_3_clk/A (sky130_fd_sc_hd__clkbuf_8)
                  0.07    0.15    1.61 ^ clkbuf_2_0_3_clk/X (sky130_fd_sc_hd__clkbuf_8)
     2    0.03                           clknet_2_0_3_clk (net)
                  0.07    0.00    1.62 ^ clkbuf_3_1_0_clk/A (sky130_fd_sc_hd__clkbuf_8)
                  0.04    0.14    1.75 ^ clkbuf_3_1_0_clk/X (sky130_fd_sc_hd__clkbuf_8)
     1    0.01                           clknet_3_1_0_clk (net)
                  0.04    0.00    1.75 ^ clkbuf_3_1_1_clk/A (sky130_fd_sc_hd__clkbuf_8)
                  0.06    0.14    1.90 ^ clkbuf_3_1_1_clk/X (sky130_fd_sc_hd__clkbuf_8)
     2    0.02                           clknet_3_1_1_clk (net)
                  0.06    0.00    1.90 ^ clkbuf_4_2_0_clk/A (sky130_fd_sc_hd__clkbuf_8)
                  0.04    0.13    2.02 ^ clkbuf_4_2_0_clk/X (sky130_fd_sc_hd__clkbuf_8)
     1    0.01                           clknet_4_2_0_clk (net)
                  0.04    0.00    2.02 ^ clkbuf_4_2_1_clk/A (sky130_fd_sc_hd__clkbuf_8)
                  0.06    0.14    2.17 ^ clkbuf_4_2_1_clk/X (sky130_fd_sc_hd__clkbuf_8)
     2    0.03                           clknet_4_2_1_clk (net)
                  0.06    0.00    2.17 ^ clkbuf_5_4_0_clk/A (sky130_fd_sc_hd__clkbuf_8)
                  0.05    0.15    2.32 ^ clkbuf_5_4_0_clk/X (sky130_fd_sc_hd__clkbuf_8)
     2    0.02                           clknet_5_4_0_clk (net)
                  0.05    0.00    2.32 ^ clkbuf_6_8_0_clk/A (sky130_fd_sc_hd__clkbuf_8)
                  0.05    0.14    2.46 ^ clkbuf_6_8_0_clk/X (sky130_fd_sc_hd__clkbuf_8)
     2    0.02                           clknet_6_8_0_clk (net)
                  0.05    0.00    2.46 ^ clkbuf_7_17_0_clk/A (sky130_fd_sc_hd__clkbuf_8)
                  0.19    0.25    2.70 ^ clkbuf_7_17_0_clk/X (sky130_fd_sc_hd__clkbuf_8)
    10    0.11                           clknet_7_17_0_clk (net)
                  0.19    0.01    2.71 ^ clkbuf_leaf_1279_clk/A (sky130_fd_sc_hd__clkbuf_16)
                  0.05    0.19    2.90 ^ clkbuf_leaf_1279_clk/X (sky130_fd_sc_hd__clkbuf_16)
    10    0.03                           clknet_leaf_1279_clk (net)
                  0.05    0.00    2.90 ^ _86438_/CLK (sky130_fd_sc_hd__dfxtp_1)
                          0.25    3.15   clock uncertainty
                          0.00    3.15   clock reconvergence pessimism
                         -0.03    3.12   library hold time
                                  3.12   data required time
-----------------------------------------------------------------------------
                                  3.12   data required time
                                 -3.20   data arrival time
-----------------------------------------------------------------------------
                                  0.08   slack (MET)


Startpoint: m3_wbd_dat_i[19] (input port clocked by clk)
Endpoint: _88760_ (rising edge-triggered flip-flop clocked by clk)
Path Group: clk
Path Type: min

Fanout     Cap    Slew   Delay    Time   Description
-----------------------------------------------------------------------------
                          0.00    0.00   clock clk (rise edge)
                          0.00    0.00   clock network delay (propagated)
                          2.50    2.50 ^ input external delay
                  0.06    0.04    2.54 ^ m3_wbd_dat_i[19] (in)
     1    0.01                           m3_wbd_dat_i[19] (net)
                  0.06    0.00    2.54 ^ input45/A (sky130_fd_sc_hd__buf_12)
                  0.23    0.21    2.74 ^ input45/X (sky130_fd_sc_hd__buf_12)
     1    0.21                           net45 (net)
                  0.24    0.04    2.78 ^ _43963_/A2 (sky130_fd_sc_hd__a22o_2)
                  0.17    0.29    3.07 ^ _43963_/X (sky130_fd_sc_hd__a22o_2)
     9    0.03                           _12549_ (net)
                  0.17    0.00    3.07 ^ _78987_/A1 (sky130_fd_sc_hd__a21o_1)
                  0.03    0.13    3.20 ^ _78987_/X (sky130_fd_sc_hd__a21o_1)
     1    0.00                           _08527_ (net)
                  0.03    0.00    3.20 ^ _88760_/D (sky130_fd_sc_hd__dfxtp_1)
                                  3.20   data arrival time

                          0.00    0.00   clock clk (rise edge)
                          0.00    0.00   clock source latency
                  0.44    0.32    0.32 ^ clk (in)
     1    0.10                           clk (net)
                  0.44    0.00    0.32 ^ clkbuf_0_clk/A (sky130_fd_sc_hd__clkbuf_16)
                  0.06    0.24    0.56 ^ clkbuf_0_clk/X (sky130_fd_sc_hd__clkbuf_16)
     2    0.02                           clknet_0_clk (net)
                  0.06    0.00    0.56 ^ clkbuf_1_0_0_clk/A (sky130_fd_sc_hd__clkbuf_8)
                  0.04    0.13    0.69 ^ clkbuf_1_0_0_clk/X (sky130_fd_sc_hd__clkbuf_8)
     1    0.01                           clknet_1_0_0_clk (net)
                  0.04    0.00    0.69 ^ clkbuf_1_0_1_clk/A (sky130_fd_sc_hd__clkbuf_8)
                  0.04    0.13    0.82 ^ clkbuf_1_0_1_clk/X (sky130_fd_sc_hd__clkbuf_8)
     1    0.01                           clknet_1_0_1_clk (net)
                  0.04    0.00    0.82 ^ clkbuf_1_0_2_clk/A (sky130_fd_sc_hd__clkbuf_8)
                  0.04    0.12    0.94 ^ clkbuf_1_0_2_clk/X (sky130_fd_sc_hd__clkbuf_8)
     1    0.01                           clknet_1_0_2_clk (net)
                  0.04    0.00    0.94 ^ clkbuf_1_0_3_clk/A (sky130_fd_sc_hd__clkbuf_8)
                  0.06    0.14    1.09 ^ clkbuf_1_0_3_clk/X (sky130_fd_sc_hd__clkbuf_8)
     2    0.02                           clknet_1_0_3_clk (net)
                  0.06    0.00    1.09 ^ clkbuf_2_0_0_clk/A (sky130_fd_sc_hd__clkbuf_8)
                  0.04    0.13    1.22 ^ clkbuf_2_0_0_clk/X (sky130_fd_sc_hd__clkbuf_8)
     1    0.01                           clknet_2_0_0_clk (net)
                  0.04    0.00    1.22 ^ clkbuf_2_0_1_clk/A (sky130_fd_sc_hd__clkbuf_8)
                  0.04    0.13    1.34 ^ clkbuf_2_0_1_clk/X (sky130_fd_sc_hd__clkbuf_8)
     1    0.01                           clknet_2_0_1_clk (net)
                  0.04    0.00    1.34 ^ clkbuf_2_0_2_clk/A (sky130_fd_sc_hd__clkbuf_8)
                  0.03    0.12    1.46 ^ clkbuf_2_0_2_clk/X (sky130_fd_sc_hd__clkbuf_8)
     1    0.01                           clknet_2_0_2_clk (net)
                  0.03    0.00    1.46 ^ clkbuf_2_0_3_clk/A (sky130_fd_sc_hd__clkbuf_8)
                  0.07    0.15    1.61 ^ clkbuf_2_0_3_clk/X (sky130_fd_sc_hd__clkbuf_8)
     2    0.03                           clknet_2_0_3_clk (net)
                  0.07    0.00    1.62 ^ clkbuf_3_1_0_clk/A (sky130_fd_sc_hd__clkbuf_8)
                  0.04    0.14    1.75 ^ clkbuf_3_1_0_clk/X (sky130_fd_sc_hd__clkbuf_8)
     1    0.01                           clknet_3_1_0_clk (net)
                  0.04    0.00    1.75 ^ clkbuf_3_1_1_clk/A (sky130_fd_sc_hd__clkbuf_8)
                  0.06    0.14    1.90 ^ clkbuf_3_1_1_clk/X (sky130_fd_sc_hd__clkbuf_8)
     2    0.02                           clknet_3_1_1_clk (net)
                  0.06    0.00    1.90 ^ clkbuf_4_2_0_clk/A (sky130_fd_sc_hd__clkbuf_8)
                  0.04    0.13    2.02 ^ clkbuf_4_2_0_clk/X (sky130_fd_sc_hd__clkbuf_8)
     1    0.01                           clknet_4_2_0_clk (net)
                  0.04    0.00    2.02 ^ clkbuf_4_2_1_clk/A (sky130_fd_sc_hd__clkbuf_8)
                  0.06    0.14    2.17 ^ clkbuf_4_2_1_clk/X (sky130_fd_sc_hd__clkbuf_8)
     2    0.03                           clknet_4_2_1_clk (net)
                  0.06    0.00    2.17 ^ clkbuf_5_4_0_clk/A (sky130_fd_sc_hd__clkbuf_8)
                  0.05    0.15    2.32 ^ clkbuf_5_4_0_clk/X (sky130_fd_sc_hd__clkbuf_8)
     2    0.02                           clknet_5_4_0_clk (net)
                  0.05    0.00    2.32 ^ clkbuf_6_8_0_clk/A (sky130_fd_sc_hd__clkbuf_8)
                  0.05    0.14    2.46 ^ clkbuf_6_8_0_clk/X (sky130_fd_sc_hd__clkbuf_8)
     2    0.02                           clknet_6_8_0_clk (net)
                  0.05    0.00    2.46 ^ clkbuf_7_17_0_clk/A (sky130_fd_sc_hd__clkbuf_8)
                  0.19    0.25    2.70 ^ clkbuf_7_17_0_clk/X (sky130_fd_sc_hd__clkbuf_8)
    10    0.11                           clknet_7_17_0_clk (net)
                  0.19    0.01    2.71 ^ clkbuf_leaf_1279_clk/A (sky130_fd_sc_hd__clkbuf_16)
                  0.05    0.19    2.90 ^ clkbuf_leaf_1279_clk/X (sky130_fd_sc_hd__clkbuf_16)
    10    0.03                           clknet_leaf_1279_clk (net)
                  0.05    0.00    2.90 ^ _88760_/CLK (sky130_fd_sc_hd__dfxtp_1)
                          0.25    3.15   clock uncertainty
                          0.00    3.15   clock reconvergence pessimism
                         -0.03    3.12   library hold time
                                  3.12   data required time
-----------------------------------------------------------------------------
                                  3.12   data required time
                                 -3.20   data arrival time
-----------------------------------------------------------------------------
                                  0.08   slack (MET)


Startpoint: m3_wbd_dat_i[17] (input port clocked by clk)
Endpoint: _88850_ (rising edge-triggered flip-flop clocked by clk)
Path Group: clk
Path Type: min

Fanout     Cap    Slew   Delay    Time   Description
-----------------------------------------------------------------------------
                          0.00    0.00   clock clk (rise edge)
                          0.00    0.00   clock network delay (propagated)
                          2.50    2.50 ^ input external delay
                  0.06    0.04    2.54 ^ m3_wbd_dat_i[17] (in)
     1    0.01                           m3_wbd_dat_i[17] (net)
                  0.06    0.00    2.54 ^ input43/A (sky130_fd_sc_hd__buf_12)
                  0.23    0.20    2.74 ^ input43/X (sky130_fd_sc_hd__buf_12)
     1    0.22                           net43 (net)
                  0.26    0.05    2.79 ^ _43959_/A2 (sky130_fd_sc_hd__a22o_2)
                  0.16    0.28    3.08 ^ _43959_/X (sky130_fd_sc_hd__a22o_2)
     9    0.03                           _12547_ (net)
                  0.16    0.00    3.08 ^ _79183_/A1 (sky130_fd_sc_hd__a21o_1)
                  0.03    0.13    3.20 ^ _79183_/X (sky130_fd_sc_hd__a21o_1)
     1    0.00                           _08617_ (net)
                  0.03    0.00    3.20 ^ _88850_/D (sky130_fd_sc_hd__dfxtp_1)
                                  3.20   data arrival time

                          0.00    0.00   clock clk (rise edge)
                          0.00    0.00   clock source latency
                  0.44    0.32    0.32 ^ clk (in)
     1    0.10                           clk (net)
                  0.44    0.00    0.32 ^ clkbuf_0_clk/A (sky130_fd_sc_hd__clkbuf_16)
                  0.06    0.24    0.56 ^ clkbuf_0_clk/X (sky130_fd_sc_hd__clkbuf_16)
     2    0.02                           clknet_0_clk (net)
                  0.06    0.00    0.56 ^ clkbuf_1_0_0_clk/A (sky130_fd_sc_hd__clkbuf_8)
                  0.04    0.13    0.69 ^ clkbuf_1_0_0_clk/X (sky130_fd_sc_hd__clkbuf_8)
     1    0.01                           clknet_1_0_0_clk (net)
                  0.04    0.00    0.69 ^ clkbuf_1_0_1_clk/A (sky130_fd_sc_hd__clkbuf_8)
                  0.04    0.13    0.82 ^ clkbuf_1_0_1_clk/X (sky130_fd_sc_hd__clkbuf_8)
     1    0.01                           clknet_1_0_1_clk (net)
                  0.04    0.00    0.82 ^ clkbuf_1_0_2_clk/A (sky130_fd_sc_hd__clkbuf_8)
                  0.04    0.12    0.94 ^ clkbuf_1_0_2_clk/X (sky130_fd_sc_hd__clkbuf_8)
     1    0.01                           clknet_1_0_2_clk (net)
                  0.04    0.00    0.94 ^ clkbuf_1_0_3_clk/A (sky130_fd_sc_hd__clkbuf_8)
                  0.06    0.14    1.09 ^ clkbuf_1_0_3_clk/X (sky130_fd_sc_hd__clkbuf_8)
     2    0.02                           clknet_1_0_3_clk (net)
                  0.06    0.00    1.09 ^ clkbuf_2_0_0_clk/A (sky130_fd_sc_hd__clkbuf_8)
                  0.04    0.13    1.22 ^ clkbuf_2_0_0_clk/X (sky130_fd_sc_hd__clkbuf_8)
     1    0.01                           clknet_2_0_0_clk (net)
                  0.04    0.00    1.22 ^ clkbuf_2_0_1_clk/A (sky130_fd_sc_hd__clkbuf_8)
                  0.04    0.13    1.34 ^ clkbuf_2_0_1_clk/X (sky130_fd_sc_hd__clkbuf_8)
     1    0.01                           clknet_2_0_1_clk (net)
                  0.04    0.00    1.34 ^ clkbuf_2_0_2_clk/A (sky130_fd_sc_hd__clkbuf_8)
                  0.03    0.12    1.46 ^ clkbuf_2_0_2_clk/X (sky130_fd_sc_hd__clkbuf_8)
     1    0.01                           clknet_2_0_2_clk (net)
                  0.03    0.00    1.46 ^ clkbuf_2_0_3_clk/A (sky130_fd_sc_hd__clkbuf_8)
                  0.07    0.15    1.61 ^ clkbuf_2_0_3_clk/X (sky130_fd_sc_hd__clkbuf_8)
     2    0.03                           clknet_2_0_3_clk (net)
                  0.07    0.00    1.62 ^ clkbuf_3_1_0_clk/A (sky130_fd_sc_hd__clkbuf_8)
                  0.04    0.14    1.75 ^ clkbuf_3_1_0_clk/X (sky130_fd_sc_hd__clkbuf_8)
     1    0.01                           clknet_3_1_0_clk (net)
                  0.04    0.00    1.75 ^ clkbuf_3_1_1_clk/A (sky130_fd_sc_hd__clkbuf_8)
                  0.06    0.14    1.90 ^ clkbuf_3_1_1_clk/X (sky130_fd_sc_hd__clkbuf_8)
     2    0.02                           clknet_3_1_1_clk (net)
                  0.06    0.00    1.90 ^ clkbuf_4_2_0_clk/A (sky130_fd_sc_hd__clkbuf_8)
                  0.04    0.13    2.02 ^ clkbuf_4_2_0_clk/X (sky130_fd_sc_hd__clkbuf_8)
     1    0.01                           clknet_4_2_0_clk (net)
                  0.04    0.00    2.02 ^ clkbuf_4_2_1_clk/A (sky130_fd_sc_hd__clkbuf_8)
                  0.06    0.14    2.17 ^ clkbuf_4_2_1_clk/X (sky130_fd_sc_hd__clkbuf_8)
     2    0.03                           clknet_4_2_1_clk (net)
                  0.06    0.00    2.17 ^ clkbuf_5_4_0_clk/A (sky130_fd_sc_hd__clkbuf_8)
                  0.05    0.15    2.32 ^ clkbuf_5_4_0_clk/X (sky130_fd_sc_hd__clkbuf_8)
     2    0.02                           clknet_5_4_0_clk (net)
                  0.05    0.00    2.32 ^ clkbuf_6_8_0_clk/A (sky130_fd_sc_hd__clkbuf_8)
                  0.05    0.14    2.46 ^ clkbuf_6_8_0_clk/X (sky130_fd_sc_hd__clkbuf_8)
     2    0.02                           clknet_6_8_0_clk (net)
                  0.05    0.00    2.46 ^ clkbuf_7_17_0_clk/A (sky130_fd_sc_hd__clkbuf_8)
                  0.19    0.25    2.70 ^ clkbuf_7_17_0_clk/X (sky130_fd_sc_hd__clkbuf_8)
    10    0.11                           clknet_7_17_0_clk (net)
                  0.19    0.01    2.71 ^ clkbuf_leaf_1275_clk/A (sky130_fd_sc_hd__clkbuf_16)
                  0.05    0.19    2.90 ^ clkbuf_leaf_1275_clk/X (sky130_fd_sc_hd__clkbuf_16)
    10    0.03                           clknet_leaf_1275_clk (net)
                  0.05    0.00    2.90 ^ _88850_/CLK (sky130_fd_sc_hd__dfxtp_1)
                          0.25    3.15   clock uncertainty
                          0.00    3.15   clock reconvergence pessimism
                         -0.03    3.12   library hold time
                                  3.12   data required time
-----------------------------------------------------------------------------
                                  3.12   data required time
                                 -3.20   data arrival time
-----------------------------------------------------------------------------
                                  0.08   slack (MET)


