
===========================================================================
report_checks -unconstrained
============================================================================
Startpoint: _86558_ (rising edge-triggered flip-flop clocked by clk)
Endpoint: _86807_ (rising edge-triggered flip-flop clocked by clk)
Path Group: clk
Path Type: max

Fanout     Cap    Slew   Delay    Time   Description
-----------------------------------------------------------------------------
                          0.00    0.00   clock clk (rise edge)
                          0.00    0.00   clock source latency
                  0.44    0.32    0.32 ^ clk (in)
     1    0.10                           clk (net)
                  0.44    0.00    0.32 ^ clkbuf_0_clk/A (sky130_fd_sc_hd__clkbuf_16)
                  0.06    0.24    0.56 ^ clkbuf_0_clk/X (sky130_fd_sc_hd__clkbuf_16)
     2    0.02                           clknet_0_clk (net)
                  0.06    0.00    0.56 ^ clkbuf_1_0_0_clk/A (sky130_fd_sc_hd__clkbuf_8)
                  0.04    0.13    0.69 ^ clkbuf_1_0_0_clk/X (sky130_fd_sc_hd__clkbuf_8)
     1    0.01                           clknet_1_0_0_clk (net)
                  0.04    0.00    0.69 ^ clkbuf_1_0_1_clk/A (sky130_fd_sc_hd__clkbuf_8)
                  0.04    0.13    0.82 ^ clkbuf_1_0_1_clk/X (sky130_fd_sc_hd__clkbuf_8)
     1    0.01                           clknet_1_0_1_clk (net)
                  0.04    0.00    0.82 ^ clkbuf_1_0_2_clk/A (sky130_fd_sc_hd__clkbuf_8)
                  0.04    0.12    0.94 ^ clkbuf_1_0_2_clk/X (sky130_fd_sc_hd__clkbuf_8)
     1    0.01                           clknet_1_0_2_clk (net)
                  0.04    0.00    0.94 ^ clkbuf_1_0_3_clk/A (sky130_fd_sc_hd__clkbuf_8)
                  0.06    0.14    1.09 ^ clkbuf_1_0_3_clk/X (sky130_fd_sc_hd__clkbuf_8)
     2    0.02                           clknet_1_0_3_clk (net)
                  0.06    0.00    1.09 ^ clkbuf_2_0_0_clk/A (sky130_fd_sc_hd__clkbuf_8)
                  0.04    0.13    1.22 ^ clkbuf_2_0_0_clk/X (sky130_fd_sc_hd__clkbuf_8)
     1    0.01                           clknet_2_0_0_clk (net)
                  0.04    0.00    1.22 ^ clkbuf_2_0_1_clk/A (sky130_fd_sc_hd__clkbuf_8)
                  0.04    0.13    1.34 ^ clkbuf_2_0_1_clk/X (sky130_fd_sc_hd__clkbuf_8)
     1    0.01                           clknet_2_0_1_clk (net)
                  0.04    0.00    1.34 ^ clkbuf_2_0_2_clk/A (sky130_fd_sc_hd__clkbuf_8)
                  0.03    0.12    1.46 ^ clkbuf_2_0_2_clk/X (sky130_fd_sc_hd__clkbuf_8)
     1    0.01                           clknet_2_0_2_clk (net)
                  0.03    0.00    1.46 ^ clkbuf_2_0_3_clk/A (sky130_fd_sc_hd__clkbuf_8)
                  0.07    0.15    1.61 ^ clkbuf_2_0_3_clk/X (sky130_fd_sc_hd__clkbuf_8)
     2    0.03                           clknet_2_0_3_clk (net)
                  0.07    0.00    1.62 ^ clkbuf_3_1_0_clk/A (sky130_fd_sc_hd__clkbuf_8)
                  0.04    0.14    1.75 ^ clkbuf_3_1_0_clk/X (sky130_fd_sc_hd__clkbuf_8)
     1    0.01                           clknet_3_1_0_clk (net)
                  0.04    0.00    1.75 ^ clkbuf_3_1_1_clk/A (sky130_fd_sc_hd__clkbuf_8)
                  0.06    0.14    1.90 ^ clkbuf_3_1_1_clk/X (sky130_fd_sc_hd__clkbuf_8)
     2    0.02                           clknet_3_1_1_clk (net)
                  0.06    0.00    1.90 ^ clkbuf_4_3_0_clk/A (sky130_fd_sc_hd__clkbuf_8)
                  0.04    0.13    2.02 ^ clkbuf_4_3_0_clk/X (sky130_fd_sc_hd__clkbuf_8)
     1    0.01                           clknet_4_3_0_clk (net)
                  0.04    0.00    2.03 ^ clkbuf_4_3_1_clk/A (sky130_fd_sc_hd__clkbuf_8)
                  0.06    0.15    2.17 ^ clkbuf_4_3_1_clk/X (sky130_fd_sc_hd__clkbuf_8)
     2    0.03                           clknet_4_3_1_clk (net)
                  0.06    0.00    2.17 ^ clkbuf_5_6_0_clk/A (sky130_fd_sc_hd__clkbuf_8)
                  0.06    0.15    2.32 ^ clkbuf_5_6_0_clk/X (sky130_fd_sc_hd__clkbuf_8)
     2    0.02                           clknet_5_6_0_clk (net)
                  0.06    0.00    2.32 ^ clkbuf_6_12_0_clk/A (sky130_fd_sc_hd__clkbuf_8)
                  0.05    0.14    2.46 ^ clkbuf_6_12_0_clk/X (sky130_fd_sc_hd__clkbuf_8)
     2    0.02                           clknet_6_12_0_clk (net)
                  0.05    0.00    2.46 ^ clkbuf_7_25_0_clk/A (sky130_fd_sc_hd__clkbuf_8)
                  0.18    0.25    2.71 ^ clkbuf_7_25_0_clk/X (sky130_fd_sc_hd__clkbuf_8)
    10    0.11                           clknet_7_25_0_clk (net)
                  0.18    0.00    2.71 ^ clkbuf_leaf_1209_clk/A (sky130_fd_sc_hd__clkbuf_16)
                  0.05    0.19    2.90 ^ clkbuf_leaf_1209_clk/X (sky130_fd_sc_hd__clkbuf_16)
    10    0.03                           clknet_leaf_1209_clk (net)
                  0.05    0.00    2.90 ^ _86558_/CLK (sky130_fd_sc_hd__dfxtp_4)
                  0.16    0.46    3.36 ^ _86558_/Q (sky130_fd_sc_hd__dfxtp_4)
     7    0.06                           _00026_ (net)
                  0.16    0.00    3.36 ^ _40820_/S0 (sky130_fd_sc_hd__mux4_2)
                  0.19    0.68    4.05 v _40820_/X (sky130_fd_sc_hd__mux4_2)
     1    0.04                           _09832_ (net)
                  0.19    0.00    4.05 v _40821_/A (sky130_fd_sc_hd__clkbuf_8)
                  0.09    0.25    4.30 v _40821_/X (sky130_fd_sc_hd__clkbuf_8)
     9    0.06                           _09833_ (net)
                  0.09    0.00    4.31 v _59864_/A (sky130_fd_sc_hd__buf_12)
                  0.10    0.19    4.49 v _59864_/X (sky130_fd_sc_hd__buf_12)
    20    0.16                           _23580_ (net)
                  0.12    0.04    4.53 v _59910_/A (sky130_fd_sc_hd__buf_12)
                  0.13    0.24    4.78 v _59910_/X (sky130_fd_sc_hd__buf_12)
    20    0.24                           _23626_ (net)
                  0.13    0.01    4.79 v _60158_/S (sky130_fd_sc_hd__mux2_1)
                  0.06    0.34    5.12 v _60158_/X (sky130_fd_sc_hd__mux2_1)
     1    0.00                           _23871_ (net)
                  0.06    0.00    5.12 v _60159_/A1 (sky130_fd_sc_hd__mux2_1)
                  0.07    0.31    5.43 v _60159_/X (sky130_fd_sc_hd__mux2_1)
     1    0.00                           _23872_ (net)
                  0.07    0.00    5.43 v _60164_/A2 (sky130_fd_sc_hd__a211o_1)
                  0.06    0.31    5.74 v _60164_/X (sky130_fd_sc_hd__a211o_1)
     1    0.00                           _23877_ (net)
                  0.06    0.00    5.74 v _60182_/A3 (sky130_fd_sc_hd__a311o_2)
                  0.11    0.46    6.20 v _60182_/X (sky130_fd_sc_hd__a311o_2)
     2    0.02                           _23895_ (net)
                  0.11    0.00    6.20 v _69042_/A1 (sky130_fd_sc_hd__a31o_4)
                  0.10    0.31    6.51 v _69042_/X (sky130_fd_sc_hd__a31o_4)
     8    0.05                           _31132_ (net)
                  0.10    0.00    6.51 v _71735_/B1 (sky130_fd_sc_hd__a211o_4)
                  0.13    0.41    6.92 v _71735_/X (sky130_fd_sc_hd__a211o_4)
    10    0.05                           _33825_ (net)
                  0.13    0.00    6.92 v _72277_/C (sky130_fd_sc_hd__or4_4)
                  0.13    0.56    7.48 v _72277_/X (sky130_fd_sc_hd__or4_4)
     5    0.03                           _34361_ (net)
                  0.13    0.00    7.48 v _72507_/B (sky130_fd_sc_hd__nor4b_4)
                  0.53    0.54    8.02 ^ _72507_/Y (sky130_fd_sc_hd__nor4b_4)
     9    0.04                           _34584_ (net)
                  0.53    0.00    8.03 ^ _72851_/A (sky130_fd_sc_hd__nand3_4)
                  0.27    0.31    8.34 v _72851_/Y (sky130_fd_sc_hd__nand3_4)
     9    0.05                           _34915_ (net)
                  0.27    0.01    8.35 v _73230_/A (sky130_fd_sc_hd__or3_4)
                  0.11    0.51    8.85 v _73230_/X (sky130_fd_sc_hd__or3_4)
     8    0.03                           _35280_ (net)
                  0.11    0.00    8.86 v _73441_/B (sky130_fd_sc_hd__or4_2)
                  0.15    0.75    9.60 v _73441_/X (sky130_fd_sc_hd__or4_2)
     4    0.02                           _35483_ (net)
                  0.15    0.00    9.61 v _73588_/C (sky130_fd_sc_hd__or4_2)
                  0.15    0.71   10.32 v _73588_/X (sky130_fd_sc_hd__or4_2)
     5    0.01                           _35625_ (net)
                  0.15    0.00   10.32 v _73669_/D (sky130_fd_sc_hd__or4_2)
                  0.15    0.65   10.97 v _73669_/X (sky130_fd_sc_hd__or4_2)
     4    0.02                           _35703_ (net)
                  0.15    0.00   10.97 v _73746_/A4 (sky130_fd_sc_hd__o41a_1)
                  0.10    0.38   11.35 v _73746_/X (sky130_fd_sc_hd__o41a_1)
     2    0.01                           _35777_ (net)
                  0.10    0.00   11.35 v _73747_/B (sky130_fd_sc_hd__xor2_1)
                  0.09    0.18   11.53 v _73747_/X (sky130_fd_sc_hd__xor2_1)
     2    0.01                           _35778_ (net)
                  0.09    0.00   11.53 v _73749_/B (sky130_fd_sc_hd__nor2_1)
                  0.18    0.17   11.70 ^ _73749_/Y (sky130_fd_sc_hd__nor2_1)
     2    0.01                           _35780_ (net)
                  0.18    0.00   11.70 ^ _73750_/A (sky130_fd_sc_hd__inv_2)
                  0.04    0.06   11.76 v _73750_/Y (sky130_fd_sc_hd__inv_2)
     1    0.01                           _35781_ (net)
                  0.04    0.00   11.76 v _73751_/B (sky130_fd_sc_hd__nand2_1)
                  0.12    0.12   11.87 ^ _73751_/Y (sky130_fd_sc_hd__nand2_1)
     3    0.01                           _35782_ (net)
                  0.12    0.00   11.87 ^ _73778_/C (sky130_fd_sc_hd__nor3_1)
                  0.05    0.07   11.95 v _73778_/Y (sky130_fd_sc_hd__nor3_1)
     1    0.00                           _35808_ (net)
                  0.05    0.00   11.95 v _73782_/A2 (sky130_fd_sc_hd__a211o_1)
                  0.10    0.35   12.29 v _73782_/X (sky130_fd_sc_hd__a211o_1)
     4    0.01                           _35812_ (net)
                  0.10    0.00   12.29 v _73832_/A2 (sky130_fd_sc_hd__a31o_1)
                  0.09    0.28   12.57 v _73832_/X (sky130_fd_sc_hd__a31o_1)
     3    0.01                           _35860_ (net)
                  0.09    0.00   12.57 v _73852_/A2 (sky130_fd_sc_hd__a21o_1)
                  0.04    0.20   12.77 v _73852_/X (sky130_fd_sc_hd__a21o_1)
     1    0.00                           _35879_ (net)
                  0.04    0.00   12.77 v _73858_/A1 (sky130_fd_sc_hd__a311o_1)
                  0.07    0.27   13.04 v _73858_/X (sky130_fd_sc_hd__a311o_1)
     1    0.00                           _35885_ (net)
                  0.07    0.00   13.04 v _73874_/A2 (sky130_fd_sc_hd__a21oi_1)
                  0.09    0.13   13.17 ^ _73874_/Y (sky130_fd_sc_hd__a21oi_1)
     1    0.00                           _06832_ (net)
                  0.09    0.00   13.17 ^ _86807_/D (sky130_fd_sc_hd__dfxtp_4)
                                 13.17   data arrival time

                         12.50   12.50   clock clk (rise edge)
                          0.00   12.50   clock source latency
                  0.44    0.29   12.79 ^ clk (in)
     1    0.10                           clk (net)
                  0.44    0.00   12.79 ^ clkbuf_0_clk/A (sky130_fd_sc_hd__clkbuf_16)
                  0.06    0.22   13.01 ^ clkbuf_0_clk/X (sky130_fd_sc_hd__clkbuf_16)
     2    0.02                           clknet_0_clk (net)
                  0.06    0.00   13.01 ^ clkbuf_1_0_0_clk/A (sky130_fd_sc_hd__clkbuf_8)
                  0.04    0.12   13.13 ^ clkbuf_1_0_0_clk/X (sky130_fd_sc_hd__clkbuf_8)
     1    0.01                           clknet_1_0_0_clk (net)
                  0.04    0.00   13.13 ^ clkbuf_1_0_1_clk/A (sky130_fd_sc_hd__clkbuf_8)
                  0.04    0.11   13.24 ^ clkbuf_1_0_1_clk/X (sky130_fd_sc_hd__clkbuf_8)
     1    0.01                           clknet_1_0_1_clk (net)
                  0.04    0.00   13.24 ^ clkbuf_1_0_2_clk/A (sky130_fd_sc_hd__clkbuf_8)
                  0.04    0.11   13.35 ^ clkbuf_1_0_2_clk/X (sky130_fd_sc_hd__clkbuf_8)
     1    0.01                           clknet_1_0_2_clk (net)
                  0.04    0.00   13.35 ^ clkbuf_1_0_3_clk/A (sky130_fd_sc_hd__clkbuf_8)
                  0.06    0.13   13.48 ^ clkbuf_1_0_3_clk/X (sky130_fd_sc_hd__clkbuf_8)
     2    0.02                           clknet_1_0_3_clk (net)
                  0.06    0.00   13.49 ^ clkbuf_2_0_0_clk/A (sky130_fd_sc_hd__clkbuf_8)
                  0.04    0.12   13.60 ^ clkbuf_2_0_0_clk/X (sky130_fd_sc_hd__clkbuf_8)
     1    0.01                           clknet_2_0_0_clk (net)
                  0.04    0.00   13.60 ^ clkbuf_2_0_1_clk/A (sky130_fd_sc_hd__clkbuf_8)
                  0.04    0.11   13.72 ^ clkbuf_2_0_1_clk/X (sky130_fd_sc_hd__clkbuf_8)
     1    0.01                           clknet_2_0_1_clk (net)
                  0.04    0.00   13.72 ^ clkbuf_2_0_2_clk/A (sky130_fd_sc_hd__clkbuf_8)
                  0.03    0.11   13.82 ^ clkbuf_2_0_2_clk/X (sky130_fd_sc_hd__clkbuf_8)
     1    0.01                           clknet_2_0_2_clk (net)
                  0.03    0.00   13.82 ^ clkbuf_2_0_3_clk/A (sky130_fd_sc_hd__clkbuf_8)
                  0.07    0.14   13.96 ^ clkbuf_2_0_3_clk/X (sky130_fd_sc_hd__clkbuf_8)
     2    0.03                           clknet_2_0_3_clk (net)
                  0.07    0.00   13.96 ^ clkbuf_3_1_0_clk/A (sky130_fd_sc_hd__clkbuf_8)
                  0.04    0.12   14.09 ^ clkbuf_3_1_0_clk/X (sky130_fd_sc_hd__clkbuf_8)
     1    0.01                           clknet_3_1_0_clk (net)
                  0.04    0.00   14.09 ^ clkbuf_3_1_1_clk/A (sky130_fd_sc_hd__clkbuf_8)
                  0.06    0.13   14.22 ^ clkbuf_3_1_1_clk/X (sky130_fd_sc_hd__clkbuf_8)
     2    0.02                           clknet_3_1_1_clk (net)
                  0.06    0.00   14.22 ^ clkbuf_4_3_0_clk/A (sky130_fd_sc_hd__clkbuf_8)
                  0.04    0.12   14.33 ^ clkbuf_4_3_0_clk/X (sky130_fd_sc_hd__clkbuf_8)
     1    0.01                           clknet_4_3_0_clk (net)
                  0.04    0.00   14.33 ^ clkbuf_4_3_1_clk/A (sky130_fd_sc_hd__clkbuf_8)
                  0.06    0.13   14.46 ^ clkbuf_4_3_1_clk/X (sky130_fd_sc_hd__clkbuf_8)
     2    0.03                           clknet_4_3_1_clk (net)
                  0.06    0.00   14.46 ^ clkbuf_5_6_0_clk/A (sky130_fd_sc_hd__clkbuf_8)
                  0.06    0.14   14.60 ^ clkbuf_5_6_0_clk/X (sky130_fd_sc_hd__clkbuf_8)
     2    0.02                           clknet_5_6_0_clk (net)
                  0.06    0.00   14.60 ^ clkbuf_6_13_0_clk/A (sky130_fd_sc_hd__clkbuf_8)
                  0.05    0.13   14.73 ^ clkbuf_6_13_0_clk/X (sky130_fd_sc_hd__clkbuf_8)
     2    0.02                           clknet_6_13_0_clk (net)
                  0.05    0.00   14.73 ^ clkbuf_7_27_0_clk/A (sky130_fd_sc_hd__clkbuf_8)
                  0.19    0.23   14.96 ^ clkbuf_7_27_0_clk/X (sky130_fd_sc_hd__clkbuf_8)
    11    0.12                           clknet_7_27_0_clk (net)
                  0.19    0.00   14.96 ^ clkbuf_leaf_1144_clk/A (sky130_fd_sc_hd__clkbuf_16)
                  0.04    0.16   15.12 ^ clkbuf_leaf_1144_clk/X (sky130_fd_sc_hd__clkbuf_16)
     4    0.01                           clknet_leaf_1144_clk (net)
                  0.04    0.00   15.12 ^ _86807_/CLK (sky130_fd_sc_hd__dfxtp_4)
                         -0.25   14.87   clock uncertainty
                          0.22   15.09   clock reconvergence pessimism
                         -0.07   15.02   library setup time
                                 15.02   data required time
-----------------------------------------------------------------------------
                                 15.02   data required time
                                -13.17   data arrival time
-----------------------------------------------------------------------------
                                  1.85   slack (MET)



===========================================================================
report_checks --slack_max -0.01
============================================================================
No paths found.
