OpenROAD 4174c3ad802d2ac1d04d387d2c4b883903f6647e 
This program is licensed under the BSD-3 license. See the LICENSE file for details.
Components of this program may be licensed under more restrictive licenses which must be honored.
Placement Analysis
---------------------------------
total displacement          0.0 u
average displacement        0.0 u
max displacement            0.0 u
original HPWL         2915523.0 u
legalized HPWL        2955076.4 u
delta HPWL                    1 %

[INFO DPL-0020] Mirrored 18651 instances
[INFO DPL-0021] HPWL before          2955076.4 u
[INFO DPL-0022] HPWL after           2915523.0 u
[INFO DPL-0023] HPWL delta               -1.3 %
Setting global connections for newly added cells...
Writing OpenROAD database to /openlane/designs/hehe/runs/RUN_2023.01.20_06.26.02/results/placement/hehe.odb...
Writing netlist to /openlane/designs/hehe/runs/RUN_2023.01.20_06.26.02/results/placement/hehe.nl.v...
Writing powered netlist to /openlane/designs/hehe/runs/RUN_2023.01.20_06.26.02/results/placement/hehe.pnl.v...
Writing layout to /openlane/designs/hehe/runs/RUN_2023.01.20_06.26.02/results/placement/hehe.def...
