The system is: Linux - 3.10.0-1160.71.1.el7.x86_64 - x86_64
Compiling the C compiler identification source file "CMakeCCompilerId.c" succeeded.
Compiler: /usr/bin/cc 
Build flags: 
Id flags:  

The output was:
0


Compilation of the C compiler identification source "CMakeCCompilerId.c" produced "a.out"

The C compiler identification is GNU, found in "/work/stu/ytdeng/cmodel/MyCmodel/build/CMakeFiles/3.17.5/CompilerIdC/a.out"

Compiling the CXX compiler identification source file "CMakeCXXCompilerId.cpp" succeeded.
Compiler: /usr/bin/c++ 
Build flags: 
Id flags:  

The output was:
0


Compilation of the CXX compiler identification source "CMakeCXXCompilerId.cpp" produced "a.out"

The CXX compiler identification is GNU, found in "/work/stu/ytdeng/cmodel/MyCmodel/build/CMakeFiles/3.17.5/CompilerIdCXX/a.out"

Determining if the C compiler works passed with the following output:
Change Dir: /work/stu/ytdeng/cmodel/MyCmodel/build/CMakeFiles/CMakeTmp

Run Build Command(s):/usr/bin/gmake cmTC_19e61/fast && gmake[1]: Entering directory '/work/stu/ytdeng/cmodel/MyCmodel/build/CMakeFiles/CMakeTmp'
/usr/bin/gmake  -f CMakeFiles/cmTC_19e61.dir/build.make CMakeFiles/cmTC_19e61.dir/build
gmake[2]: Entering directory '/work/stu/ytdeng/cmodel/MyCmodel/build/CMakeFiles/CMakeTmp'
Building C object CMakeFiles/cmTC_19e61.dir/testCCompiler.c.o
/usr/bin/cc    -o CMakeFiles/cmTC_19e61.dir/testCCompiler.c.o   -c /work/stu/ytdeng/cmodel/MyCmodel/build/CMakeFiles/CMakeTmp/testCCompiler.c
Linking C executable cmTC_19e61
/usr/bin/cmake3 -E cmake_link_script CMakeFiles/cmTC_19e61.dir/link.txt --verbose=1
/usr/bin/cc      CMakeFiles/cmTC_19e61.dir/testCCompiler.c.o  -o cmTC_19e61 
gmake[2]: Leaving directory '/work/stu/ytdeng/cmodel/MyCmodel/build/CMakeFiles/CMakeTmp'
gmake[1]: Leaving directory '/work/stu/ytdeng/cmodel/MyCmodel/build/CMakeFiles/CMakeTmp'



Detecting C compiler ABI info compiled with the following output:
Change Dir: /work/stu/ytdeng/cmodel/MyCmodel/build/CMakeFiles/CMakeTmp

Run Build Command(s):/usr/bin/gmake cmTC_3e1a5/fast && gmake[1]: Entering directory '/work/stu/ytdeng/cmodel/MyCmodel/build/CMakeFiles/CMakeTmp'
/usr/bin/gmake  -f CMakeFiles/cmTC_3e1a5.dir/build.make CMakeFiles/cmTC_3e1a5.dir/build
gmake[2]: Entering directory '/work/stu/ytdeng/cmodel/MyCmodel/build/CMakeFiles/CMakeTmp'
Building C object CMakeFiles/cmTC_3e1a5.dir/CMakeCCompilerABI.c.o
/usr/bin/cc   -v -o CMakeFiles/cmTC_3e1a5.dir/CMakeCCompilerABI.c.o   -c /usr/share/cmake3/Modules/CMakeCCompilerABI.c
Using built-in specs.
COLLECT_GCC=/usr/bin/cc
Target: x86_64-pc-linux-gnu
Configured with: ../configure --prefix=/usr/local/gcc7.5 --enable-bootstrap --enable-shared --enable-threads=posix --enable-checking=release --with-system-zlib --enable-__cxa_atexit --disable-libunwind-exceptions --enable-gnu-unique-object --enable-linker-build-id --with-linker-hash-style=gnu --enable-languages=c,c++ --enable-plugin --enable-initfini-array --disable-libgcj --enable-gnu-indirect-function --with-tune=generic --disable-multilib
Thread model: posix
gcc version 7.5.0 (GCC) 
COLLECT_GCC_OPTIONS='-v' '-o' 'CMakeFiles/cmTC_3e1a5.dir/CMakeCCompilerABI.c.o' '-c' '-mtune=generic' '-march=x86-64'
 /usr/local/gcc7.5/libexec/gcc/x86_64-pc-linux-gnu/7.5.0/cc1 -quiet -v /usr/share/cmake3/Modules/CMakeCCompilerABI.c -quiet -dumpbase CMakeCCompilerABI.c -mtune=generic -march=x86-64 -auxbase-strip CMakeFiles/cmTC_3e1a5.dir/CMakeCCompilerABI.c.o -version -o /tmp/ccwDWzoR.s
GNU C11 (GCC) version 7.5.0 (x86_64-pc-linux-gnu)
	compiled by GNU C version 7.5.0, GMP version 6.1.0, MPFR version 3.1.4, MPC version 1.0.3, isl version isl-0.16.1-GMP

GGC heuristics: --param ggc-min-expand=100 --param ggc-min-heapsize=131072
ignoring nonexistent directory "/usr/local/gcc7.5/lib/gcc/x86_64-pc-linux-gnu/7.5.0/../../../../x86_64-pc-linux-gnu/include"
#include "..." search starts here:
#include <...> search starts here:
 /usr/local/gcc7.5/lib/gcc/x86_64-pc-linux-gnu/7.5.0/include
 /usr/local/include
 /usr/local/gcc7.5/include
 /usr/local/gcc7.5/lib/gcc/x86_64-pc-linux-gnu/7.5.0/include-fixed
 /usr/include
End of search list.
GNU C11 (GCC) version 7.5.0 (x86_64-pc-linux-gnu)
	compiled by GNU C version 7.5.0, GMP version 6.1.0, MPFR version 3.1.4, MPC version 1.0.3, isl version isl-0.16.1-GMP

GGC heuristics: --param ggc-min-expand=100 --param ggc-min-heapsize=131072
Compiler executable checksum: 3397f6f138a889403b9c6abcc250df52
COLLECT_GCC_OPTIONS='-v' '-o' 'CMakeFiles/cmTC_3e1a5.dir/CMakeCCompilerABI.c.o' '-c' '-mtune=generic' '-march=x86-64'
 as -v --64 -o CMakeFiles/cmTC_3e1a5.dir/CMakeCCompilerABI.c.o /tmp/ccwDWzoR.s
GNU assembler version 2.27 (x86_64-redhat-linux) using BFD version version 2.27-44.base.el7_9.1
COMPILER_PATH=/usr/local/gcc7.5/libexec/gcc/x86_64-pc-linux-gnu/7.5.0/:/usr/local/gcc7.5/libexec/gcc/x86_64-pc-linux-gnu/7.5.0/:/usr/local/gcc7.5/libexec/gcc/x86_64-pc-linux-gnu/:/usr/local/gcc7.5/lib/gcc/x86_64-pc-linux-gnu/7.5.0/:/usr/local/gcc7.5/lib/gcc/x86_64-pc-linux-gnu/
LIBRARY_PATH=/usr/local/gcc7.5/lib/gcc/x86_64-pc-linux-gnu/7.5.0/:/usr/local/gcc7.5/lib/gcc/x86_64-pc-linux-gnu/7.5.0/../../../../lib64/:/lib/../lib64/:/usr/lib/../lib64/:/usr/local/gcc7.5/lib/gcc/x86_64-pc-linux-gnu/7.5.0/../../../:/lib/:/usr/lib/
COLLECT_GCC_OPTIONS='-v' '-o' 'CMakeFiles/cmTC_3e1a5.dir/CMakeCCompilerABI.c.o' '-c' '-mtune=generic' '-march=x86-64'
Linking C executable cmTC_3e1a5
/usr/bin/cmake3 -E cmake_link_script CMakeFiles/cmTC_3e1a5.dir/link.txt --verbose=1
/usr/bin/cc     -v CMakeFiles/cmTC_3e1a5.dir/CMakeCCompilerABI.c.o  -o cmTC_3e1a5 
Using built-in specs.
COLLECT_GCC=/usr/bin/cc
COLLECT_LTO_WRAPPER=/usr/local/gcc7.5/libexec/gcc/x86_64-pc-linux-gnu/7.5.0/lto-wrapper
Target: x86_64-pc-linux-gnu
Configured with: ../configure --prefix=/usr/local/gcc7.5 --enable-bootstrap --enable-shared --enable-threads=posix --enable-checking=release --with-system-zlib --enable-__cxa_atexit --disable-libunwind-exceptions --enable-gnu-unique-object --enable-linker-build-id --with-linker-hash-style=gnu --enable-languages=c,c++ --enable-plugin --enable-initfini-array --disable-libgcj --enable-gnu-indirect-function --with-tune=generic --disable-multilib
Thread model: posix
gcc version 7.5.0 (GCC) 
COMPILER_PATH=/usr/local/gcc7.5/libexec/gcc/x86_64-pc-linux-gnu/7.5.0/:/usr/local/gcc7.5/libexec/gcc/x86_64-pc-linux-gnu/7.5.0/:/usr/local/gcc7.5/libexec/gcc/x86_64-pc-linux-gnu/:/usr/local/gcc7.5/lib/gcc/x86_64-pc-linux-gnu/7.5.0/:/usr/local/gcc7.5/lib/gcc/x86_64-pc-linux-gnu/
LIBRARY_PATH=/usr/local/gcc7.5/lib/gcc/x86_64-pc-linux-gnu/7.5.0/:/usr/local/gcc7.5/lib/gcc/x86_64-pc-linux-gnu/7.5.0/../../../../lib64/:/lib/../lib64/:/usr/lib/../lib64/:/usr/local/gcc7.5/lib/gcc/x86_64-pc-linux-gnu/7.5.0/../../../:/lib/:/usr/lib/
COLLECT_GCC_OPTIONS='-v' '-o' 'cmTC_3e1a5' '-mtune=generic' '-march=x86-64'
 /usr/local/gcc7.5/libexec/gcc/x86_64-pc-linux-gnu/7.5.0/collect2 -plugin /usr/local/gcc7.5/libexec/gcc/x86_64-pc-linux-gnu/7.5.0/liblto_plugin.so -plugin-opt=/usr/local/gcc7.5/libexec/gcc/x86_64-pc-linux-gnu/7.5.0/lto-wrapper -plugin-opt=-fresolution=/tmp/ccbCYUxT.res -plugin-opt=-pass-through=-lgcc -plugin-opt=-pass-through=-lgcc_s -plugin-opt=-pass-through=-lc -plugin-opt=-pass-through=-lgcc -plugin-opt=-pass-through=-lgcc_s --build-id --eh-frame-hdr --hash-style=gnu -m elf_x86_64 -dynamic-linker /lib64/ld-linux-x86-64.so.2 -o cmTC_3e1a5 /lib/../lib64/crt1.o /lib/../lib64/crti.o /usr/local/gcc7.5/lib/gcc/x86_64-pc-linux-gnu/7.5.0/crtbegin.o -L/usr/local/gcc7.5/lib/gcc/x86_64-pc-linux-gnu/7.5.0 -L/usr/local/gcc7.5/lib/gcc/x86_64-pc-linux-gnu/7.5.0/../../../../lib64 -L/lib/../lib64 -L/usr/lib/../lib64 -L/usr/local/gcc7.5/lib/gcc/x86_64-pc-linux-gnu/7.5.0/../../.. CMakeFiles/cmTC_3e1a5.dir/CMakeCCompilerABI.c.o -lgcc --as-needed -lgcc_s --no-as-needed -lc -lgcc --as-needed -lgcc_s --no-as-needed /usr/local/gcc7.5/lib/gcc/x86_64-pc-linux-gnu/7.5.0/crtend.o /lib/../lib64/crtn.o
COLLECT_GCC_OPTIONS='-v' '-o' 'cmTC_3e1a5' '-mtune=generic' '-march=x86-64'
gmake[2]: Leaving directory '/work/stu/ytdeng/cmodel/MyCmodel/build/CMakeFiles/CMakeTmp'
gmake[1]: Leaving directory '/work/stu/ytdeng/cmodel/MyCmodel/build/CMakeFiles/CMakeTmp'



Parsed C implicit include dir info from above output: rv=done
  found start of include info
  found start of implicit include info
    add: [/usr/local/gcc7.5/lib/gcc/x86_64-pc-linux-gnu/7.5.0/include]
    add: [/usr/local/include]
    add: [/usr/local/gcc7.5/include]
    add: [/usr/local/gcc7.5/lib/gcc/x86_64-pc-linux-gnu/7.5.0/include-fixed]
    add: [/usr/include]
  end of search list found
  collapse include dir [/usr/local/gcc7.5/lib/gcc/x86_64-pc-linux-gnu/7.5.0/include] ==> [/usr/local/gcc7.5/lib/gcc/x86_64-pc-linux-gnu/7.5.0/include]
  collapse include dir [/usr/local/include] ==> [/usr/local/include]
  collapse include dir [/usr/local/gcc7.5/include] ==> [/usr/local/gcc7.5/include]
  collapse include dir [/usr/local/gcc7.5/lib/gcc/x86_64-pc-linux-gnu/7.5.0/include-fixed] ==> [/usr/local/gcc7.5/lib/gcc/x86_64-pc-linux-gnu/7.5.0/include-fixed]
  collapse include dir [/usr/include] ==> [/usr/include]
  implicit include dirs: [/usr/local/gcc7.5/lib/gcc/x86_64-pc-linux-gnu/7.5.0/include;/usr/local/include;/usr/local/gcc7.5/include;/usr/local/gcc7.5/lib/gcc/x86_64-pc-linux-gnu/7.5.0/include-fixed;/usr/include]


Parsed C implicit link information from above output:
  link line regex: [^( *|.*[/\])(ld|CMAKE_LINK_STARTFILE-NOTFOUND|([^/\]+-)?ld|collect2)[^/\]*( |$)]
  ignore line: [Change Dir: /work/stu/ytdeng/cmodel/MyCmodel/build/CMakeFiles/CMakeTmp]
  ignore line: []
  ignore line: [Run Build Command(s):/usr/bin/gmake cmTC_3e1a5/fast && gmake[1]: Entering directory '/work/stu/ytdeng/cmodel/MyCmodel/build/CMakeFiles/CMakeTmp']
  ignore line: [/usr/bin/gmake  -f CMakeFiles/cmTC_3e1a5.dir/build.make CMakeFiles/cmTC_3e1a5.dir/build]
  ignore line: [gmake[2]: Entering directory '/work/stu/ytdeng/cmodel/MyCmodel/build/CMakeFiles/CMakeTmp']
  ignore line: [Building C object CMakeFiles/cmTC_3e1a5.dir/CMakeCCompilerABI.c.o]
  ignore line: [/usr/bin/cc   -v -o CMakeFiles/cmTC_3e1a5.dir/CMakeCCompilerABI.c.o   -c /usr/share/cmake3/Modules/CMakeCCompilerABI.c]
  ignore line: [Using built-in specs.]
  ignore line: [COLLECT_GCC=/usr/bin/cc]
  ignore line: [Target: x86_64-pc-linux-gnu]
  ignore line: [Configured with: ../configure --prefix=/usr/local/gcc7.5 --enable-bootstrap --enable-shared --enable-threads=posix --enable-checking=release --with-system-zlib --enable-__cxa_atexit --disable-libunwind-exceptions --enable-gnu-unique-object --enable-linker-build-id --with-linker-hash-style=gnu --enable-languages=c c++ --enable-plugin --enable-initfini-array --disable-libgcj --enable-gnu-indirect-function --with-tune=generic --disable-multilib]
  ignore line: [Thread model: posix]
  ignore line: [gcc version 7.5.0 (GCC) ]
  ignore line: [COLLECT_GCC_OPTIONS='-v' '-o' 'CMakeFiles/cmTC_3e1a5.dir/CMakeCCompilerABI.c.o' '-c' '-mtune=generic' '-march=x86-64']
  ignore line: [ /usr/local/gcc7.5/libexec/gcc/x86_64-pc-linux-gnu/7.5.0/cc1 -quiet -v /usr/share/cmake3/Modules/CMakeCCompilerABI.c -quiet -dumpbase CMakeCCompilerABI.c -mtune=generic -march=x86-64 -auxbase-strip CMakeFiles/cmTC_3e1a5.dir/CMakeCCompilerABI.c.o -version -o /tmp/ccwDWzoR.s]
  ignore line: [GNU C11 (GCC) version 7.5.0 (x86_64-pc-linux-gnu)]
  ignore line: [	compiled by GNU C version 7.5.0  GMP version 6.1.0  MPFR version 3.1.4  MPC version 1.0.3  isl version isl-0.16.1-GMP]
  ignore line: []
  ignore line: [GGC heuristics: --param ggc-min-expand=100 --param ggc-min-heapsize=131072]
  ignore line: [ignoring nonexistent directory "/usr/local/gcc7.5/lib/gcc/x86_64-pc-linux-gnu/7.5.0/../../../../x86_64-pc-linux-gnu/include"]
  ignore line: [#include "..." search starts here:]
  ignore line: [#include <...> search starts here:]
  ignore line: [ /usr/local/gcc7.5/lib/gcc/x86_64-pc-linux-gnu/7.5.0/include]
  ignore line: [ /usr/local/include]
  ignore line: [ /usr/local/gcc7.5/include]
  ignore line: [ /usr/local/gcc7.5/lib/gcc/x86_64-pc-linux-gnu/7.5.0/include-fixed]
  ignore line: [ /usr/include]
  ignore line: [End of search list.]
  ignore line: [GNU C11 (GCC) version 7.5.0 (x86_64-pc-linux-gnu)]
  ignore line: [	compiled by GNU C version 7.5.0  GMP version 6.1.0  MPFR version 3.1.4  MPC version 1.0.3  isl version isl-0.16.1-GMP]
  ignore line: []
  ignore line: [GGC heuristics: --param ggc-min-expand=100 --param ggc-min-heapsize=131072]
  ignore line: [Compiler executable checksum: 3397f6f138a889403b9c6abcc250df52]
  ignore line: [COLLECT_GCC_OPTIONS='-v' '-o' 'CMakeFiles/cmTC_3e1a5.dir/CMakeCCompilerABI.c.o' '-c' '-mtune=generic' '-march=x86-64']
  ignore line: [ as -v --64 -o CMakeFiles/cmTC_3e1a5.dir/CMakeCCompilerABI.c.o /tmp/ccwDWzoR.s]
  ignore line: [GNU assembler version 2.27 (x86_64-redhat-linux) using BFD version version 2.27-44.base.el7_9.1]
  ignore line: [COMPILER_PATH=/usr/local/gcc7.5/libexec/gcc/x86_64-pc-linux-gnu/7.5.0/:/usr/local/gcc7.5/libexec/gcc/x86_64-pc-linux-gnu/7.5.0/:/usr/local/gcc7.5/libexec/gcc/x86_64-pc-linux-gnu/:/usr/local/gcc7.5/lib/gcc/x86_64-pc-linux-gnu/7.5.0/:/usr/local/gcc7.5/lib/gcc/x86_64-pc-linux-gnu/]
  ignore line: [LIBRARY_PATH=/usr/local/gcc7.5/lib/gcc/x86_64-pc-linux-gnu/7.5.0/:/usr/local/gcc7.5/lib/gcc/x86_64-pc-linux-gnu/7.5.0/../../../../lib64/:/lib/../lib64/:/usr/lib/../lib64/:/usr/local/gcc7.5/lib/gcc/x86_64-pc-linux-gnu/7.5.0/../../../:/lib/:/usr/lib/]
  ignore line: [COLLECT_GCC_OPTIONS='-v' '-o' 'CMakeFiles/cmTC_3e1a5.dir/CMakeCCompilerABI.c.o' '-c' '-mtune=generic' '-march=x86-64']
  ignore line: [Linking C executable cmTC_3e1a5]
  ignore line: [/usr/bin/cmake3 -E cmake_link_script CMakeFiles/cmTC_3e1a5.dir/link.txt --verbose=1]
  ignore line: [/usr/bin/cc     -v CMakeFiles/cmTC_3e1a5.dir/CMakeCCompilerABI.c.o  -o cmTC_3e1a5 ]
  ignore line: [Using built-in specs.]
  ignore line: [COLLECT_GCC=/usr/bin/cc]
  ignore line: [COLLECT_LTO_WRAPPER=/usr/local/gcc7.5/libexec/gcc/x86_64-pc-linux-gnu/7.5.0/lto-wrapper]
  ignore line: [Target: x86_64-pc-linux-gnu]
  ignore line: [Configured with: ../configure --prefix=/usr/local/gcc7.5 --enable-bootstrap --enable-shared --enable-threads=posix --enable-checking=release --with-system-zlib --enable-__cxa_atexit --disable-libunwind-exceptions --enable-gnu-unique-object --enable-linker-build-id --with-linker-hash-style=gnu --enable-languages=c c++ --enable-plugin --enable-initfini-array --disable-libgcj --enable-gnu-indirect-function --with-tune=generic --disable-multilib]
  ignore line: [Thread model: posix]
  ignore line: [gcc version 7.5.0 (GCC) ]
  ignore line: [COMPILER_PATH=/usr/local/gcc7.5/libexec/gcc/x86_64-pc-linux-gnu/7.5.0/:/usr/local/gcc7.5/libexec/gcc/x86_64-pc-linux-gnu/7.5.0/:/usr/local/gcc7.5/libexec/gcc/x86_64-pc-linux-gnu/:/usr/local/gcc7.5/lib/gcc/x86_64-pc-linux-gnu/7.5.0/:/usr/local/gcc7.5/lib/gcc/x86_64-pc-linux-gnu/]
  ignore line: [LIBRARY_PATH=/usr/local/gcc7.5/lib/gcc/x86_64-pc-linux-gnu/7.5.0/:/usr/local/gcc7.5/lib/gcc/x86_64-pc-linux-gnu/7.5.0/../../../../lib64/:/lib/../lib64/:/usr/lib/../lib64/:/usr/local/gcc7.5/lib/gcc/x86_64-pc-linux-gnu/7.5.0/../../../:/lib/:/usr/lib/]
  ignore line: [COLLECT_GCC_OPTIONS='-v' '-o' 'cmTC_3e1a5' '-mtune=generic' '-march=x86-64']
  link line: [ /usr/local/gcc7.5/libexec/gcc/x86_64-pc-linux-gnu/7.5.0/collect2 -plugin /usr/local/gcc7.5/libexec/gcc/x86_64-pc-linux-gnu/7.5.0/liblto_plugin.so -plugin-opt=/usr/local/gcc7.5/libexec/gcc/x86_64-pc-linux-gnu/7.5.0/lto-wrapper -plugin-opt=-fresolution=/tmp/ccbCYUxT.res -plugin-opt=-pass-through=-lgcc -plugin-opt=-pass-through=-lgcc_s -plugin-opt=-pass-through=-lc -plugin-opt=-pass-through=-lgcc -plugin-opt=-pass-through=-lgcc_s --build-id --eh-frame-hdr --hash-style=gnu -m elf_x86_64 -dynamic-linker /lib64/ld-linux-x86-64.so.2 -o cmTC_3e1a5 /lib/../lib64/crt1.o /lib/../lib64/crti.o /usr/local/gcc7.5/lib/gcc/x86_64-pc-linux-gnu/7.5.0/crtbegin.o -L/usr/local/gcc7.5/lib/gcc/x86_64-pc-linux-gnu/7.5.0 -L/usr/local/gcc7.5/lib/gcc/x86_64-pc-linux-gnu/7.5.0/../../../../lib64 -L/lib/../lib64 -L/usr/lib/../lib64 -L/usr/local/gcc7.5/lib/gcc/x86_64-pc-linux-gnu/7.5.0/../../.. CMakeFiles/cmTC_3e1a5.dir/CMakeCCompilerABI.c.o -lgcc --as-needed -lgcc_s --no-as-needed -lc -lgcc --as-needed -lgcc_s --no-as-needed /usr/local/gcc7.5/lib/gcc/x86_64-pc-linux-gnu/7.5.0/crtend.o /lib/../lib64/crtn.o]
    arg [/usr/local/gcc7.5/libexec/gcc/x86_64-pc-linux-gnu/7.5.0/collect2] ==> ignore
    arg [-plugin] ==> ignore
    arg [/usr/local/gcc7.5/libexec/gcc/x86_64-pc-linux-gnu/7.5.0/liblto_plugin.so] ==> ignore
    arg [-plugin-opt=/usr/local/gcc7.5/libexec/gcc/x86_64-pc-linux-gnu/7.5.0/lto-wrapper] ==> ignore
    arg [-plugin-opt=-fresolution=/tmp/ccbCYUxT.res] ==> ignore
    arg [-plugin-opt=-pass-through=-lgcc] ==> ignore
    arg [-plugin-opt=-pass-through=-lgcc_s] ==> ignore
    arg [-plugin-opt=-pass-through=-lc] ==> ignore
    arg [-plugin-opt=-pass-through=-lgcc] ==> ignore
    arg [-plugin-opt=-pass-through=-lgcc_s] ==> ignore
    arg [--build-id] ==> ignore
    arg [--eh-frame-hdr] ==> ignore
    arg [--hash-style=gnu] ==> ignore
    arg [-m] ==> ignore
    arg [elf_x86_64] ==> ignore
    arg [-dynamic-linker] ==> ignore
    arg [/lib64/ld-linux-x86-64.so.2] ==> ignore
    arg [-o] ==> ignore
    arg [cmTC_3e1a5] ==> ignore
    arg [/lib/../lib64/crt1.o] ==> ignore
    arg [/lib/../lib64/crti.o] ==> ignore
    arg [/usr/local/gcc7.5/lib/gcc/x86_64-pc-linux-gnu/7.5.0/crtbegin.o] ==> ignore
    arg [-L/usr/local/gcc7.5/lib/gcc/x86_64-pc-linux-gnu/7.5.0] ==> dir [/usr/local/gcc7.5/lib/gcc/x86_64-pc-linux-gnu/7.5.0]
    arg [-L/usr/local/gcc7.5/lib/gcc/x86_64-pc-linux-gnu/7.5.0/../../../../lib64] ==> dir [/usr/local/gcc7.5/lib/gcc/x86_64-pc-linux-gnu/7.5.0/../../../../lib64]
    arg [-L/lib/../lib64] ==> dir [/lib/../lib64]
    arg [-L/usr/lib/../lib64] ==> dir [/usr/lib/../lib64]
    arg [-L/usr/local/gcc7.5/lib/gcc/x86_64-pc-linux-gnu/7.5.0/../../..] ==> dir [/usr/local/gcc7.5/lib/gcc/x86_64-pc-linux-gnu/7.5.0/../../..]
    arg [CMakeFiles/cmTC_3e1a5.dir/CMakeCCompilerABI.c.o] ==> ignore
    arg [-lgcc] ==> lib [gcc]
    arg [--as-needed] ==> ignore
    arg [-lgcc_s] ==> lib [gcc_s]
    arg [--no-as-needed] ==> ignore
    arg [-lc] ==> lib [c]
    arg [-lgcc] ==> lib [gcc]
    arg [--as-needed] ==> ignore
    arg [-lgcc_s] ==> lib [gcc_s]
    arg [--no-as-needed] ==> ignore
    arg [/usr/local/gcc7.5/lib/gcc/x86_64-pc-linux-gnu/7.5.0/crtend.o] ==> ignore
    arg [/lib/../lib64/crtn.o] ==> ignore
  collapse library dir [/usr/local/gcc7.5/lib/gcc/x86_64-pc-linux-gnu/7.5.0] ==> [/usr/local/gcc7.5/lib/gcc/x86_64-pc-linux-gnu/7.5.0]
  collapse library dir [/usr/local/gcc7.5/lib/gcc/x86_64-pc-linux-gnu/7.5.0/../../../../lib64] ==> [/usr/local/gcc7.5/lib64]
  collapse library dir [/lib/../lib64] ==> [/lib64]
  collapse library dir [/usr/lib/../lib64] ==> [/usr/lib64]
  collapse library dir [/usr/local/gcc7.5/lib/gcc/x86_64-pc-linux-gnu/7.5.0/../../..] ==> [/usr/local/gcc7.5/lib]
  implicit libs: [gcc;gcc_s;c;gcc;gcc_s]
  implicit dirs: [/usr/local/gcc7.5/lib/gcc/x86_64-pc-linux-gnu/7.5.0;/usr/local/gcc7.5/lib64;/lib64;/usr/lib64;/usr/local/gcc7.5/lib]
  implicit fwks: []


Determining if the CXX compiler works passed with the following output:
Change Dir: /work/stu/ytdeng/cmodel/MyCmodel/build/CMakeFiles/CMakeTmp

Run Build Command(s):/usr/bin/gmake cmTC_ba9b2/fast && gmake[1]: Entering directory '/work/stu/ytdeng/cmodel/MyCmodel/build/CMakeFiles/CMakeTmp'
/usr/bin/gmake  -f CMakeFiles/cmTC_ba9b2.dir/build.make CMakeFiles/cmTC_ba9b2.dir/build
gmake[2]: Entering directory '/work/stu/ytdeng/cmodel/MyCmodel/build/CMakeFiles/CMakeTmp'
Building CXX object CMakeFiles/cmTC_ba9b2.dir/testCXXCompiler.cxx.o
/usr/bin/c++     -o CMakeFiles/cmTC_ba9b2.dir/testCXXCompiler.cxx.o -c /work/stu/ytdeng/cmodel/MyCmodel/build/CMakeFiles/CMakeTmp/testCXXCompiler.cxx
Linking CXX executable cmTC_ba9b2
/usr/bin/cmake3 -E cmake_link_script CMakeFiles/cmTC_ba9b2.dir/link.txt --verbose=1
/usr/bin/c++       CMakeFiles/cmTC_ba9b2.dir/testCXXCompiler.cxx.o  -o cmTC_ba9b2 
gmake[2]: Leaving directory '/work/stu/ytdeng/cmodel/MyCmodel/build/CMakeFiles/CMakeTmp'
gmake[1]: Leaving directory '/work/stu/ytdeng/cmodel/MyCmodel/build/CMakeFiles/CMakeTmp'



Detecting CXX compiler ABI info compiled with the following output:
Change Dir: /work/stu/ytdeng/cmodel/MyCmodel/build/CMakeFiles/CMakeTmp

Run Build Command(s):/usr/bin/gmake cmTC_605a2/fast && gmake[1]: Entering directory '/work/stu/ytdeng/cmodel/MyCmodel/build/CMakeFiles/CMakeTmp'
/usr/bin/gmake  -f CMakeFiles/cmTC_605a2.dir/build.make CMakeFiles/cmTC_605a2.dir/build
gmake[2]: Entering directory '/work/stu/ytdeng/cmodel/MyCmodel/build/CMakeFiles/CMakeTmp'
Building CXX object CMakeFiles/cmTC_605a2.dir/CMakeCXXCompilerABI.cpp.o
/usr/bin/c++    -v -o CMakeFiles/cmTC_605a2.dir/CMakeCXXCompilerABI.cpp.o -c /usr/share/cmake3/Modules/CMakeCXXCompilerABI.cpp
Using built-in specs.
COLLECT_GCC=/usr/bin/c++
Target: x86_64-pc-linux-gnu
Configured with: ../configure --prefix=/usr/local/gcc7.5 --enable-bootstrap --enable-shared --enable-threads=posix --enable-checking=release --with-system-zlib --enable-__cxa_atexit --disable-libunwind-exceptions --enable-gnu-unique-object --enable-linker-build-id --with-linker-hash-style=gnu --enable-languages=c,c++ --enable-plugin --enable-initfini-array --disable-libgcj --enable-gnu-indirect-function --with-tune=generic --disable-multilib
Thread model: posix
gcc version 7.5.0 (GCC) 
COLLECT_GCC_OPTIONS='-v' '-o' 'CMakeFiles/cmTC_605a2.dir/CMakeCXXCompilerABI.cpp.o' '-c' '-shared-libgcc' '-mtune=generic' '-march=x86-64'
 /usr/local/gcc7.5/libexec/gcc/x86_64-pc-linux-gnu/7.5.0/cc1plus -quiet -v -D_GNU_SOURCE /usr/share/cmake3/Modules/CMakeCXXCompilerABI.cpp -quiet -dumpbase CMakeCXXCompilerABI.cpp -mtune=generic -march=x86-64 -auxbase-strip CMakeFiles/cmTC_605a2.dir/CMakeCXXCompilerABI.cpp.o -version -o /tmp/ccjhSxmq.s
GNU C++14 (GCC) version 7.5.0 (x86_64-pc-linux-gnu)
	compiled by GNU C version 7.5.0, GMP version 6.1.0, MPFR version 3.1.4, MPC version 1.0.3, isl version isl-0.16.1-GMP

GGC heuristics: --param ggc-min-expand=100 --param ggc-min-heapsize=131072
ignoring nonexistent directory "/usr/local/gcc7.5/lib/gcc/x86_64-pc-linux-gnu/7.5.0/../../../../x86_64-pc-linux-gnu/include"
#include "..." search starts here:
#include <...> search starts here:
 /usr/local/gcc7.5/lib/gcc/x86_64-pc-linux-gnu/7.5.0/../../../../include/c++/7.5.0
 /usr/local/gcc7.5/lib/gcc/x86_64-pc-linux-gnu/7.5.0/../../../../include/c++/7.5.0/x86_64-pc-linux-gnu
 /usr/local/gcc7.5/lib/gcc/x86_64-pc-linux-gnu/7.5.0/../../../../include/c++/7.5.0/backward
 /usr/local/gcc7.5/lib/gcc/x86_64-pc-linux-gnu/7.5.0/include
 /usr/local/include
 /usr/local/gcc7.5/include
 /usr/local/gcc7.5/lib/gcc/x86_64-pc-linux-gnu/7.5.0/include-fixed
 /usr/include
End of search list.
GNU C++14 (GCC) version 7.5.0 (x86_64-pc-linux-gnu)
	compiled by GNU C version 7.5.0, GMP version 6.1.0, MPFR version 3.1.4, MPC version 1.0.3, isl version isl-0.16.1-GMP

GGC heuristics: --param ggc-min-expand=100 --param ggc-min-heapsize=131072
Compiler executable checksum: 1818438307d10a0f8acfd73ad97f7f90
COLLECT_GCC_OPTIONS='-v' '-o' 'CMakeFiles/cmTC_605a2.dir/CMakeCXXCompilerABI.cpp.o' '-c' '-shared-libgcc' '-mtune=generic' '-march=x86-64'
 as -v --64 -o CMakeFiles/cmTC_605a2.dir/CMakeCXXCompilerABI.cpp.o /tmp/ccjhSxmq.s
GNU assembler version 2.27 (x86_64-redhat-linux) using BFD version version 2.27-44.base.el7_9.1
COMPILER_PATH=/usr/local/gcc7.5/libexec/gcc/x86_64-pc-linux-gnu/7.5.0/:/usr/local/gcc7.5/libexec/gcc/x86_64-pc-linux-gnu/7.5.0/:/usr/local/gcc7.5/libexec/gcc/x86_64-pc-linux-gnu/:/usr/local/gcc7.5/lib/gcc/x86_64-pc-linux-gnu/7.5.0/:/usr/local/gcc7.5/lib/gcc/x86_64-pc-linux-gnu/
LIBRARY_PATH=/usr/local/gcc7.5/lib/gcc/x86_64-pc-linux-gnu/7.5.0/:/usr/local/gcc7.5/lib/gcc/x86_64-pc-linux-gnu/7.5.0/../../../../lib64/:/lib/../lib64/:/usr/lib/../lib64/:/usr/local/gcc7.5/lib/gcc/x86_64-pc-linux-gnu/7.5.0/../../../:/lib/:/usr/lib/
COLLECT_GCC_OPTIONS='-v' '-o' 'CMakeFiles/cmTC_605a2.dir/CMakeCXXCompilerABI.cpp.o' '-c' '-shared-libgcc' '-mtune=generic' '-march=x86-64'
Linking CXX executable cmTC_605a2
/usr/bin/cmake3 -E cmake_link_script CMakeFiles/cmTC_605a2.dir/link.txt --verbose=1
/usr/bin/c++      -v CMakeFiles/cmTC_605a2.dir/CMakeCXXCompilerABI.cpp.o  -o cmTC_605a2 
Using built-in specs.
COLLECT_GCC=/usr/bin/c++
COLLECT_LTO_WRAPPER=/usr/local/gcc7.5/libexec/gcc/x86_64-pc-linux-gnu/7.5.0/lto-wrapper
Target: x86_64-pc-linux-gnu
Configured with: ../configure --prefix=/usr/local/gcc7.5 --enable-bootstrap --enable-shared --enable-threads=posix --enable-checking=release --with-system-zlib --enable-__cxa_atexit --disable-libunwind-exceptions --enable-gnu-unique-object --enable-linker-build-id --with-linker-hash-style=gnu --enable-languages=c,c++ --enable-plugin --enable-initfini-array --disable-libgcj --enable-gnu-indirect-function --with-tune=generic --disable-multilib
Thread model: posix
gcc version 7.5.0 (GCC) 
COMPILER_PATH=/usr/local/gcc7.5/libexec/gcc/x86_64-pc-linux-gnu/7.5.0/:/usr/local/gcc7.5/libexec/gcc/x86_64-pc-linux-gnu/7.5.0/:/usr/local/gcc7.5/libexec/gcc/x86_64-pc-linux-gnu/:/usr/local/gcc7.5/lib/gcc/x86_64-pc-linux-gnu/7.5.0/:/usr/local/gcc7.5/lib/gcc/x86_64-pc-linux-gnu/
LIBRARY_PATH=/usr/local/gcc7.5/lib/gcc/x86_64-pc-linux-gnu/7.5.0/:/usr/local/gcc7.5/lib/gcc/x86_64-pc-linux-gnu/7.5.0/../../../../lib64/:/lib/../lib64/:/usr/lib/../lib64/:/usr/local/gcc7.5/lib/gcc/x86_64-pc-linux-gnu/7.5.0/../../../:/lib/:/usr/lib/
COLLECT_GCC_OPTIONS='-v' '-o' 'cmTC_605a2' '-shared-libgcc' '-mtune=generic' '-march=x86-64'
 /usr/local/gcc7.5/libexec/gcc/x86_64-pc-linux-gnu/7.5.0/collect2 -plugin /usr/local/gcc7.5/libexec/gcc/x86_64-pc-linux-gnu/7.5.0/liblto_plugin.so -plugin-opt=/usr/local/gcc7.5/libexec/gcc/x86_64-pc-linux-gnu/7.5.0/lto-wrapper -plugin-opt=-fresolution=/tmp/cccFdDLq.res -plugin-opt=-pass-through=-lgcc_s -plugin-opt=-pass-through=-lgcc -plugin-opt=-pass-through=-lc -plugin-opt=-pass-through=-lgcc_s -plugin-opt=-pass-through=-lgcc --build-id --eh-frame-hdr --hash-style=gnu -m elf_x86_64 -dynamic-linker /lib64/ld-linux-x86-64.so.2 -o cmTC_605a2 /lib/../lib64/crt1.o /lib/../lib64/crti.o /usr/local/gcc7.5/lib/gcc/x86_64-pc-linux-gnu/7.5.0/crtbegin.o -L/usr/local/gcc7.5/lib/gcc/x86_64-pc-linux-gnu/7.5.0 -L/usr/local/gcc7.5/lib/gcc/x86_64-pc-linux-gnu/7.5.0/../../../../lib64 -L/lib/../lib64 -L/usr/lib/../lib64 -L/usr/local/gcc7.5/lib/gcc/x86_64-pc-linux-gnu/7.5.0/../../.. CMakeFiles/cmTC_605a2.dir/CMakeCXXCompilerABI.cpp.o -lstdc++ -lm -lgcc_s -lgcc -lc -lgcc_s -lgcc /usr/local/gcc7.5/lib/gcc/x86_64-pc-linux-gnu/7.5.0/crtend.o /lib/../lib64/crtn.o
COLLECT_GCC_OPTIONS='-v' '-o' 'cmTC_605a2' '-shared-libgcc' '-mtune=generic' '-march=x86-64'
gmake[2]: Leaving directory '/work/stu/ytdeng/cmodel/MyCmodel/build/CMakeFiles/CMakeTmp'
gmake[1]: Leaving directory '/work/stu/ytdeng/cmodel/MyCmodel/build/CMakeFiles/CMakeTmp'



Parsed CXX implicit include dir info from above output: rv=done
  found start of include info
  found start of implicit include info
    add: [/usr/local/gcc7.5/lib/gcc/x86_64-pc-linux-gnu/7.5.0/../../../../include/c++/7.5.0]
    add: [/usr/local/gcc7.5/lib/gcc/x86_64-pc-linux-gnu/7.5.0/../../../../include/c++/7.5.0/x86_64-pc-linux-gnu]
    add: [/usr/local/gcc7.5/lib/gcc/x86_64-pc-linux-gnu/7.5.0/../../../../include/c++/7.5.0/backward]
    add: [/usr/local/gcc7.5/lib/gcc/x86_64-pc-linux-gnu/7.5.0/include]
    add: [/usr/local/include]
    add: [/usr/local/gcc7.5/include]
    add: [/usr/local/gcc7.5/lib/gcc/x86_64-pc-linux-gnu/7.5.0/include-fixed]
    add: [/usr/include]
  end of search list found
  collapse include dir [/usr/local/gcc7.5/lib/gcc/x86_64-pc-linux-gnu/7.5.0/../../../../include/c++/7.5.0] ==> [/usr/local/gcc7.5/include/c++/7.5.0]
  collapse include dir [/usr/local/gcc7.5/lib/gcc/x86_64-pc-linux-gnu/7.5.0/../../../../include/c++/7.5.0/x86_64-pc-linux-gnu] ==> [/usr/local/gcc7.5/include/c++/7.5.0/x86_64-pc-linux-gnu]
  collapse include dir [/usr/local/gcc7.5/lib/gcc/x86_64-pc-linux-gnu/7.5.0/../../../../include/c++/7.5.0/backward] ==> [/usr/local/gcc7.5/include/c++/7.5.0/backward]
  collapse include dir [/usr/local/gcc7.5/lib/gcc/x86_64-pc-linux-gnu/7.5.0/include] ==> [/usr/local/gcc7.5/lib/gcc/x86_64-pc-linux-gnu/7.5.0/include]
  collapse include dir [/usr/local/include] ==> [/usr/local/include]
  collapse include dir [/usr/local/gcc7.5/include] ==> [/usr/local/gcc7.5/include]
  collapse include dir [/usr/local/gcc7.5/lib/gcc/x86_64-pc-linux-gnu/7.5.0/include-fixed] ==> [/usr/local/gcc7.5/lib/gcc/x86_64-pc-linux-gnu/7.5.0/include-fixed]
  collapse include dir [/usr/include] ==> [/usr/include]
  implicit include dirs: [/usr/local/gcc7.5/include/c++/7.5.0;/usr/local/gcc7.5/include/c++/7.5.0/x86_64-pc-linux-gnu;/usr/local/gcc7.5/include/c++/7.5.0/backward;/usr/local/gcc7.5/lib/gcc/x86_64-pc-linux-gnu/7.5.0/include;/usr/local/include;/usr/local/gcc7.5/include;/usr/local/gcc7.5/lib/gcc/x86_64-pc-linux-gnu/7.5.0/include-fixed;/usr/include]


Parsed CXX implicit link information from above output:
  link line regex: [^( *|.*[/\])(ld|CMAKE_LINK_STARTFILE-NOTFOUND|([^/\]+-)?ld|collect2)[^/\]*( |$)]
  ignore line: [Change Dir: /work/stu/ytdeng/cmodel/MyCmodel/build/CMakeFiles/CMakeTmp]
  ignore line: []
  ignore line: [Run Build Command(s):/usr/bin/gmake cmTC_605a2/fast && gmake[1]: Entering directory '/work/stu/ytdeng/cmodel/MyCmodel/build/CMakeFiles/CMakeTmp']
  ignore line: [/usr/bin/gmake  -f CMakeFiles/cmTC_605a2.dir/build.make CMakeFiles/cmTC_605a2.dir/build]
  ignore line: [gmake[2]: Entering directory '/work/stu/ytdeng/cmodel/MyCmodel/build/CMakeFiles/CMakeTmp']
  ignore line: [Building CXX object CMakeFiles/cmTC_605a2.dir/CMakeCXXCompilerABI.cpp.o]
  ignore line: [/usr/bin/c++    -v -o CMakeFiles/cmTC_605a2.dir/CMakeCXXCompilerABI.cpp.o -c /usr/share/cmake3/Modules/CMakeCXXCompilerABI.cpp]
  ignore line: [Using built-in specs.]
  ignore line: [COLLECT_GCC=/usr/bin/c++]
  ignore line: [Target: x86_64-pc-linux-gnu]
  ignore line: [Configured with: ../configure --prefix=/usr/local/gcc7.5 --enable-bootstrap --enable-shared --enable-threads=posix --enable-checking=release --with-system-zlib --enable-__cxa_atexit --disable-libunwind-exceptions --enable-gnu-unique-object --enable-linker-build-id --with-linker-hash-style=gnu --enable-languages=c c++ --enable-plugin --enable-initfini-array --disable-libgcj --enable-gnu-indirect-function --with-tune=generic --disable-multilib]
  ignore line: [Thread model: posix]
  ignore line: [gcc version 7.5.0 (GCC) ]
  ignore line: [COLLECT_GCC_OPTIONS='-v' '-o' 'CMakeFiles/cmTC_605a2.dir/CMakeCXXCompilerABI.cpp.o' '-c' '-shared-libgcc' '-mtune=generic' '-march=x86-64']
  ignore line: [ /usr/local/gcc7.5/libexec/gcc/x86_64-pc-linux-gnu/7.5.0/cc1plus -quiet -v -D_GNU_SOURCE /usr/share/cmake3/Modules/CMakeCXXCompilerABI.cpp -quiet -dumpbase CMakeCXXCompilerABI.cpp -mtune=generic -march=x86-64 -auxbase-strip CMakeFiles/cmTC_605a2.dir/CMakeCXXCompilerABI.cpp.o -version -o /tmp/ccjhSxmq.s]
  ignore line: [GNU C++14 (GCC) version 7.5.0 (x86_64-pc-linux-gnu)]
  ignore line: [	compiled by GNU C version 7.5.0  GMP version 6.1.0  MPFR version 3.1.4  MPC version 1.0.3  isl version isl-0.16.1-GMP]
  ignore line: []
  ignore line: [GGC heuristics: --param ggc-min-expand=100 --param ggc-min-heapsize=131072]
  ignore line: [ignoring nonexistent directory "/usr/local/gcc7.5/lib/gcc/x86_64-pc-linux-gnu/7.5.0/../../../../x86_64-pc-linux-gnu/include"]
  ignore line: [#include "..." search starts here:]
  ignore line: [#include <...> search starts here:]
  ignore line: [ /usr/local/gcc7.5/lib/gcc/x86_64-pc-linux-gnu/7.5.0/../../../../include/c++/7.5.0]
  ignore line: [ /usr/local/gcc7.5/lib/gcc/x86_64-pc-linux-gnu/7.5.0/../../../../include/c++/7.5.0/x86_64-pc-linux-gnu]
  ignore line: [ /usr/local/gcc7.5/lib/gcc/x86_64-pc-linux-gnu/7.5.0/../../../../include/c++/7.5.0/backward]
  ignore line: [ /usr/local/gcc7.5/lib/gcc/x86_64-pc-linux-gnu/7.5.0/include]
  ignore line: [ /usr/local/include]
  ignore line: [ /usr/local/gcc7.5/include]
  ignore line: [ /usr/local/gcc7.5/lib/gcc/x86_64-pc-linux-gnu/7.5.0/include-fixed]
  ignore line: [ /usr/include]
  ignore line: [End of search list.]
  ignore line: [GNU C++14 (GCC) version 7.5.0 (x86_64-pc-linux-gnu)]
  ignore line: [	compiled by GNU C version 7.5.0  GMP version 6.1.0  MPFR version 3.1.4  MPC version 1.0.3  isl version isl-0.16.1-GMP]
  ignore line: []
  ignore line: [GGC heuristics: --param ggc-min-expand=100 --param ggc-min-heapsize=131072]
  ignore line: [Compiler executable checksum: 1818438307d10a0f8acfd73ad97f7f90]
  ignore line: [COLLECT_GCC_OPTIONS='-v' '-o' 'CMakeFiles/cmTC_605a2.dir/CMakeCXXCompilerABI.cpp.o' '-c' '-shared-libgcc' '-mtune=generic' '-march=x86-64']
  ignore line: [ as -v --64 -o CMakeFiles/cmTC_605a2.dir/CMakeCXXCompilerABI.cpp.o /tmp/ccjhSxmq.s]
  ignore line: [GNU assembler version 2.27 (x86_64-redhat-linux) using BFD version version 2.27-44.base.el7_9.1]
  ignore line: [COMPILER_PATH=/usr/local/gcc7.5/libexec/gcc/x86_64-pc-linux-gnu/7.5.0/:/usr/local/gcc7.5/libexec/gcc/x86_64-pc-linux-gnu/7.5.0/:/usr/local/gcc7.5/libexec/gcc/x86_64-pc-linux-gnu/:/usr/local/gcc7.5/lib/gcc/x86_64-pc-linux-gnu/7.5.0/:/usr/local/gcc7.5/lib/gcc/x86_64-pc-linux-gnu/]
  ignore line: [LIBRARY_PATH=/usr/local/gcc7.5/lib/gcc/x86_64-pc-linux-gnu/7.5.0/:/usr/local/gcc7.5/lib/gcc/x86_64-pc-linux-gnu/7.5.0/../../../../lib64/:/lib/../lib64/:/usr/lib/../lib64/:/usr/local/gcc7.5/lib/gcc/x86_64-pc-linux-gnu/7.5.0/../../../:/lib/:/usr/lib/]
  ignore line: [COLLECT_GCC_OPTIONS='-v' '-o' 'CMakeFiles/cmTC_605a2.dir/CMakeCXXCompilerABI.cpp.o' '-c' '-shared-libgcc' '-mtune=generic' '-march=x86-64']
  ignore line: [Linking CXX executable cmTC_605a2]
  ignore line: [/usr/bin/cmake3 -E cmake_link_script CMakeFiles/cmTC_605a2.dir/link.txt --verbose=1]
  ignore line: [/usr/bin/c++      -v CMakeFiles/cmTC_605a2.dir/CMakeCXXCompilerABI.cpp.o  -o cmTC_605a2 ]
  ignore line: [Using built-in specs.]
  ignore line: [COLLECT_GCC=/usr/bin/c++]
  ignore line: [COLLECT_LTO_WRAPPER=/usr/local/gcc7.5/libexec/gcc/x86_64-pc-linux-gnu/7.5.0/lto-wrapper]
  ignore line: [Target: x86_64-pc-linux-gnu]
  ignore line: [Configured with: ../configure --prefix=/usr/local/gcc7.5 --enable-bootstrap --enable-shared --enable-threads=posix --enable-checking=release --with-system-zlib --enable-__cxa_atexit --disable-libunwind-exceptions --enable-gnu-unique-object --enable-linker-build-id --with-linker-hash-style=gnu --enable-languages=c c++ --enable-plugin --enable-initfini-array --disable-libgcj --enable-gnu-indirect-function --with-tune=generic --disable-multilib]
  ignore line: [Thread model: posix]
  ignore line: [gcc version 7.5.0 (GCC) ]
  ignore line: [COMPILER_PATH=/usr/local/gcc7.5/libexec/gcc/x86_64-pc-linux-gnu/7.5.0/:/usr/local/gcc7.5/libexec/gcc/x86_64-pc-linux-gnu/7.5.0/:/usr/local/gcc7.5/libexec/gcc/x86_64-pc-linux-gnu/:/usr/local/gcc7.5/lib/gcc/x86_64-pc-linux-gnu/7.5.0/:/usr/local/gcc7.5/lib/gcc/x86_64-pc-linux-gnu/]
  ignore line: [LIBRARY_PATH=/usr/local/gcc7.5/lib/gcc/x86_64-pc-linux-gnu/7.5.0/:/usr/local/gcc7.5/lib/gcc/x86_64-pc-linux-gnu/7.5.0/../../../../lib64/:/lib/../lib64/:/usr/lib/../lib64/:/usr/local/gcc7.5/lib/gcc/x86_64-pc-linux-gnu/7.5.0/../../../:/lib/:/usr/lib/]
  ignore line: [COLLECT_GCC_OPTIONS='-v' '-o' 'cmTC_605a2' '-shared-libgcc' '-mtune=generic' '-march=x86-64']
  link line: [ /usr/local/gcc7.5/libexec/gcc/x86_64-pc-linux-gnu/7.5.0/collect2 -plugin /usr/local/gcc7.5/libexec/gcc/x86_64-pc-linux-gnu/7.5.0/liblto_plugin.so -plugin-opt=/usr/local/gcc7.5/libexec/gcc/x86_64-pc-linux-gnu/7.5.0/lto-wrapper -plugin-opt=-fresolution=/tmp/cccFdDLq.res -plugin-opt=-pass-through=-lgcc_s -plugin-opt=-pass-through=-lgcc -plugin-opt=-pass-through=-lc -plugin-opt=-pass-through=-lgcc_s -plugin-opt=-pass-through=-lgcc --build-id --eh-frame-hdr --hash-style=gnu -m elf_x86_64 -dynamic-linker /lib64/ld-linux-x86-64.so.2 -o cmTC_605a2 /lib/../lib64/crt1.o /lib/../lib64/crti.o /usr/local/gcc7.5/lib/gcc/x86_64-pc-linux-gnu/7.5.0/crtbegin.o -L/usr/local/gcc7.5/lib/gcc/x86_64-pc-linux-gnu/7.5.0 -L/usr/local/gcc7.5/lib/gcc/x86_64-pc-linux-gnu/7.5.0/../../../../lib64 -L/lib/../lib64 -L/usr/lib/../lib64 -L/usr/local/gcc7.5/lib/gcc/x86_64-pc-linux-gnu/7.5.0/../../.. CMakeFiles/cmTC_605a2.dir/CMakeCXXCompilerABI.cpp.o -lstdc++ -lm -lgcc_s -lgcc -lc -lgcc_s -lgcc /usr/local/gcc7.5/lib/gcc/x86_64-pc-linux-gnu/7.5.0/crtend.o /lib/../lib64/crtn.o]
    arg [/usr/local/gcc7.5/libexec/gcc/x86_64-pc-linux-gnu/7.5.0/collect2] ==> ignore
    arg [-plugin] ==> ignore
    arg [/usr/local/gcc7.5/libexec/gcc/x86_64-pc-linux-gnu/7.5.0/liblto_plugin.so] ==> ignore
    arg [-plugin-opt=/usr/local/gcc7.5/libexec/gcc/x86_64-pc-linux-gnu/7.5.0/lto-wrapper] ==> ignore
    arg [-plugin-opt=-fresolution=/tmp/cccFdDLq.res] ==> ignore
    arg [-plugin-opt=-pass-through=-lgcc_s] ==> ignore
    arg [-plugin-opt=-pass-through=-lgcc] ==> ignore
    arg [-plugin-opt=-pass-through=-lc] ==> ignore
    arg [-plugin-opt=-pass-through=-lgcc_s] ==> ignore
    arg [-plugin-opt=-pass-through=-lgcc] ==> ignore
    arg [--build-id] ==> ignore
    arg [--eh-frame-hdr] ==> ignore
    arg [--hash-style=gnu] ==> ignore
    arg [-m] ==> ignore
    arg [elf_x86_64] ==> ignore
    arg [-dynamic-linker] ==> ignore
    arg [/lib64/ld-linux-x86-64.so.2] ==> ignore
    arg [-o] ==> ignore
    arg [cmTC_605a2] ==> ignore
    arg [/lib/../lib64/crt1.o] ==> ignore
    arg [/lib/../lib64/crti.o] ==> ignore
    arg [/usr/local/gcc7.5/lib/gcc/x86_64-pc-linux-gnu/7.5.0/crtbegin.o] ==> ignore
    arg [-L/usr/local/gcc7.5/lib/gcc/x86_64-pc-linux-gnu/7.5.0] ==> dir [/usr/local/gcc7.5/lib/gcc/x86_64-pc-linux-gnu/7.5.0]
    arg [-L/usr/local/gcc7.5/lib/gcc/x86_64-pc-linux-gnu/7.5.0/../../../../lib64] ==> dir [/usr/local/gcc7.5/lib/gcc/x86_64-pc-linux-gnu/7.5.0/../../../../lib64]
    arg [-L/lib/../lib64] ==> dir [/lib/../lib64]
    arg [-L/usr/lib/../lib64] ==> dir [/usr/lib/../lib64]
    arg [-L/usr/local/gcc7.5/lib/gcc/x86_64-pc-linux-gnu/7.5.0/../../..] ==> dir [/usr/local/gcc7.5/lib/gcc/x86_64-pc-linux-gnu/7.5.0/../../..]
    arg [CMakeFiles/cmTC_605a2.dir/CMakeCXXCompilerABI.cpp.o] ==> ignore
    arg [-lstdc++] ==> lib [stdc++]
    arg [-lm] ==> lib [m]
    arg [-lgcc_s] ==> lib [gcc_s]
    arg [-lgcc] ==> lib [gcc]
    arg [-lc] ==> lib [c]
    arg [-lgcc_s] ==> lib [gcc_s]
    arg [-lgcc] ==> lib [gcc]
    arg [/usr/local/gcc7.5/lib/gcc/x86_64-pc-linux-gnu/7.5.0/crtend.o] ==> ignore
    arg [/lib/../lib64/crtn.o] ==> ignore
  collapse library dir [/usr/local/gcc7.5/lib/gcc/x86_64-pc-linux-gnu/7.5.0] ==> [/usr/local/gcc7.5/lib/gcc/x86_64-pc-linux-gnu/7.5.0]
  collapse library dir [/usr/local/gcc7.5/lib/gcc/x86_64-pc-linux-gnu/7.5.0/../../../../lib64] ==> [/usr/local/gcc7.5/lib64]
  collapse library dir [/lib/../lib64] ==> [/lib64]
  collapse library dir [/usr/lib/../lib64] ==> [/usr/lib64]
  collapse library dir [/usr/local/gcc7.5/lib/gcc/x86_64-pc-linux-gnu/7.5.0/../../..] ==> [/usr/local/gcc7.5/lib]
  implicit libs: [stdc++;m;gcc_s;gcc;c;gcc_s;gcc]
  implicit dirs: [/usr/local/gcc7.5/lib/gcc/x86_64-pc-linux-gnu/7.5.0;/usr/local/gcc7.5/lib64;/lib64;/usr/lib64;/usr/local/gcc7.5/lib]
  implicit fwks: []


