Fri Jan 20 06:26:03 UTC 2023 - Executing "openroad -python /openlane/scripts/odbpy/lefutil.py get_metal_layers -o /openlane/designs/hehe/runs/RUN_2023.01.20_06.26.02/tmp/layers.list /work/stu/ytdeng/Openlane/OpenLane/pdks/sky130A/libs.ref/sky130_fd_sc_hd/techlef/sky130_fd_sc_hd__nom.tlef"

Fri Jan 20 06:26:04 UTC 2023 - Executing "/openlane/scripts/mergeLef.py -o /openlane/designs/hehe/runs/RUN_2023.01.20_06.26.02/tmp/merged.nom.lef -i /work/stu/ytdeng/Openlane/OpenLane/pdks/sky130A/libs.ref/sky130_fd_sc_hd/techlef/sky130_fd_sc_hd__nom.tlef {/work/stu/ytdeng/Openlane/OpenLane/pdks/sky130A/libs.ref/sky130_fd_sc_hd/lef/sky130_ef_sc_hd.lef /work/stu/ytdeng/Openlane/OpenLane/pdks/sky130A/libs.ref/sky130_fd_sc_hd/lef/sky130_fd_sc_hd.lef} |& tee /dev/null"

Fri Jan 20 06:26:04 UTC 2023 - Executing "/openlane/scripts/mergeLef.py -o /openlane/designs/hehe/runs/RUN_2023.01.20_06.26.02/tmp/merged.min.lef -i /work/stu/ytdeng/Openlane/OpenLane/pdks/sky130A/libs.ref/sky130_fd_sc_hd/techlef/sky130_fd_sc_hd__min.tlef {/work/stu/ytdeng/Openlane/OpenLane/pdks/sky130A/libs.ref/sky130_fd_sc_hd/lef/sky130_ef_sc_hd.lef /work/stu/ytdeng/Openlane/OpenLane/pdks/sky130A/libs.ref/sky130_fd_sc_hd/lef/sky130_fd_sc_hd.lef} |& tee /dev/null"

Fri Jan 20 06:26:04 UTC 2023 - Executing "/openlane/scripts/mergeLef.py -o /openlane/designs/hehe/runs/RUN_2023.01.20_06.26.02/tmp/merged.max.lef -i /work/stu/ytdeng/Openlane/OpenLane/pdks/sky130A/libs.ref/sky130_fd_sc_hd/techlef/sky130_fd_sc_hd__max.tlef {/work/stu/ytdeng/Openlane/OpenLane/pdks/sky130A/libs.ref/sky130_fd_sc_hd/lef/sky130_ef_sc_hd.lef /work/stu/ytdeng/Openlane/OpenLane/pdks/sky130A/libs.ref/sky130_fd_sc_hd/lef/sky130_fd_sc_hd.lef} |& tee /dev/null"

Fri Jan 20 06:26:04 UTC 2023 - Executing "python3 /openlane/scripts/mergeLib.py --output /openlane/designs/hehe/runs/RUN_2023.01.20_06.26.02/tmp/synthesis/merged.lib --name sky130A_merged /work/stu/ytdeng/Openlane/OpenLane/pdks/sky130A/libs.ref/sky130_fd_sc_hd/lib/sky130_fd_sc_hd__tt_100C_1v80.lib"

Fri Jan 20 06:26:05 UTC 2023 - Executing "python3 /openlane/scripts/libtrim.py --cell-file /openlane/designs/hehe/runs/RUN_2023.01.20_06.26.02/tmp/synthesis/trimmed.lib.exclude.list --output /openlane/designs/hehe/runs/RUN_2023.01.20_06.26.02/tmp/synthesis/trimmed.lib /openlane/designs/hehe/runs/RUN_2023.01.20_06.26.02/tmp/synthesis/merged.lib"

Fri Jan 20 06:26:05 UTC 2023 - Executing "python3 /openlane/scripts/libtrim.py --cell-file /openlane/designs/hehe/runs/RUN_2023.01.20_06.26.02/tmp/cts/cts.lib.exclude.list --output /openlane/designs/hehe/runs/RUN_2023.01.20_06.26.02/tmp/cts/cts.lib /work/stu/ytdeng/Openlane/OpenLane/pdks/sky130A/libs.ref/sky130_fd_sc_hd/lib/sky130_fd_sc_hd__tt_100C_1v80.lib"

Fri Jan 20 06:26:06 UTC 2023 - Executing "python3 /openlane/scripts/new_tracks.py -i /work/stu/ytdeng/Openlane/OpenLane/pdks/sky130A/libs.tech/openlane/sky130_fd_sc_hd/tracks.info -o /openlane/designs/hehe/runs/RUN_2023.01.20_06.26.02/tmp/routing/config.tracks"

Fri Jan 20 06:26:06 UTC 2023 - Executing "echo {OpenLane e3a5189a1b0fc4290686fcf2ae46cd6d7947cf9f} > /openlane/designs/hehe/runs/RUN_2023.01.20_06.26.02/OPENLANE_VERSION"

Fri Jan 20 06:26:06 UTC 2023 - Executing "sed -E {s/^([[:space:]]+)pg_pin(.*)/\1pin\2\n\1    direction : "inout";/g} /work/stu/ytdeng/Openlane/OpenLane/pdks/sky130A/libs.ref/sky130_fd_sc_hd/lib/sky130_fd_sc_hd__tt_100C_1v80.lib > /openlane/designs/hehe/runs/RUN_2023.01.20_06.26.02/tmp/synthesis/1-sky130_fd_sc_hd__tt_100C_1v80.no_pg.lib"

Fri Jan 20 06:26:06 UTC 2023 - Executing "sed -E {s/^([[:space:]]+)pg_pin(.*)/\1pin\2\n\1    direction : "inout";/g} /openlane/designs/hehe/runs/RUN_2023.01.20_06.26.02/tmp/synthesis/trimmed.lib > /openlane/designs/hehe/runs/RUN_2023.01.20_06.26.02/tmp/synthesis/1-trimmed.no_pg.lib"

Fri Jan 20 06:26:07 UTC 2023 - Executing "yosys -c /openlane/scripts/yosys/synth.tcl -l /openlane/designs/hehe/runs/RUN_2023.01.20_06.26.02/logs/synthesis/1-synthesis.log |& tee /dev/null"

Fri Jan 20 06:32:58 UTC 2023 - Executing "sed -i -e {s/\(set ::env(CURRENT_NETLIST)\).*/\1 \/openlane\/designs\/hehe\/runs\/RUN_2023.01.20_06.26.02\/results\/synthesis\/hehe.v/} /openlane/designs/hehe/runs/RUN_2023.01.20_06.26.02/config.tcl"

Fri Jan 20 06:32:58 UTC 2023 - Executing "sed -i /defparam/d /openlane/designs/hehe/runs/RUN_2023.01.20_06.26.02/results/synthesis/hehe.v"

Fri Jan 20 06:32:59 UTC 2023 - Executing "openroad -exit /openlane/scripts/openroad/sta.tcl |& tee /dev/null /openlane/designs/hehe/runs/RUN_2023.01.20_06.26.02/logs/synthesis/2-sta.log"

Fri Jan 20 06:33:17 UTC 2023 - Executing "openroad -exit /openlane/scripts/openroad/floorplan.tcl |& tee /dev/null /openlane/designs/hehe/runs/RUN_2023.01.20_06.26.02/logs/floorplan/3-initial_fp.log"

Fri Jan 20 06:33:18 UTC 2023 - Executing "openroad -exit /openlane/scripts/openroad/floorplan.tcl |& tee /dev/null /openlane/designs/hehe/runs/RUN_2023.01.20_06.26.02/logs/floorplan/3-initial_fp.log"

Fri Jan 20 06:33:20 UTC 2023 - Executing "openroad -python /openlane/scripts/odbpy/defutil.py extract_core_dims --output-data /openlane/designs/hehe/runs/RUN_2023.01.20_06.26.02/tmp/dimensions.txt --input-lef /openlane/designs/hehe/runs/RUN_2023.01.20_06.26.02/tmp/merged.nom.lef /openlane/designs/hehe/runs/RUN_2023.01.20_06.26.02/tmp/floorplan/3-initial_fp.def"

Fri Jan 20 06:33:21 UTC 2023 - Executing "openroad -exit /openlane/scripts/openroad/ioplacer.tcl |& tee /dev/null /openlane/designs/hehe/runs/RUN_2023.01.20_06.26.02/logs/floorplan/4-io.log"

Fri Jan 20 06:33:22 UTC 2023 - Executing "openroad -exit /openlane/scripts/openroad/tapcell.tcl |& tee /dev/null /openlane/designs/hehe/runs/RUN_2023.01.20_06.26.02/logs/floorplan/5-tap.log"

Fri Jan 20 06:33:25 UTC 2023 - Executing "openroad -exit /openlane/scripts/openroad/pdn.tcl |& tee /dev/null /openlane/designs/hehe/runs/RUN_2023.01.20_06.26.02/logs/floorplan/6-pdn.log"

Fri Jan 20 06:33:34 UTC 2023 - Executing "openroad -exit /openlane/scripts/openroad/gpl.tcl |& tee /dev/null /openlane/designs/hehe/runs/RUN_2023.01.20_06.26.02/logs/placement/7-global.log"

Fri Jan 20 06:36:58 UTC 2023 - Executing "openroad -exit /openlane/scripts/openroad/resizer.tcl |& tee /dev/null /openlane/designs/hehe/runs/RUN_2023.01.20_06.26.02/logs/placement/8-resizer.log"

Fri Jan 20 06:37:35 UTC 2023 - Executing "sed -i -e {s/\(set ::env(CURRENT_NETLIST)\).*/\1 \/openlane\/designs\/hehe\/runs\/RUN_2023.01.20_06.26.02\/tmp\/placement\/8-resizer.nl.v/} /openlane/designs/hehe/runs/RUN_2023.01.20_06.26.02/config.tcl"

Fri Jan 20 06:37:35 UTC 2023 - Executing "openroad -exit /openlane/scripts/openroad/dpl.tcl |& tee /dev/null /openlane/designs/hehe/runs/RUN_2023.01.20_06.26.02/logs/placement/9-detailed.log"

Fri Jan 20 06:37:39 UTC 2023 - Executing "sed -i -e {s/\(set ::env(CURRENT_NETLIST)\).*/\1 \/openlane\/designs\/hehe\/runs\/RUN_2023.01.20_06.26.02\/results\/placement\/hehe.nl.v/} /openlane/designs/hehe/runs/RUN_2023.01.20_06.26.02/config.tcl"

Fri Jan 20 06:37:39 UTC 2023 - Executing "openroad -exit /openlane/scripts/openroad/cts.tcl |& tee /dev/null /openlane/designs/hehe/runs/RUN_2023.01.20_06.26.02/logs/cts/10-cts.log"

Fri Jan 20 06:38:55 UTC 2023 - Executing "openroad -exit /openlane/scripts/openroad/resizer_timing.tcl |& tee /dev/null /openlane/designs/hehe/runs/RUN_2023.01.20_06.26.02/logs/cts/11-resizer.log"

Fri Jan 20 06:39:32 UTC 2023 - Executing "sed -i -e {s/\(set ::env(CURRENT_NETLIST)\).*/\1 \/openlane\/designs\/hehe\/runs\/RUN_2023.01.20_06.26.02\/tmp\/cts\/11-hehe.resized.nl.v/} /openlane/designs/hehe/runs/RUN_2023.01.20_06.26.02/config.tcl"

Fri Jan 20 06:39:32 UTC 2023 - Executing "openroad -exit /openlane/scripts/openroad/resizer_routing_timing.tcl |& tee /dev/null /openlane/designs/hehe/runs/RUN_2023.01.20_06.26.02/logs/routing/12-resizer.log"

Fri Jan 20 06:40:11 UTC 2023 - Executing "sed -i -e {s/\(set ::env(CURRENT_NETLIST)\).*/\1 \/openlane\/designs\/hehe\/runs\/RUN_2023.01.20_06.26.02\/tmp\/12-hehe.nl.v/} /openlane/designs/hehe/runs/RUN_2023.01.20_06.26.02/config.tcl"

Fri Jan 20 06:40:12 UTC 2023 - Executing "openroad -exit /openlane/scripts/openroad/dpl.tcl |& tee /dev/null /openlane/designs/hehe/runs/RUN_2023.01.20_06.26.02/logs/routing/13-diode_legalization.log"

Fri Jan 20 06:40:16 UTC 2023 - Executing "sed -i -e {s/\(set ::env(CURRENT_NETLIST)\).*/\1 \/openlane\/designs\/hehe\/runs\/RUN_2023.01.20_06.26.02\/tmp\/routing\/diode.nl.v/} /openlane/designs/hehe/runs/RUN_2023.01.20_06.26.02/config.tcl"

Fri Jan 20 06:40:16 UTC 2023 - Executing "openroad -exit /openlane/scripts/openroad/groute.tcl |& tee /dev/null /openlane/designs/hehe/runs/RUN_2023.01.20_06.26.02/logs/routing/14-global.log"

Fri Jan 20 06:41:11 UTC 2023 - Executing "openroad -python /openlane/scripts/odbpy/defutil.py replace_instance_prefixes --original-prefix ANTENNA --new-prefix INSDIODE1 --input-lef /openlane/designs/hehe/runs/RUN_2023.01.20_06.26.02/tmp/merged.nom.lef --output-def /openlane/designs/hehe/runs/RUN_2023.01.20_06.26.02/tmp/routing/diode.def --output /openlane/designs/hehe/runs/RUN_2023.01.20_06.26.02/tmp/routing/diode.odb /openlane/designs/hehe/runs/RUN_2023.01.20_06.26.02/tmp/routing/diode.odb |& tee /dev/null /openlane/designs/hehe/runs/RUN_2023.01.20_06.26.02/logs/routing/14-antenna_diodes_1.log"

Fri Jan 20 06:41:14 UTC 2023 - Executing "openroad -exit /openlane/scripts/openroad/groute.tcl |& tee /dev/null /openlane/designs/hehe/runs/RUN_2023.01.20_06.26.02/logs/routing/14-antenna_route_1.log"

Fri Jan 20 06:42:09 UTC 2023 - Executing "openroad -exit /openlane/scripts/openroad/write_views.tcl |& tee /dev/null /openlane/designs/hehe/runs/RUN_2023.01.20_06.26.02/logs/routing/14-global_write_netlist.log"

Fri Jan 20 06:42:11 UTC 2023 - Executing "sed -i -e {s/\(set ::env(CURRENT_NETLIST)\).*/\1 \/openlane\/designs\/hehe\/runs\/RUN_2023.01.20_06.26.02\/tmp\/routing\/global.nl.v/} /openlane/designs/hehe/runs/RUN_2023.01.20_06.26.02/config.tcl"

Fri Jan 20 06:42:12 UTC 2023 - Executing "openroad -exit /openlane/scripts/openroad/fill.tcl |& tee /dev/null /openlane/designs/hehe/runs/RUN_2023.01.20_06.26.02/logs/routing/16-fill.log"

Fri Jan 20 06:42:23 UTC 2023 - Executing "sed -i -e {s/\(set ::env(CURRENT_NETLIST)\).*/\1 \/openlane\/designs\/hehe\/runs\/RUN_2023.01.20_06.26.02\/tmp\/routing\/16-fill.nl.v/} /openlane/designs/hehe/runs/RUN_2023.01.20_06.26.02/config.tcl"

Fri Jan 20 06:42:23 UTC 2023 - Executing "openroad -exit /openlane/scripts/openroad/droute.tcl |& tee /dev/null /openlane/designs/hehe/runs/RUN_2023.01.20_06.26.02/logs/routing/17-detailed.log"

Fri Jan 20 07:05:30 UTC 2023 - Executing "sed -i -e {s/\(set ::env(CURRENT_NETLIST)\).*/\1 \/openlane\/designs\/hehe\/runs\/RUN_2023.01.20_06.26.02\/results\/routing\/hehe.nl.v/} /openlane/designs/hehe/runs/RUN_2023.01.20_06.26.02/config.tcl"

Fri Jan 20 07:05:30 UTC 2023 - Executing "openroad -python /openlane/scripts/drc_rosetta.py tr to_klayout -o /openlane/designs/hehe/runs/RUN_2023.01.20_06.26.02/reports/routing/drt.klayout.xml --design-name hehe /openlane/designs/hehe/runs/RUN_2023.01.20_06.26.02/reports/routing/drt.drc"

Fri Jan 20 07:05:30 UTC 2023 - Executing "openroad -exit /openlane/scripts/openroad/rcx.tcl |& tee /dev/null /openlane/designs/hehe/runs/RUN_2023.01.20_06.26.02/logs/signoff/18-parasitics_extraction.min.log"

Fri Jan 20 07:06:11 UTC 2023 - Executing "openroad -exit /openlane/scripts/openroad/sta_multi_corner.tcl |& tee /dev/null /openlane/designs/hehe/runs/RUN_2023.01.20_06.26.02/logs/signoff/19-rcx_mcsta.min.log"

Fri Jan 20 07:10:22 UTC 2023 - Executing "openroad -exit /openlane/scripts/openroad/rcx.tcl |& tee /dev/null /openlane/designs/hehe/runs/RUN_2023.01.20_06.26.02/logs/signoff/20-parasitics_extraction.max.log"

Fri Jan 20 07:11:02 UTC 2023 - Executing "openroad -exit /openlane/scripts/openroad/sta_multi_corner.tcl |& tee /dev/null /openlane/designs/hehe/runs/RUN_2023.01.20_06.26.02/logs/signoff/21-rcx_mcsta.max.log"

Fri Jan 20 07:15:31 UTC 2023 - Executing "openroad -exit /openlane/scripts/openroad/rcx.tcl |& tee /dev/null /openlane/designs/hehe/runs/RUN_2023.01.20_06.26.02/logs/signoff/22-parasitics_extraction.nom.log"

Fri Jan 20 07:16:10 UTC 2023 - Executing "openroad -exit /openlane/scripts/openroad/sta_multi_corner.tcl |& tee /dev/null /openlane/designs/hehe/runs/RUN_2023.01.20_06.26.02/logs/signoff/23-rcx_mcsta.nom.log"

Fri Jan 20 07:20:30 UTC 2023 - Executing "openroad -exit /openlane/scripts/openroad/sta.tcl |& tee /dev/null /openlane/designs/hehe/runs/RUN_2023.01.20_06.26.02/logs/signoff/24-rcx_sta.log"

Fri Jan 20 07:21:41 UTC 2023 - Executing "openroad -exit /openlane/scripts/openroad/irdrop.tcl |& tee /dev/null /openlane/designs/hehe/runs/RUN_2023.01.20_06.26.02/logs/signoff/25-irdrop.log"

Fri Jan 20 07:21:58 UTC 2023 - Executing "magic -noconsole -dnull -rcfile /work/stu/ytdeng/Openlane/OpenLane/pdks/sky130A/libs.tech/magic/sky130A.magicrc < /openlane/scripts/magic/mag_gds.tcl |& tee /dev/null /openlane/designs/hehe/runs/RUN_2023.01.20_06.26.02/logs/signoff/26-gdsii.log"

Fri Jan 20 07:23:43 UTC 2023 - Executing "magic -noconsole -dnull -rcfile /work/stu/ytdeng/Openlane/OpenLane/pdks/sky130A/libs.tech/magic/sky130A.magicrc < /openlane/scripts/magic/gds_pointers.tcl |& tee /dev/null /openlane/designs/hehe/runs/RUN_2023.01.20_06.26.02/logs/signoff/26-gds_ptrs.log"

Fri Jan 20 07:24:50 UTC 2023 - Executing "sed -i -n {/^<< properties >>/,/^<< end >>/p} /openlane/designs/hehe/runs/RUN_2023.01.20_06.26.02/tmp/signoff/gds_ptrs.mag"

Fri Jan 20 07:24:52 UTC 2023 - Executing "magic -noconsole -dnull -rcfile /work/stu/ytdeng/Openlane/OpenLane/pdks/sky130A/libs.tech/magic/sky130A.magicrc < /openlane/scripts/magic/lef.tcl |& tee /dev/null /openlane/designs/hehe/runs/RUN_2023.01.20_06.26.02/logs/signoff/26-lef.log"

Fri Jan 20 07:27:05 UTC 2023 - Executing "magic -noconsole -dnull -rcfile /work/stu/ytdeng/Openlane/OpenLane/pdks/sky130A/libs.tech/magic/sky130A.magicrc < /openlane/scripts/magic/maglef.tcl |& tee /dev/null /openlane/designs/hehe/runs/RUN_2023.01.20_06.26.02/logs/signoff/26-maglef.log"

Fri Jan 20 07:27:06 UTC 2023 - Executing "klayout -b -rm /openlane/scripts/klayout/def2gds.py -rd out_gds=/openlane/designs/hehe/runs/RUN_2023.01.20_06.26.02/results/signoff/hehe.klayout.gds -rd tech_file=/work/stu/ytdeng/Openlane/OpenLane/pdks/sky130A/libs.tech/klayout/tech/sky130A.lyt -rd design_name=hehe -rd in_def=/openlane/designs/hehe/runs/RUN_2023.01.20_06.26.02/results/routing/hehe.def -rd {in_gds=/work/stu/ytdeng/Openlane/OpenLane/pdks/sky130A/libs.ref/sky130_fd_sc_hd/gds/sky130_fd_sc_hd.gds } -rd config_file= -rd seal_gds= -rd lef_file=/openlane/designs/hehe/runs/RUN_2023.01.20_06.26.02/tmp/merged.nom.lef |& tee /dev/null /openlane/designs/hehe/runs/RUN_2023.01.20_06.26.02/logs/signoff/27-gdsii-klayout.log"

Fri Jan 20 07:27:21 UTC 2023 - Executing "bash /openlane/scripts/klayout/xor.sh /openlane/designs/hehe/runs/RUN_2023.01.20_06.26.02/results/signoff/hehe.gds /openlane/designs/hehe/runs/RUN_2023.01.20_06.26.02/results/signoff/hehe.klayout.gds hehe /openlane/designs/hehe/runs/RUN_2023.01.20_06.26.02/reports/signoff/hehe.xor.gds |& tee /dev/null /openlane/designs/hehe/runs/RUN_2023.01.20_06.26.02/logs/signoff/28-xor.log"

Fri Jan 20 07:30:18 UTC 2023 - Executing "openroad -python /openlane/scripts/parse_klayout_xor_log.py -l /openlane/designs/hehe/runs/RUN_2023.01.20_06.26.02/logs/signoff/28-xor.log -o /openlane/designs/hehe/runs/RUN_2023.01.20_06.26.02/reports/signoff/28-xor.rpt"

Fri Jan 20 07:30:18 UTC 2023 - Executing "bash /openlane/scripts/klayout/xor.sh /openlane/designs/hehe/runs/RUN_2023.01.20_06.26.02/results/signoff/hehe.gds /openlane/designs/hehe/runs/RUN_2023.01.20_06.26.02/results/signoff/hehe.klayout.gds hehe /openlane/designs/hehe/runs/RUN_2023.01.20_06.26.02/reports/signoff/hehe.xor.xml |& tee /dev/null /openlane/designs/hehe/runs/RUN_2023.01.20_06.26.02/logs/signoff/28-xor.log"

Fri Jan 20 07:33:48 UTC 2023 - Executing "python3 /openlane/scripts/parse_klayout_xor_log.py -l /openlane/designs/hehe/runs/RUN_2023.01.20_06.26.02/logs/signoff/28-xor.log -o /openlane/designs/hehe/runs/RUN_2023.01.20_06.26.02/reports/signoff/28-xor.rpt"

Fri Jan 20 07:33:48 UTC 2023 - Executing "magic -noconsole -dnull -rcfile /work/stu/ytdeng/Openlane/OpenLane/pdks/sky130A/libs.tech/magic/sky130A.magicrc < /openlane/scripts/magic/extract_spice.tcl |& tee /dev/null /openlane/designs/hehe/runs/RUN_2023.01.20_06.26.02/logs/signoff/29-spice.log"

Fri Jan 20 07:39:40 UTC 2023 - Executing "openroad -python /openlane/scripts/odbpy/power_utils.py write_powered_def --output /openlane/designs/hehe/runs/RUN_2023.01.20_06.26.02/tmp/signoff/29-hehe.p.def --input-lef /openlane/designs/hehe/runs/RUN_2023.01.20_06.26.02/tmp/merged.nom.lef --power-port vccd1 --ground-port vssd1 --powered-netlist {} /openlane/designs/hehe/runs/RUN_2023.01.20_06.26.02/results/routing/hehe.def |& tee /dev/null /openlane/designs/hehe/runs/RUN_2023.01.20_06.26.02/logs/signoff/30-write_powered_def.log"

Fri Jan 20 07:39:53 UTC 2023 - Executing "openroad -exit /openlane/scripts/openroad/write_views.tcl |& tee /dev/null /openlane/designs/hehe/runs/RUN_2023.01.20_06.26.02/logs/signoff/30-write_powered_verilog.log"

Fri Jan 20 07:40:00 UTC 2023 - Executing "sed -i -e {s/\(set ::env(CURRENT_NETLIST)\).*/\1 \/openlane\/designs\/hehe\/runs\/RUN_2023.01.20_06.26.02\/tmp\/signoff\/29-hehe.nl.v/} /openlane/designs/hehe/runs/RUN_2023.01.20_06.26.02/config.tcl"

Fri Jan 20 07:40:01 UTC 2023 - Executing "netgen -batch source /openlane/designs/hehe/runs/RUN_2023.01.20_06.26.02/tmp/signoff/32-setup_file.lef.lvs |& tee /dev/null /openlane/designs/hehe/runs/RUN_2023.01.20_06.26.02/logs/signoff/32-lvs.lef.log"

Fri Jan 20 07:41:30 UTC 2023 - Executing "magic -noconsole -dnull -rcfile /work/stu/ytdeng/Openlane/OpenLane/pdks/sky130A/libs.tech/magic/sky130A.magicrc < /openlane/scripts/magic/drc.tcl |& tee /dev/null /openlane/designs/hehe/runs/RUN_2023.01.20_06.26.02/logs/signoff/33-drc.log"

Fri Jan 20 08:00:10 UTC 2023 - Executing "python3 /openlane/scripts/drc_rosetta.py magic to_tcl -o /openlane/designs/hehe/runs/RUN_2023.01.20_06.26.02/reports/signoff/drc.tcl /openlane/designs/hehe/runs/RUN_2023.01.20_06.26.02/reports/signoff/drc.rpt"

Fri Jan 20 08:00:10 UTC 2023 - Executing "python3 /openlane/scripts/drc_rosetta.py magic to_tr -o /openlane/designs/hehe/runs/RUN_2023.01.20_06.26.02/reports/signoff/drc.tr /openlane/designs/hehe/runs/RUN_2023.01.20_06.26.02/reports/signoff/drc.rpt"

Fri Jan 20 08:00:10 UTC 2023 - Executing "python3 /openlane/scripts/drc_rosetta.py tr to_klayout -o /openlane/designs/hehe/runs/RUN_2023.01.20_06.26.02/reports/signoff/drc.klayout.xml --design-name hehe /openlane/designs/hehe/runs/RUN_2023.01.20_06.26.02/reports/signoff/drc.tr"

Fri Jan 20 08:00:10 UTC 2023 - Executing "python3 /openlane/scripts/drc_rosetta.py magic to_rdb -o /openlane/designs/hehe/runs/RUN_2023.01.20_06.26.02/reports/signoff/drc.rdb /openlane/designs/hehe/runs/RUN_2023.01.20_06.26.02/reports/signoff/drc.rpt"

Fri Jan 20 08:00:10 UTC 2023 - Executing "openroad -exit /openlane/scripts/openroad/antenna_check.tcl |& tee /dev/null /openlane/designs/hehe/runs/RUN_2023.01.20_06.26.02/logs/signoff/34-antenna.log"

Fri Jan 20 08:00:21 UTC 2023 - Executing "python3 /openlane/scripts/extract_antenna_violators.py --output /openlane/designs/hehe/runs/RUN_2023.01.20_06.26.02/reports/signoff/34-antenna_violators.rpt /openlane/designs/hehe/runs/RUN_2023.01.20_06.26.02/logs/signoff/34-antenna.log"

Fri Jan 20 08:00:26 UTC 2023 - Executing "python3 /openlane/scripts/generate_reports.py -d /openlane/designs/hehe --design_name hehe --tag RUN_2023.01.20_06.26.02 --output_file /openlane/designs/hehe/runs/RUN_2023.01.20_06.26.02/reports/metrics.csv --man_report /openlane/designs/hehe/runs/RUN_2023.01.20_06.26.02/reports/manufacturability.rpt --run_path /openlane/designs/hehe/runs/RUN_2023.01.20_06.26.02"

