[INFO]: Run Directory: /openlane/designs/hehe/runs/RUN_2023.01.20_06.26.02
[INFO]: Preparing LEF files for the nom corner...
[INFO]: Preparing LEF files for the min corner...
[INFO]: Preparing LEF files for the max corner...
[INFO]: Running Synthesis (log: designs/hehe/runs/RUN_2023.01.20_06.26.02/logs/synthesis/1-synthesis.log)...
[INFO]: Running Single-Corner Static Timing Analysis (log: designs/hehe/runs/RUN_2023.01.20_06.26.02/logs/synthesis/2-sta.log)...
[INFO]: Running Initial Floorplanning (log: designs/hehe/runs/RUN_2023.01.20_06.26.02/logs/floorplan/3-initial_fp.log)...
[INFO]: Extracting core dimensions...
[INFO]: Set CORE_WIDTH to 1938.9, CORE_HEIGHT to 1925.76.
[INFO]: Running IO Placement...
[INFO]: Running Tap/Decap Insertion (log: designs/hehe/runs/RUN_2023.01.20_06.26.02/logs/floorplan/5-tap.log)...
[INFO]: Power planning with power {vccd1} and ground {vssd1}...
[INFO]: Generating PDN (log: designs/hehe/runs/RUN_2023.01.20_06.26.02/logs/floorplan/6-pdn.log)...
[INFO]: Running Global Placement (log: designs/hehe/runs/RUN_2023.01.20_06.26.02/logs/placement/7-global.log)...
[INFO]: Running Placement Resizer Design Optimizations (log: designs/hehe/runs/RUN_2023.01.20_06.26.02/logs/placement/8-resizer.log)...
[INFO]: Running Detailed Placement (log: designs/hehe/runs/RUN_2023.01.20_06.26.02/logs/placement/9-detailed.log)...
[INFO]: Running Clock Tree Synthesis (log: designs/hehe/runs/RUN_2023.01.20_06.26.02/logs/cts/10-cts.log)...
[INFO]: Running Placement Resizer Timing Optimizations (log: designs/hehe/runs/RUN_2023.01.20_06.26.02/logs/cts/11-resizer.log)...
[INFO]: Running Global Routing Resizer Timing Optimizations (log: designs/hehe/runs/RUN_2023.01.20_06.26.02/logs/routing/12-resizer.log)...
[INFO]: Running Detailed Placement (log: designs/hehe/runs/RUN_2023.01.20_06.26.02/logs/routing/13-diode_legalization.log)...
[INFO]: Running Global Routing (log: designs/hehe/runs/RUN_2023.01.20_06.26.02/logs/routing/14-global.log)...
[INFO]: Starting OpenROAD Antenna Repair Iterations...
[INFO]: Starting antenna repair iteration 1 with 238 violations...
[INFO]: [Iteration 1] Failed to reduce antenna violations (238 -> 238), stopping iterations...
[INFO]: Writing Verilog (log: designs/hehe/runs/RUN_2023.01.20_06.26.02/logs/routing/14-global_write_netlist.log)...
[INFO]: Running Fill Insertion (log: designs/hehe/runs/RUN_2023.01.20_06.26.02/logs/routing/16-fill.log)...
[INFO]: Running Detailed Routing (log: designs/hehe/runs/RUN_2023.01.20_06.26.02/logs/routing/17-detailed.log)...
[INFO]: No DRC violations after detailed routing.
[INFO]: Running SPEF Extraction at the min process corner (log: designs/hehe/runs/RUN_2023.01.20_06.26.02/logs/signoff/18-parasitics_extraction.min.log)...
[INFO]: Running Multi-Corner Static Timing Analysis at the min process corner (log: designs/hehe/runs/RUN_2023.01.20_06.26.02/logs/signoff/19-rcx_mcsta.min.log)...
[INFO]: Running SPEF Extraction at the max process corner (log: designs/hehe/runs/RUN_2023.01.20_06.26.02/logs/signoff/20-parasitics_extraction.max.log)...
[INFO]: Running Multi-Corner Static Timing Analysis at the max process corner (log: designs/hehe/runs/RUN_2023.01.20_06.26.02/logs/signoff/21-rcx_mcsta.max.log)...
[INFO]: Running SPEF Extraction at the nom process corner (log: designs/hehe/runs/RUN_2023.01.20_06.26.02/logs/signoff/22-parasitics_extraction.nom.log)...
[INFO]: Running Multi-Corner Static Timing Analysis at the nom process corner (log: designs/hehe/runs/RUN_2023.01.20_06.26.02/logs/signoff/23-rcx_mcsta.nom.log)...
[INFO]: Running Single-Corner Static Timing Analysis at the nom process corner (log: designs/hehe/runs/RUN_2023.01.20_06.26.02/logs/signoff/24-rcx_sta.log)...
[INFO]: Creating IR Drop Report (log: designs/hehe/runs/RUN_2023.01.20_06.26.02/logs/signoff/25-irdrop.log)...
[INFO]: Running Magic to generate various views...
[INFO]: Streaming out GDSII with Magic (log: designs/hehe/runs/RUN_2023.01.20_06.26.02/logs/signoff/26-gdsii.log)...
[INFO]: Generating MAGLEF views...
[INFO]: Streaming out GDSII with KLayout (log: designs/hehe/runs/RUN_2023.01.20_06.26.02/logs/signoff/27-gdsii-klayout.log)...
[INFO]: Running XOR on the layouts using KLayout (log: designs/hehe/runs/RUN_2023.01.20_06.26.02/logs/signoff/28-xor.log)...
[INFO]: Running Magic Spice Export from LEF (log: designs/hehe/runs/RUN_2023.01.20_06.26.02/logs/signoff/29-spice.log)...
[INFO]: Writing Powered Verilog (logs: designs/hehe/runs/RUN_2023.01.20_06.26.02/logs/signoff/30-write_powered_def.log, designs/hehe/runs/RUN_2023.01.20_06.26.02/logs/signoff/30-write_powered_verilog.log)...
[INFO]: Writing Verilog (log: designs/hehe/runs/RUN_2023.01.20_06.26.02/logs/signoff/30-write_powered_verilog.log)...
[INFO]: Running LVS (log: designs/hehe/runs/RUN_2023.01.20_06.26.02/logs/signoff/32-lvs.lef.log)...
[INFO]: Running Magic DRC (log: designs/hehe/runs/RUN_2023.01.20_06.26.02/logs/signoff/33-drc.log)...
[INFO]: Converting Magic DRC Violations to Magic Readable Format...
[INFO]: Converting Magic DRC Violations to KLayout XML Database...
[INFO]: Running OpenROAD Antenna Rule Checker (log: designs/hehe/runs/RUN_2023.01.20_06.26.02/logs/signoff/34-antenna.log)...
[INFO]: Skipping CVC...
[INFO]: Saving current set of views in 'designs/hehe/runs/RUN_2023.01.20_06.26.02/results/final'...
[INFO]: Saving runtime environment...
[INFO]: Generating final set of reports...
[INFO]: Created manufacturability report at 'designs/hehe/runs/RUN_2023.01.20_06.26.02/reports/manufacturability.rpt'.
[INFO]: Created metrics report at 'designs/hehe/runs/RUN_2023.01.20_06.26.02/reports/metrics.csv'.
[WARNING]: There are max slew violations in the design at the typical corner. Please refer to 'designs/hehe/runs/RUN_2023.01.20_06.26.02/reports/signoff/24-rcx_sta.slew.rpt'.
[WARNING]: There are max fanout violations in the design at the typical corner. Please refer to 'designs/hehe/runs/RUN_2023.01.20_06.26.02/reports/signoff/24-rcx_sta.slew.rpt'.
[WARNING]: There are max capacitance violations in the design at the typical corner. Please refer to 'designs/hehe/runs/RUN_2023.01.20_06.26.02/reports/signoff/24-rcx_sta.slew.rpt'.
[WARNING]: There are hold violations in the design at the typical corner. Please refer to 'designs/hehe/runs/RUN_2023.01.20_06.26.02/reports/signoff/24-rcx_sta.min.rpt'.
[WARNING]: There are setup violations in the design at the typical corner. Please refer to 'designs/hehe/runs/RUN_2023.01.20_06.26.02/reports/signoff/24-rcx_sta.max.rpt'.
[SUCCESS]: Flow complete.
[INFO]: Note that the following warnings have been generated:
