
===========================================================================
report_checks -unconstrained
============================================================================
Startpoint: _86559_ (rising edge-triggered flip-flop clocked by clk)
Endpoint: _86744_ (rising edge-triggered flip-flop clocked by clk)
Path Group: clk
Path Type: max

Fanout     Cap    Slew   Delay    Time   Description
-----------------------------------------------------------------------------
                  0.15    0.00    0.00   clock clk (rise edge)
                          0.00    0.00   clock network delay (ideal)
                  0.15    0.00    0.00 ^ _86559_/CLK (sky130_fd_sc_hd__dfxtp_2)
                  0.03    0.36    0.36 ^ _86559_/Q (sky130_fd_sc_hd__dfxtp_2)
     1    0.00                           _00027_ (net)
                  0.03    0.00    0.36 ^ _40754_/A (sky130_fd_sc_hd__buf_1)
                  0.74    0.58    0.94 ^ _40754_/X (sky130_fd_sc_hd__buf_1)
    19    0.06                           _09766_ (net)
                  0.74    0.00    0.94 ^ _40820_/S1 (sky130_fd_sc_hd__mux4_2)
                  0.06    0.33    1.27 ^ _40820_/X (sky130_fd_sc_hd__mux4_2)
     1    0.00                           _09832_ (net)
                  0.06    0.00    1.28 ^ _40821_/A (sky130_fd_sc_hd__buf_1)
                  0.30    0.28    1.56 ^ _40821_/X (sky130_fd_sc_hd__buf_1)
     9    0.03                           _09833_ (net)
                  0.30    0.00    1.56 ^ _59864_/A (sky130_fd_sc_hd__buf_1)
                  0.76    0.64    2.20 ^ _59864_/X (sky130_fd_sc_hd__buf_1)
    20    0.07                           _23580_ (net)
                  0.76    0.00    2.20 ^ _59910_/A (sky130_fd_sc_hd__buf_1)
                  0.72    0.64    2.84 ^ _59910_/X (sky130_fd_sc_hd__buf_1)
    20    0.06                           _23626_ (net)
                  0.72    0.00    2.84 ^ _59959_/A (sky130_fd_sc_hd__buf_2)
                  0.30    0.43    3.28 ^ _59959_/X (sky130_fd_sc_hd__buf_2)
    20    0.06                           _23675_ (net)
                  0.30    0.00    3.28 ^ _60425_/A (sky130_fd_sc_hd__buf_1)
                  0.65    0.57    3.84 ^ _60425_/X (sky130_fd_sc_hd__buf_1)
    20    0.06                           _24135_ (net)
                  0.65    0.00    3.84 ^ _62182_/A (sky130_fd_sc_hd__buf_1)
                  0.78    0.68    4.53 ^ _62182_/X (sky130_fd_sc_hd__buf_1)
    20    0.07                           _25868_ (net)
                  0.78    0.00    4.53 ^ _62844_/A (sky130_fd_sc_hd__buf_1)
                  0.78    0.69    5.21 ^ _62844_/X (sky130_fd_sc_hd__buf_1)
    20    0.07                           _26520_ (net)
                  0.78    0.00    5.21 ^ _63007_/A (sky130_fd_sc_hd__buf_2)
                  0.32    0.45    5.67 ^ _63007_/X (sky130_fd_sc_hd__buf_2)
    20    0.07                           _26681_ (net)
                  0.32    0.00    5.67 ^ _63138_/A (sky130_fd_sc_hd__buf_2)
                  0.32    0.39    6.06 ^ _63138_/X (sky130_fd_sc_hd__buf_2)
    20    0.07                           _26810_ (net)
                  0.32    0.00    6.06 ^ _63281_/A (sky130_fd_sc_hd__buf_2)
                  0.32    0.39    6.46 ^ _63281_/X (sky130_fd_sc_hd__buf_2)
    20    0.07                           _26951_ (net)
                  0.32    0.00    6.46 ^ _63385_/A (sky130_fd_sc_hd__buf_2)
                  0.32    0.39    6.85 ^ _63385_/X (sky130_fd_sc_hd__buf_2)
    20    0.07                           _27054_ (net)
                  0.32    0.00    6.85 ^ _63802_/A (sky130_fd_sc_hd__buf_1)
                  0.78    0.66    7.51 ^ _63802_/X (sky130_fd_sc_hd__buf_1)
    20    0.07                           _27465_ (net)
                  0.78    0.00    7.52 ^ _64095_/A (sky130_fd_sc_hd__buf_1)
                  0.80    0.70    8.22 ^ _64095_/X (sky130_fd_sc_hd__buf_1)
    20    0.07                           _27754_ (net)
                  0.80    0.00    8.22 ^ _64277_/A (sky130_fd_sc_hd__buf_1)
                  0.81    0.71    8.93 ^ _64277_/X (sky130_fd_sc_hd__buf_1)
    20    0.07                           _27933_ (net)
                  0.81    0.00    8.93 ^ _64294_/S (sky130_fd_sc_hd__mux2_2)
                  0.05    0.41    9.34 v _64294_/X (sky130_fd_sc_hd__mux2_2)
     1    0.00                           _27950_ (net)
                  0.05    0.00    9.34 v _64295_/B (sky130_fd_sc_hd__or2_2)
                  0.06    0.27    9.61 v _64295_/X (sky130_fd_sc_hd__or2_2)
     1    0.00                           _27951_ (net)
                  0.06    0.00    9.62 v _64301_/A1 (sky130_fd_sc_hd__a221o_2)
                  0.05    0.34    9.96 v _64301_/X (sky130_fd_sc_hd__a221o_2)
     1    0.00                           _27957_ (net)
                  0.05    0.00    9.97 v _64302_/A3 (sky130_fd_sc_hd__a31o_2)
                  0.04    0.24   10.20 v _64302_/X (sky130_fd_sc_hd__a31o_2)
     1    0.00                           _27958_ (net)
                  0.04    0.00   10.21 v _64337_/A2 (sky130_fd_sc_hd__o21a_2)
                  0.07    0.22   10.43 v _64337_/X (sky130_fd_sc_hd__o21a_2)
     5    0.01                           _27993_ (net)
                  0.07    0.00   10.43 v _70186_/A1 (sky130_fd_sc_hd__a22o_2)
                  0.09    0.30   10.73 v _70186_/X (sky130_fd_sc_hd__a22o_2)
     6    0.02                           _32276_ (net)
                  0.09    0.00   10.73 v _70187_/B (sky130_fd_sc_hd__or2_2)
                  0.07    0.30   11.03 v _70187_/X (sky130_fd_sc_hd__or2_2)
     2    0.01                           _32277_ (net)
                  0.07    0.00   11.04 v _70421_/A1 (sky130_fd_sc_hd__a2111o_2)
                  0.07    0.42   11.45 v _70421_/X (sky130_fd_sc_hd__a2111o_2)
     2    0.00                           _32511_ (net)
                  0.07    0.00   11.45 v _70422_/D (sky130_fd_sc_hd__or4_2)
                  0.12    0.57   12.02 v _70422_/X (sky130_fd_sc_hd__or4_2)
     2    0.01                           _32512_ (net)
                  0.12    0.00   12.03 v _71645_/A (sky130_fd_sc_hd__or3_2)
                  0.09    0.51   12.53 v _71645_/X (sky130_fd_sc_hd__or3_2)
     1    0.00                           _33735_ (net)
                  0.09    0.01   12.54 v _71646_/B1 (sky130_fd_sc_hd__a21oi_2)
                  0.08    0.10   12.64 ^ _71646_/Y (sky130_fd_sc_hd__a21oi_2)
     1    0.00                           _33736_ (net)
                  0.08    0.01   12.65 ^ _71715_/A1 (sky130_fd_sc_hd__o32a_2)
                  0.03    0.16   12.81 ^ _71715_/X (sky130_fd_sc_hd__o32a_2)
     1    0.00                           _33805_ (net)
                  0.03    0.00   12.81 ^ _71720_/A_N (sky130_fd_sc_hd__and3b_2)
                  0.04    0.19   13.01 v _71720_/X (sky130_fd_sc_hd__and3b_2)
     1    0.00                           _33810_ (net)
                  0.04    0.00   13.01 v _71927_/A (sky130_fd_sc_hd__or4_2)
                  0.10    0.65   13.66 v _71927_/X (sky130_fd_sc_hd__or4_2)
     1    0.00                           _34017_ (net)
                  0.10    0.00   13.67 v _71931_/B (sky130_fd_sc_hd__and3_2)
                  0.04    0.21   13.88 v _71931_/X (sky130_fd_sc_hd__and3_2)
     1    0.00                           _34021_ (net)
                  0.04    0.00   13.88 v _71932_/A (sky130_fd_sc_hd__buf_1)
                  0.03    0.08   13.97 v _71932_/X (sky130_fd_sc_hd__buf_1)
     1    0.00                           _06769_ (net)
                  0.03    0.00   13.97 v _86744_/D (sky130_fd_sc_hd__dfxtp_2)
                                 13.97   data arrival time

                  0.15   12.50   12.50   clock clk (rise edge)
                          0.00   12.50   clock network delay (ideal)
                         -0.25   12.25   clock uncertainty
                          0.00   12.25   clock reconvergence pessimism
                                 12.25 ^ _86744_/CLK (sky130_fd_sc_hd__dfxtp_2)
                         -0.07   12.18   library setup time
                                 12.18   data required time
-----------------------------------------------------------------------------
                                 12.18   data required time
                                -13.97   data arrival time
-----------------------------------------------------------------------------
                                 -1.79   slack (VIOLATED)



===========================================================================
report_checks --slack_max -0.01
============================================================================
Startpoint: _86559_ (rising edge-triggered flip-flop clocked by clk)
Endpoint: _86744_ (rising edge-triggered flip-flop clocked by clk)
Path Group: clk
Path Type: max

Fanout     Cap    Slew   Delay    Time   Description
-----------------------------------------------------------------------------
                  0.15    0.00    0.00   clock clk (rise edge)
                          0.00    0.00   clock network delay (ideal)
                  0.15    0.00    0.00 ^ _86559_/CLK (sky130_fd_sc_hd__dfxtp_2)
                  0.03    0.36    0.36 ^ _86559_/Q (sky130_fd_sc_hd__dfxtp_2)
     1    0.00                           _00027_ (net)
                  0.03    0.00    0.36 ^ _40754_/A (sky130_fd_sc_hd__buf_1)
                  0.74    0.58    0.94 ^ _40754_/X (sky130_fd_sc_hd__buf_1)
    19    0.06                           _09766_ (net)
                  0.74    0.00    0.94 ^ _40820_/S1 (sky130_fd_sc_hd__mux4_2)
                  0.06    0.33    1.27 ^ _40820_/X (sky130_fd_sc_hd__mux4_2)
     1    0.00                           _09832_ (net)
                  0.06    0.00    1.28 ^ _40821_/A (sky130_fd_sc_hd__buf_1)
                  0.30    0.28    1.56 ^ _40821_/X (sky130_fd_sc_hd__buf_1)
     9    0.03                           _09833_ (net)
                  0.30    0.00    1.56 ^ _59864_/A (sky130_fd_sc_hd__buf_1)
                  0.76    0.64    2.20 ^ _59864_/X (sky130_fd_sc_hd__buf_1)
    20    0.07                           _23580_ (net)
                  0.76    0.00    2.20 ^ _59910_/A (sky130_fd_sc_hd__buf_1)
                  0.72    0.64    2.84 ^ _59910_/X (sky130_fd_sc_hd__buf_1)
    20    0.06                           _23626_ (net)
                  0.72    0.00    2.84 ^ _59959_/A (sky130_fd_sc_hd__buf_2)
                  0.30    0.43    3.28 ^ _59959_/X (sky130_fd_sc_hd__buf_2)
    20    0.06                           _23675_ (net)
                  0.30    0.00    3.28 ^ _60425_/A (sky130_fd_sc_hd__buf_1)
                  0.65    0.57    3.84 ^ _60425_/X (sky130_fd_sc_hd__buf_1)
    20    0.06                           _24135_ (net)
                  0.65    0.00    3.84 ^ _62182_/A (sky130_fd_sc_hd__buf_1)
                  0.78    0.68    4.53 ^ _62182_/X (sky130_fd_sc_hd__buf_1)
    20    0.07                           _25868_ (net)
                  0.78    0.00    4.53 ^ _62844_/A (sky130_fd_sc_hd__buf_1)
                  0.78    0.69    5.21 ^ _62844_/X (sky130_fd_sc_hd__buf_1)
    20    0.07                           _26520_ (net)
                  0.78    0.00    5.21 ^ _63007_/A (sky130_fd_sc_hd__buf_2)
                  0.32    0.45    5.67 ^ _63007_/X (sky130_fd_sc_hd__buf_2)
    20    0.07                           _26681_ (net)
                  0.32    0.00    5.67 ^ _63138_/A (sky130_fd_sc_hd__buf_2)
                  0.32    0.39    6.06 ^ _63138_/X (sky130_fd_sc_hd__buf_2)
    20    0.07                           _26810_ (net)
                  0.32    0.00    6.06 ^ _63281_/A (sky130_fd_sc_hd__buf_2)
                  0.32    0.39    6.46 ^ _63281_/X (sky130_fd_sc_hd__buf_2)
    20    0.07                           _26951_ (net)
                  0.32    0.00    6.46 ^ _63385_/A (sky130_fd_sc_hd__buf_2)
                  0.32    0.39    6.85 ^ _63385_/X (sky130_fd_sc_hd__buf_2)
    20    0.07                           _27054_ (net)
                  0.32    0.00    6.85 ^ _63802_/A (sky130_fd_sc_hd__buf_1)
                  0.78    0.66    7.51 ^ _63802_/X (sky130_fd_sc_hd__buf_1)
    20    0.07                           _27465_ (net)
                  0.78    0.00    7.52 ^ _64095_/A (sky130_fd_sc_hd__buf_1)
                  0.80    0.70    8.22 ^ _64095_/X (sky130_fd_sc_hd__buf_1)
    20    0.07                           _27754_ (net)
                  0.80    0.00    8.22 ^ _64277_/A (sky130_fd_sc_hd__buf_1)
                  0.81    0.71    8.93 ^ _64277_/X (sky130_fd_sc_hd__buf_1)
    20    0.07                           _27933_ (net)
                  0.81    0.00    8.93 ^ _64294_/S (sky130_fd_sc_hd__mux2_2)
                  0.05    0.41    9.34 v _64294_/X (sky130_fd_sc_hd__mux2_2)
     1    0.00                           _27950_ (net)
                  0.05    0.00    9.34 v _64295_/B (sky130_fd_sc_hd__or2_2)
                  0.06    0.27    9.61 v _64295_/X (sky130_fd_sc_hd__or2_2)
     1    0.00                           _27951_ (net)
                  0.06    0.00    9.62 v _64301_/A1 (sky130_fd_sc_hd__a221o_2)
                  0.05    0.34    9.96 v _64301_/X (sky130_fd_sc_hd__a221o_2)
     1    0.00                           _27957_ (net)
                  0.05    0.00    9.97 v _64302_/A3 (sky130_fd_sc_hd__a31o_2)
                  0.04    0.24   10.20 v _64302_/X (sky130_fd_sc_hd__a31o_2)
     1    0.00                           _27958_ (net)
                  0.04    0.00   10.21 v _64337_/A2 (sky130_fd_sc_hd__o21a_2)
                  0.07    0.22   10.43 v _64337_/X (sky130_fd_sc_hd__o21a_2)
     5    0.01                           _27993_ (net)
                  0.07    0.00   10.43 v _70186_/A1 (sky130_fd_sc_hd__a22o_2)
                  0.09    0.30   10.73 v _70186_/X (sky130_fd_sc_hd__a22o_2)
     6    0.02                           _32276_ (net)
                  0.09    0.00   10.73 v _70187_/B (sky130_fd_sc_hd__or2_2)
                  0.07    0.30   11.03 v _70187_/X (sky130_fd_sc_hd__or2_2)
     2    0.01                           _32277_ (net)
                  0.07    0.00   11.04 v _70421_/A1 (sky130_fd_sc_hd__a2111o_2)
                  0.07    0.42   11.45 v _70421_/X (sky130_fd_sc_hd__a2111o_2)
     2    0.00                           _32511_ (net)
                  0.07    0.00   11.45 v _70422_/D (sky130_fd_sc_hd__or4_2)
                  0.12    0.57   12.02 v _70422_/X (sky130_fd_sc_hd__or4_2)
     2    0.01                           _32512_ (net)
                  0.12    0.00   12.03 v _71645_/A (sky130_fd_sc_hd__or3_2)
                  0.09    0.51   12.53 v _71645_/X (sky130_fd_sc_hd__or3_2)
     1    0.00                           _33735_ (net)
                  0.09    0.01   12.54 v _71646_/B1 (sky130_fd_sc_hd__a21oi_2)
                  0.08    0.10   12.64 ^ _71646_/Y (sky130_fd_sc_hd__a21oi_2)
     1    0.00                           _33736_ (net)
                  0.08    0.01   12.65 ^ _71715_/A1 (sky130_fd_sc_hd__o32a_2)
                  0.03    0.16   12.81 ^ _71715_/X (sky130_fd_sc_hd__o32a_2)
     1    0.00                           _33805_ (net)
                  0.03    0.00   12.81 ^ _71720_/A_N (sky130_fd_sc_hd__and3b_2)
                  0.04    0.19   13.01 v _71720_/X (sky130_fd_sc_hd__and3b_2)
     1    0.00                           _33810_ (net)
                  0.04    0.00   13.01 v _71927_/A (sky130_fd_sc_hd__or4_2)
                  0.10    0.65   13.66 v _71927_/X (sky130_fd_sc_hd__or4_2)
     1    0.00                           _34017_ (net)
                  0.10    0.00   13.67 v _71931_/B (sky130_fd_sc_hd__and3_2)
                  0.04    0.21   13.88 v _71931_/X (sky130_fd_sc_hd__and3_2)
     1    0.00                           _34021_ (net)
                  0.04    0.00   13.88 v _71932_/A (sky130_fd_sc_hd__buf_1)
                  0.03    0.08   13.97 v _71932_/X (sky130_fd_sc_hd__buf_1)
     1    0.00                           _06769_ (net)
                  0.03    0.00   13.97 v _86744_/D (sky130_fd_sc_hd__dfxtp_2)
                                 13.97   data arrival time

                  0.15   12.50   12.50   clock clk (rise edge)
                          0.00   12.50   clock network delay (ideal)
                         -0.25   12.25   clock uncertainty
                          0.00   12.25   clock reconvergence pessimism
                                 12.25 ^ _86744_/CLK (sky130_fd_sc_hd__dfxtp_2)
                         -0.07   12.18   library setup time
                                 12.18   data required time
-----------------------------------------------------------------------------
                                 12.18   data required time
                                -13.97   data arrival time
-----------------------------------------------------------------------------
                                 -1.79   slack (VIOLATED)


