
===========================================================================
report_checks -path_delay min (Hold)
============================================================================
Startpoint: _87279_ (rising edge-triggered flip-flop clocked by clk)
Endpoint: _87279_ (rising edge-triggered flip-flop clocked by clk)
Path Group: clk
Path Type: min

Fanout     Cap    Slew   Delay    Time   Description
-----------------------------------------------------------------------------
                  0.15    0.00    0.00   clock clk (rise edge)
                          0.00    0.00   clock network delay (ideal)
                  0.15    0.00    0.00 ^ _87279_/CLK (sky130_fd_sc_hd__dfxtp_2)
                  0.05    0.34    0.34 ^ _87279_/Q (sky130_fd_sc_hd__dfxtp_2)
     3    0.01                           core_u.hehe_backend.backend_rcu.phy_reg.registers_p[0] (net)
                  0.05    0.00    0.34 ^ _43071_/C1 (sky130_fd_sc_hd__a211o_2)
                  0.03    0.08    0.42 ^ _43071_/X (sky130_fd_sc_hd__a211o_2)
     1    0.00                           _00116_ (net)
                  0.03    0.00    0.43 ^ _87279_/D (sky130_fd_sc_hd__dfxtp_2)
                                  0.43   data arrival time

                  0.15    0.00    0.00   clock clk (rise edge)
                          0.00    0.00   clock network delay (ideal)
                          0.25    0.25   clock uncertainty
                          0.00    0.25   clock reconvergence pessimism
                                  0.25 ^ _87279_/CLK (sky130_fd_sc_hd__dfxtp_2)
                         -0.02    0.23   library hold time
                                  0.23   data required time
-----------------------------------------------------------------------------
                                  0.23   data required time
                                 -0.43   data arrival time
-----------------------------------------------------------------------------
                                  0.19   slack (MET)


Startpoint: _86354_ (rising edge-triggered flip-flop clocked by clk)
Endpoint: _86354_ (rising edge-triggered flip-flop clocked by clk)
Path Group: clk
Path Type: min

Fanout     Cap    Slew   Delay    Time   Description
-----------------------------------------------------------------------------
                  0.15    0.00    0.00   clock clk (rise edge)
                          0.00    0.00   clock network delay (ideal)
                  0.15    0.00    0.00 ^ _86354_/CLK (sky130_fd_sc_hd__dfxtp_2)
                  0.03    0.33    0.33 v _86354_/Q (sky130_fd_sc_hd__dfxtp_2)
     2    0.01                           core_u.front2back_ecause[0] (net)
                  0.04    0.01    0.34 v _67451_/A (sky130_fd_sc_hd__nand2_2)
                  0.04    0.04    0.38 ^ _67451_/Y (sky130_fd_sc_hd__nand2_2)
     1    0.01                           _29922_ (net)
                  0.04    0.01    0.39 ^ _67550_/A1 (sky130_fd_sc_hd__a21oi_2)
                  0.03    0.04    0.43 v _67550_/Y (sky130_fd_sc_hd__a21oi_2)
     1    0.00                           _06388_ (net)
                  0.03    0.00    0.43 v _86354_/D (sky130_fd_sc_hd__dfxtp_2)
                                  0.43   data arrival time

                  0.15    0.00    0.00   clock clk (rise edge)
                          0.00    0.00   clock network delay (ideal)
                          0.25    0.25   clock uncertainty
                          0.00    0.25   clock reconvergence pessimism
                                  0.25 ^ _86354_/CLK (sky130_fd_sc_hd__dfxtp_2)
                         -0.01    0.24   library hold time
                                  0.24   data required time
-----------------------------------------------------------------------------
                                  0.24   data required time
                                 -0.43   data arrival time
-----------------------------------------------------------------------------
                                  0.20   slack (MET)


Startpoint: _87723_ (rising edge-triggered flip-flop clocked by clk)
Endpoint: _87723_ (rising edge-triggered flip-flop clocked by clk)
Path Group: clk
Path Type: min

Fanout     Cap    Slew   Delay    Time   Description
-----------------------------------------------------------------------------
                  0.15    0.00    0.00   clock clk (rise edge)
                          0.00    0.00   clock network delay (ideal)
                  0.15    0.00    0.00 ^ _87723_/CLK (sky130_fd_sc_hd__dfxtp_2)
                  0.04    0.34    0.34 v _87723_/Q (sky130_fd_sc_hd__dfxtp_2)
     3    0.01                           l1dcache_u.S2_ADDR_Q.dff_q[27] (net)
                  0.04    0.01    0.34 v _76857_/A (sky130_fd_sc_hd__nand2_2)
                  0.04    0.05    0.39 ^ _76857_/Y (sky130_fd_sc_hd__nand2_2)
     1    0.01                           _38041_ (net)
                  0.04    0.01    0.39 ^ _76859_/A1 (sky130_fd_sc_hd__a21oi_2)
                  0.03    0.04    0.44 v _76859_/Y (sky130_fd_sc_hd__a21oi_2)
     1    0.00                           _07675_ (net)
                  0.03    0.00    0.44 v _87723_/D (sky130_fd_sc_hd__dfxtp_2)
                                  0.44   data arrival time

                  0.15    0.00    0.00   clock clk (rise edge)
                          0.00    0.00   clock network delay (ideal)
                          0.25    0.25   clock uncertainty
                          0.00    0.25   clock reconvergence pessimism
                                  0.25 ^ _87723_/CLK (sky130_fd_sc_hd__dfxtp_2)
                         -0.01    0.24   library hold time
                                  0.24   data required time
-----------------------------------------------------------------------------
                                  0.24   data required time
                                 -0.44   data arrival time
-----------------------------------------------------------------------------
                                  0.20   slack (MET)


Startpoint: _87411_ (rising edge-triggered flip-flop clocked by clk)
Endpoint: _87548_ (rising edge-triggered flip-flop clocked by clk)
Path Group: clk
Path Type: min

Fanout     Cap    Slew   Delay    Time   Description
-----------------------------------------------------------------------------
                  0.15    0.00    0.00   clock clk (rise edge)
                          0.00    0.00   clock network delay (ideal)
                  0.15    0.00    0.00 ^ _87411_/CLK (sky130_fd_sc_hd__dfxtp_2)
                  0.04    0.33    0.33 ^ _87411_/Q (sky130_fd_sc_hd__dfxtp_2)
     2    0.00                           l1icache_u.REQ_HSK_1.dff_q (net)
                  0.04    0.00    0.33 ^ _76064_/A2 (sky130_fd_sc_hd__o21a_2)
                  0.03    0.10    0.43 ^ _76064_/X (sky130_fd_sc_hd__o21a_2)
     1    0.00                           _07501_ (net)
                  0.03    0.00    0.43 ^ _87548_/D (sky130_fd_sc_hd__dfxtp_2)
                                  0.43   data arrival time

                  0.15    0.00    0.00   clock clk (rise edge)
                          0.00    0.00   clock network delay (ideal)
                          0.25    0.25   clock uncertainty
                          0.00    0.25   clock reconvergence pessimism
                                  0.25 ^ _87548_/CLK (sky130_fd_sc_hd__dfxtp_2)
                         -0.02    0.23   library hold time
                                  0.23   data required time
-----------------------------------------------------------------------------
                                  0.23   data required time
                                 -0.43   data arrival time
-----------------------------------------------------------------------------
                                  0.20   slack (MET)


Startpoint: _87722_ (rising edge-triggered flip-flop clocked by clk)
Endpoint: _87722_ (rising edge-triggered flip-flop clocked by clk)
Path Group: clk
Path Type: min

Fanout     Cap    Slew   Delay    Time   Description
-----------------------------------------------------------------------------
                  0.15    0.00    0.00   clock clk (rise edge)
                          0.00    0.00   clock network delay (ideal)
                  0.15    0.00    0.00 ^ _87722_/CLK (sky130_fd_sc_hd__dfxtp_2)
                  0.04    0.34    0.34 v _87722_/Q (sky130_fd_sc_hd__dfxtp_2)
     3    0.01                           l1dcache_u.S2_ADDR_Q.dff_q[26] (net)
                  0.04    0.01    0.34 v _76854_/A (sky130_fd_sc_hd__nand2_2)
                  0.04    0.05    0.39 ^ _76854_/Y (sky130_fd_sc_hd__nand2_2)
     1    0.01                           _38039_ (net)
                  0.04    0.01    0.39 ^ _76856_/A1 (sky130_fd_sc_hd__a21oi_2)
                  0.03    0.04    0.44 v _76856_/Y (sky130_fd_sc_hd__a21oi_2)
     1    0.00                           _07674_ (net)
                  0.03    0.00    0.44 v _87722_/D (sky130_fd_sc_hd__dfxtp_2)
                                  0.44   data arrival time

                  0.15    0.00    0.00   clock clk (rise edge)
                          0.00    0.00   clock network delay (ideal)
                          0.25    0.25   clock uncertainty
                          0.00    0.25   clock reconvergence pessimism
                                  0.25 ^ _87722_/CLK (sky130_fd_sc_hd__dfxtp_2)
                         -0.01    0.24   library hold time
                                  0.24   data required time
-----------------------------------------------------------------------------
                                  0.24   data required time
                                 -0.44   data arrival time
-----------------------------------------------------------------------------
                                  0.20   slack (MET)


