CVC: Log output to /openlane/designs/hehe/runs/RUN_2022.12.12_10.39.58/reports/signoff/hehe.rpt
CVC: Error output to /openlane/designs/hehe/runs/RUN_2022.12.12_10.39.58/reports/signoff/hehe.rpt.error.gz
CVC: Debug output to /openlane/designs/hehe/runs/RUN_2022.12.12_10.39.58/reports/signoff/hehe.rpt.debug.gz
CVC: Circuit Validation Check  Version 1.1.0
CVC: Start: Mon Dec 12 17:09:09 2022

Using the following parameters for CVC (Circuit Validation Check) from /work/stu/ytdeng/Openlane/OpenLane/pdks/sky130A/libs.tech/openlane/cvc/cvcrc
CVC_TOP = 'hehe'
CVC_NETLIST = '/openlane/designs/hehe/runs/RUN_2022.12.12_10.39.58/tmp/signoff/hehe.cdl'
CVC_MODE = 'hehe'
CVC_MODEL_FILE = '/work/stu/ytdeng/Openlane/OpenLane/pdks/sky130A/libs.tech/openlane/cvc/models'
CVC_POWER_FILE = '/openlane/designs/hehe/runs/RUN_2022.12.12_10.39.58/tmp/signoff/hehe.power'
CVC_FUSE_FILE = ''
CVC_REPORT_FILE = '/openlane/designs/hehe/runs/RUN_2022.12.12_10.39.58/reports/signoff/hehe.rpt'
CVC_REPORT_TITLE = 'CVC $CVC_TOP'
CVC_CIRCUIT_ERROR_LIMIT = '100'
CVC_SEARCH_LIMIT = '100'
CVC_LEAK_LIMIT = '0.0002'
CVC_SOI = 'false'
CVC_SCRC = 'false'
CVC_VTH_GATES = 'false'
CVC_MIN_VTH_GATES = 'false'
CVC_IGNORE_VTH_FLOATING = 'false'
CVC_IGNORE_NO_LEAK_FLOATING = 'false'
CVC_LEAK_OVERVOLTAGE = 'true'
CVC_LOGIC_DIODES = 'false'
CVC_ANALOG_GATES = 'true'
CVC_BACKUP_RESULTS = 'false'
CVC_MOS_DIODE_ERROR_THRESHOLD = '0'
CVC_SHORT_ERROR_THRESHOLD = '0'
CVC_BIAS_ERROR_THRESHOLD = '0'
CVC_FORWARD_ERROR_THRESHOLD = '0'
CVC_FLOATING_ERROR_THRESHOLD = '0'
CVC_GATE_ERROR_THRESHOLD = '0'
CVC_LEAK?_ERROR_THRESHOLD = '0'
CVC_EXPECTED_ERROR_THRESHOLD = '0'
CVC_OVERVOLTAGE_ERROR_THRESHOLD = '0'
CVC_PARALLEL_CIRCUIT_PORT_LIMIT = '0'
CVC_CELL_ERROR_LIMIT_FILE = ''
CVC_CELL_CHECKSUM_FILE = ''
CVC_LARGE_CIRCUIT_SIZE = '10000000'
CVC_NET_CHECK_FILE = ''
CVC_MODEL_CHECK_FILE = ''
End of parameters

CVC: Reading device model settings...
CVC: Reading power settings...
CVC: Parsing netlist /openlane/designs/hehe/runs/RUN_2022.12.12_10.39.58/tmp/signoff/hehe.cdl
Cdl fixed data size 6791293
Usage CDL: Time: 2  Memory: 223620  I/O: 66264  Swap: 0
CVC: Counting and linking...
