
===========================================================================
report_checks -unconstrained
============================================================================
Startpoint: _91746_ (rising edge-triggered flip-flop clocked by clk)
Endpoint: _89869_ (rising edge-triggered flip-flop clocked by clk)
Path Group: clk
Path Type: max

Fanout     Cap    Slew   Delay    Time   Description
-----------------------------------------------------------------------------
                  0.15    0.00    0.00   clock clk (rise edge)
                          0.00    0.00   clock network delay (ideal)
                  0.15    0.00    0.00 ^ _91746_/CLK (sky130_fd_sc_hd__dfxtp_2)
                  0.13    0.46    0.46 v _91746_/Q (sky130_fd_sc_hd__dfxtp_2)
     8    0.05                           _00026_ (net)
                  0.13    0.00    0.46 v _43578_/S0 (sky130_fd_sc_hd__mux4_2)
                  0.06    0.38    0.84 ^ _43578_/X (sky130_fd_sc_hd__mux4_2)
     1    0.00                           _09996_ (net)
                  0.06    0.00    0.84 ^ _43579_/A (sky130_fd_sc_hd__buf_1)
                  0.37    0.32    1.17 ^ _43579_/X (sky130_fd_sc_hd__buf_1)
     7    0.03                           _09997_ (net)
                  0.37    0.00    1.17 ^ _43580_/A (sky130_fd_sc_hd__buf_1)
                  0.38    0.38    1.55 ^ _43580_/X (sky130_fd_sc_hd__buf_1)
    10    0.03                           _09998_ (net)
                  0.38    0.00    1.55 ^ _43581_/A (sky130_fd_sc_hd__buf_1)
                  1.16    0.94    2.49 ^ _43581_/X (sky130_fd_sc_hd__buf_1)
    10    0.10                           _09999_ (net)
                  1.16    0.00    2.49 ^ _43582_/A (sky130_fd_sc_hd__buf_1)
                  1.15    0.95    3.44 ^ _43582_/X (sky130_fd_sc_hd__buf_1)
    10    0.10                           _10000_ (net)
                  1.15    0.02    3.46 ^ _43583_/A (sky130_fd_sc_hd__buf_1)
                  1.33    1.08    4.54 ^ _43583_/X (sky130_fd_sc_hd__buf_1)
    10    0.12                           _10001_ (net)
                  1.33    0.02    4.56 ^ _43584_/A (sky130_fd_sc_hd__buf_1)
                  1.44    1.13    5.69 ^ _43584_/X (sky130_fd_sc_hd__buf_1)
    10    0.13                           _10002_ (net)
                  1.44    0.07    5.76 ^ _43585_/A (sky130_fd_sc_hd__buf_1)
                  1.10    0.92    6.68 ^ _43585_/X (sky130_fd_sc_hd__buf_1)
    10    0.10                           _10003_ (net)
                  1.10    0.01    6.69 ^ _43729_/A (sky130_fd_sc_hd__buf_1)
                  0.92    0.79    7.48 ^ _43729_/X (sky130_fd_sc_hd__buf_1)
    10    0.08                           _10147_ (net)
                  0.92    0.01    7.49 ^ _43730_/A (sky130_fd_sc_hd__buf_1)
                  0.83    0.72    8.21 ^ _43730_/X (sky130_fd_sc_hd__buf_1)
    10    0.07                           _10148_ (net)
                  0.83    0.00    8.21 ^ _43731_/A (sky130_fd_sc_hd__buf_1)
                  0.85    0.74    8.95 ^ _43731_/X (sky130_fd_sc_hd__buf_1)
    10    0.07                           _10149_ (net)
                  0.85    0.01    8.95 ^ _43732_/A (sky130_fd_sc_hd__buf_1)
                  0.92    0.79    9.74 ^ _43732_/X (sky130_fd_sc_hd__buf_1)
    10    0.08                           _10150_ (net)
                  0.92    0.00    9.74 ^ _43733_/A (sky130_fd_sc_hd__buf_1)
                  0.70    0.63   10.37 ^ _43733_/X (sky130_fd_sc_hd__buf_1)
    10    0.06                           _10151_ (net)
                  0.70    0.01   10.38 ^ _43734_/A (sky130_fd_sc_hd__buf_1)
                  0.84    0.72   11.10 ^ _43734_/X (sky130_fd_sc_hd__buf_1)
    10    0.07                           _10152_ (net)
                  0.84    0.00   11.10 ^ _43735_/A (sky130_fd_sc_hd__buf_1)
                  0.77    0.68   11.78 ^ _43735_/X (sky130_fd_sc_hd__buf_1)
    10    0.07                           _10153_ (net)
                  0.77    0.01   11.78 ^ _43736_/A (sky130_fd_sc_hd__buf_1)
                  0.68    0.62   12.40 ^ _43736_/X (sky130_fd_sc_hd__buf_1)
    10    0.06                           _10154_ (net)
                  0.68    0.00   12.40 ^ _43737_/A (sky130_fd_sc_hd__buf_1)
                  0.80    0.70   13.10 ^ _43737_/X (sky130_fd_sc_hd__buf_1)
    10    0.07                           _10155_ (net)
                  0.80    0.00   13.10 ^ _43738_/A (sky130_fd_sc_hd__buf_1)
                  0.90    0.77   13.87 ^ _43738_/X (sky130_fd_sc_hd__buf_1)
    10    0.08                           _10156_ (net)
                  0.90    0.01   13.88 ^ _43739_/A (sky130_fd_sc_hd__buf_1)
                  0.69    0.62   14.50 ^ _43739_/X (sky130_fd_sc_hd__buf_1)
    10    0.06                           _10157_ (net)
                  0.69    0.00   14.50 ^ _43740_/A (sky130_fd_sc_hd__buf_1)
                  1.00    0.84   15.34 ^ _43740_/X (sky130_fd_sc_hd__buf_1)
    10    0.09                           _10158_ (net)
                  1.00    0.01   15.36 ^ _43741_/A (sky130_fd_sc_hd__buf_1)
                  0.61    0.57   15.92 ^ _43741_/X (sky130_fd_sc_hd__buf_1)
    10    0.05                           _10159_ (net)
                  0.61    0.00   15.93 ^ _43829_/S (sky130_fd_sc_hd__mux2_2)
                  0.07    0.29   16.22 ^ _43829_/X (sky130_fd_sc_hd__mux2_2)
     1    0.01                           _10247_ (net)
                  0.07    0.00   16.22 ^ _43832_/A2 (sky130_fd_sc_hd__o211a_2)
                  0.06    0.18   16.40 ^ _43832_/X (sky130_fd_sc_hd__o211a_2)
     1    0.00                           _10250_ (net)
                  0.06    0.00   16.40 ^ _43845_/A2 (sky130_fd_sc_hd__o311a_2)
                  0.07    0.20   16.61 ^ _43845_/X (sky130_fd_sc_hd__o311a_2)
     1    0.01                           _10263_ (net)
                  0.07    0.00   16.61 ^ _43857_/B1 (sky130_fd_sc_hd__a311o_2)
                  0.08    0.13   16.74 ^ _43857_/X (sky130_fd_sc_hd__a311o_2)
     1    0.01                           _10275_ (net)
                  0.08    0.00   16.74 ^ _43859_/B1 (sky130_fd_sc_hd__o311a_2)
                  0.07    0.21   16.94 ^ _43859_/X (sky130_fd_sc_hd__o311a_2)
     1    0.01                           _10277_ (net)
                  0.07    0.00   16.94 ^ _43860_/C (sky130_fd_sc_hd__nand3_2)
                  0.35    0.31   17.25 v _43860_/Y (sky130_fd_sc_hd__nand3_2)
     3    0.05                           _10278_ (net)
                  0.35    0.01   17.26 v _45225_/A (sky130_fd_sc_hd__or3b_2)
                  0.11    0.60   17.86 v _45225_/X (sky130_fd_sc_hd__or3b_2)
     2    0.01                           _11381_ (net)
                  0.11    0.00   17.86 v _45226_/C (sky130_fd_sc_hd__or3_2)
                  0.12    0.50   18.36 v _45226_/X (sky130_fd_sc_hd__or3_2)
     3    0.02                           _11382_ (net)
                  0.12    0.00   18.36 v _45227_/B (sky130_fd_sc_hd__nor2_2)
                  0.26    0.25   18.61 ^ _45227_/Y (sky130_fd_sc_hd__nor2_2)
     5    0.02                           _11383_ (net)
                  0.26    0.00   18.61 ^ _45230_/B (sky130_fd_sc_hd__and2_2)
                  0.08    0.23   18.84 ^ _45230_/X (sky130_fd_sc_hd__and2_2)
     3    0.01                           _11386_ (net)
                  0.08    0.00   18.84 ^ _60573_/A (sky130_fd_sc_hd__buf_1)
                  0.60    0.49   19.33 ^ _60573_/X (sky130_fd_sc_hd__buf_1)
    10    0.05                           _22055_ (net)
                  0.60    0.00   19.33 ^ _60574_/A (sky130_fd_sc_hd__buf_1)
                  0.85    0.72   20.05 ^ _60574_/X (sky130_fd_sc_hd__buf_1)
    10    0.07                           _22056_ (net)
                  0.85    0.02   20.07 ^ _60579_/B1 (sky130_fd_sc_hd__a22o_2)
                  0.05    0.26   20.32 ^ _60579_/X (sky130_fd_sc_hd__a22o_2)
     1    0.00                           _04786_ (net)
                  0.05    0.00   20.32 ^ _89869_/D (sky130_fd_sc_hd__dfxtp_2)
                                 20.32   data arrival time

                  0.15   12.50   12.50   clock clk (rise edge)
                          0.00   12.50   clock network delay (ideal)
                         -0.25   12.25   clock uncertainty
                          0.00   12.25   clock reconvergence pessimism
                                 12.25 ^ _89869_/CLK (sky130_fd_sc_hd__dfxtp_2)
                         -0.05   12.20   library setup time
                                 12.20   data required time
-----------------------------------------------------------------------------
                                 12.20   data required time
                                -20.32   data arrival time
-----------------------------------------------------------------------------
                                 -8.12   slack (VIOLATED)



===========================================================================
report_checks --slack_max -0.01
============================================================================
Startpoint: _91746_ (rising edge-triggered flip-flop clocked by clk)
Endpoint: _89869_ (rising edge-triggered flip-flop clocked by clk)
Path Group: clk
Path Type: max

Fanout     Cap    Slew   Delay    Time   Description
-----------------------------------------------------------------------------
                  0.15    0.00    0.00   clock clk (rise edge)
                          0.00    0.00   clock network delay (ideal)
                  0.15    0.00    0.00 ^ _91746_/CLK (sky130_fd_sc_hd__dfxtp_2)
                  0.13    0.46    0.46 v _91746_/Q (sky130_fd_sc_hd__dfxtp_2)
     8    0.05                           _00026_ (net)
                  0.13    0.00    0.46 v _43578_/S0 (sky130_fd_sc_hd__mux4_2)
                  0.06    0.38    0.84 ^ _43578_/X (sky130_fd_sc_hd__mux4_2)
     1    0.00                           _09996_ (net)
                  0.06    0.00    0.84 ^ _43579_/A (sky130_fd_sc_hd__buf_1)
                  0.37    0.32    1.17 ^ _43579_/X (sky130_fd_sc_hd__buf_1)
     7    0.03                           _09997_ (net)
                  0.37    0.00    1.17 ^ _43580_/A (sky130_fd_sc_hd__buf_1)
                  0.38    0.38    1.55 ^ _43580_/X (sky130_fd_sc_hd__buf_1)
    10    0.03                           _09998_ (net)
                  0.38    0.00    1.55 ^ _43581_/A (sky130_fd_sc_hd__buf_1)
                  1.16    0.94    2.49 ^ _43581_/X (sky130_fd_sc_hd__buf_1)
    10    0.10                           _09999_ (net)
                  1.16    0.00    2.49 ^ _43582_/A (sky130_fd_sc_hd__buf_1)
                  1.15    0.95    3.44 ^ _43582_/X (sky130_fd_sc_hd__buf_1)
    10    0.10                           _10000_ (net)
                  1.15    0.02    3.46 ^ _43583_/A (sky130_fd_sc_hd__buf_1)
                  1.33    1.08    4.54 ^ _43583_/X (sky130_fd_sc_hd__buf_1)
    10    0.12                           _10001_ (net)
                  1.33    0.02    4.56 ^ _43584_/A (sky130_fd_sc_hd__buf_1)
                  1.44    1.13    5.69 ^ _43584_/X (sky130_fd_sc_hd__buf_1)
    10    0.13                           _10002_ (net)
                  1.44    0.07    5.76 ^ _43585_/A (sky130_fd_sc_hd__buf_1)
                  1.10    0.92    6.68 ^ _43585_/X (sky130_fd_sc_hd__buf_1)
    10    0.10                           _10003_ (net)
                  1.10    0.01    6.69 ^ _43729_/A (sky130_fd_sc_hd__buf_1)
                  0.92    0.79    7.48 ^ _43729_/X (sky130_fd_sc_hd__buf_1)
    10    0.08                           _10147_ (net)
                  0.92    0.01    7.49 ^ _43730_/A (sky130_fd_sc_hd__buf_1)
                  0.83    0.72    8.21 ^ _43730_/X (sky130_fd_sc_hd__buf_1)
    10    0.07                           _10148_ (net)
                  0.83    0.00    8.21 ^ _43731_/A (sky130_fd_sc_hd__buf_1)
                  0.85    0.74    8.95 ^ _43731_/X (sky130_fd_sc_hd__buf_1)
    10    0.07                           _10149_ (net)
                  0.85    0.01    8.95 ^ _43732_/A (sky130_fd_sc_hd__buf_1)
                  0.92    0.79    9.74 ^ _43732_/X (sky130_fd_sc_hd__buf_1)
    10    0.08                           _10150_ (net)
                  0.92    0.00    9.74 ^ _43733_/A (sky130_fd_sc_hd__buf_1)
                  0.70    0.63   10.37 ^ _43733_/X (sky130_fd_sc_hd__buf_1)
    10    0.06                           _10151_ (net)
                  0.70    0.01   10.38 ^ _43734_/A (sky130_fd_sc_hd__buf_1)
                  0.84    0.72   11.10 ^ _43734_/X (sky130_fd_sc_hd__buf_1)
    10    0.07                           _10152_ (net)
                  0.84    0.00   11.10 ^ _43735_/A (sky130_fd_sc_hd__buf_1)
                  0.77    0.68   11.78 ^ _43735_/X (sky130_fd_sc_hd__buf_1)
    10    0.07                           _10153_ (net)
                  0.77    0.01   11.78 ^ _43736_/A (sky130_fd_sc_hd__buf_1)
                  0.68    0.62   12.40 ^ _43736_/X (sky130_fd_sc_hd__buf_1)
    10    0.06                           _10154_ (net)
                  0.68    0.00   12.40 ^ _43737_/A (sky130_fd_sc_hd__buf_1)
                  0.80    0.70   13.10 ^ _43737_/X (sky130_fd_sc_hd__buf_1)
    10    0.07                           _10155_ (net)
                  0.80    0.00   13.10 ^ _43738_/A (sky130_fd_sc_hd__buf_1)
                  0.90    0.77   13.87 ^ _43738_/X (sky130_fd_sc_hd__buf_1)
    10    0.08                           _10156_ (net)
                  0.90    0.01   13.88 ^ _43739_/A (sky130_fd_sc_hd__buf_1)
                  0.69    0.62   14.50 ^ _43739_/X (sky130_fd_sc_hd__buf_1)
    10    0.06                           _10157_ (net)
                  0.69    0.00   14.50 ^ _43740_/A (sky130_fd_sc_hd__buf_1)
                  1.00    0.84   15.34 ^ _43740_/X (sky130_fd_sc_hd__buf_1)
    10    0.09                           _10158_ (net)
                  1.00    0.01   15.36 ^ _43741_/A (sky130_fd_sc_hd__buf_1)
                  0.61    0.57   15.92 ^ _43741_/X (sky130_fd_sc_hd__buf_1)
    10    0.05                           _10159_ (net)
                  0.61    0.00   15.93 ^ _43829_/S (sky130_fd_sc_hd__mux2_2)
                  0.07    0.29   16.22 ^ _43829_/X (sky130_fd_sc_hd__mux2_2)
     1    0.01                           _10247_ (net)
                  0.07    0.00   16.22 ^ _43832_/A2 (sky130_fd_sc_hd__o211a_2)
                  0.06    0.18   16.40 ^ _43832_/X (sky130_fd_sc_hd__o211a_2)
     1    0.00                           _10250_ (net)
                  0.06    0.00   16.40 ^ _43845_/A2 (sky130_fd_sc_hd__o311a_2)
                  0.07    0.20   16.61 ^ _43845_/X (sky130_fd_sc_hd__o311a_2)
     1    0.01                           _10263_ (net)
                  0.07    0.00   16.61 ^ _43857_/B1 (sky130_fd_sc_hd__a311o_2)
                  0.08    0.13   16.74 ^ _43857_/X (sky130_fd_sc_hd__a311o_2)
     1    0.01                           _10275_ (net)
                  0.08    0.00   16.74 ^ _43859_/B1 (sky130_fd_sc_hd__o311a_2)
                  0.07    0.21   16.94 ^ _43859_/X (sky130_fd_sc_hd__o311a_2)
     1    0.01                           _10277_ (net)
                  0.07    0.00   16.94 ^ _43860_/C (sky130_fd_sc_hd__nand3_2)
                  0.35    0.31   17.25 v _43860_/Y (sky130_fd_sc_hd__nand3_2)
     3    0.05                           _10278_ (net)
                  0.35    0.01   17.26 v _45225_/A (sky130_fd_sc_hd__or3b_2)
                  0.11    0.60   17.86 v _45225_/X (sky130_fd_sc_hd__or3b_2)
     2    0.01                           _11381_ (net)
                  0.11    0.00   17.86 v _45226_/C (sky130_fd_sc_hd__or3_2)
                  0.12    0.50   18.36 v _45226_/X (sky130_fd_sc_hd__or3_2)
     3    0.02                           _11382_ (net)
                  0.12    0.00   18.36 v _45227_/B (sky130_fd_sc_hd__nor2_2)
                  0.26    0.25   18.61 ^ _45227_/Y (sky130_fd_sc_hd__nor2_2)
     5    0.02                           _11383_ (net)
                  0.26    0.00   18.61 ^ _45230_/B (sky130_fd_sc_hd__and2_2)
                  0.08    0.23   18.84 ^ _45230_/X (sky130_fd_sc_hd__and2_2)
     3    0.01                           _11386_ (net)
                  0.08    0.00   18.84 ^ _60573_/A (sky130_fd_sc_hd__buf_1)
                  0.60    0.49   19.33 ^ _60573_/X (sky130_fd_sc_hd__buf_1)
    10    0.05                           _22055_ (net)
                  0.60    0.00   19.33 ^ _60574_/A (sky130_fd_sc_hd__buf_1)
                  0.85    0.72   20.05 ^ _60574_/X (sky130_fd_sc_hd__buf_1)
    10    0.07                           _22056_ (net)
                  0.85    0.02   20.07 ^ _60579_/B1 (sky130_fd_sc_hd__a22o_2)
                  0.05    0.26   20.32 ^ _60579_/X (sky130_fd_sc_hd__a22o_2)
     1    0.00                           _04786_ (net)
                  0.05    0.00   20.32 ^ _89869_/D (sky130_fd_sc_hd__dfxtp_2)
                                 20.32   data arrival time

                  0.15   12.50   12.50   clock clk (rise edge)
                          0.00   12.50   clock network delay (ideal)
                         -0.25   12.25   clock uncertainty
                          0.00   12.25   clock reconvergence pessimism
                                 12.25 ^ _89869_/CLK (sky130_fd_sc_hd__dfxtp_2)
                         -0.05   12.20   library setup time
                                 12.20   data required time
-----------------------------------------------------------------------------
                                 12.20   data required time
                                -20.32   data arrival time
-----------------------------------------------------------------------------
                                 -8.12   slack (VIOLATED)


