
===========================================================================
report_checks -unconstrained
============================================================================
Startpoint: _86558_ (rising edge-triggered flip-flop clocked by clk)
Endpoint: _86807_ (rising edge-triggered flip-flop clocked by clk)
Path Group: clk
Path Type: max

Fanout     Cap    Slew   Delay    Time   Description
-----------------------------------------------------------------------------
                  0.15    0.00    0.00   clock clk (rise edge)
                          0.00    0.00   clock network delay (ideal)
                  0.15    0.00    0.00 ^ _86558_/CLK (sky130_fd_sc_hd__dfxtp_4)
                  0.15    0.49    0.49 ^ _86558_/Q (sky130_fd_sc_hd__dfxtp_4)
     7    0.05                           _00026_ (net)
                  0.15    0.00    0.49 ^ _40820_/S0 (sky130_fd_sc_hd__mux4_2)
                  0.19    0.69    1.18 v _40820_/X (sky130_fd_sc_hd__mux4_2)
     1    0.04                           _09832_ (net)
                  0.19    0.01    1.19 v _40821_/A (sky130_fd_sc_hd__clkbuf_8)
                  0.09    0.25    1.44 v _40821_/X (sky130_fd_sc_hd__clkbuf_8)
     9    0.06                           _09833_ (net)
                  0.09    0.00    1.44 v _59864_/A (sky130_fd_sc_hd__buf_12)
                  0.10    0.19    1.63 v _59864_/X (sky130_fd_sc_hd__buf_12)
    20    0.16                           _23580_ (net)
                  0.12    0.03    1.67 v _59910_/A (sky130_fd_sc_hd__buf_12)
                  0.13    0.24    1.90 v _59910_/X (sky130_fd_sc_hd__buf_12)
    20    0.24                           _23626_ (net)
                  0.13    0.02    1.92 v _60158_/S (sky130_fd_sc_hd__mux2_1)
                  0.06    0.33    2.25 v _60158_/X (sky130_fd_sc_hd__mux2_1)
     1    0.00                           _23871_ (net)
                  0.06    0.00    2.25 v _60159_/A1 (sky130_fd_sc_hd__mux2_1)
                  0.06    0.30    2.56 v _60159_/X (sky130_fd_sc_hd__mux2_1)
     1    0.00                           _23872_ (net)
                  0.06    0.00    2.56 v _60164_/A2 (sky130_fd_sc_hd__a211o_1)
                  0.05    0.29    2.85 v _60164_/X (sky130_fd_sc_hd__a211o_1)
     1    0.00                           _23877_ (net)
                  0.05    0.00    2.85 v _60182_/A3 (sky130_fd_sc_hd__a311o_2)
                  0.11    0.46    3.30 v _60182_/X (sky130_fd_sc_hd__a311o_2)
     2    0.02                           _23895_ (net)
                  0.11    0.00    3.31 v _69042_/A1 (sky130_fd_sc_hd__a31o_4)
                  0.10    0.31    3.62 v _69042_/X (sky130_fd_sc_hd__a31o_4)
     8    0.05                           _31132_ (net)
                  0.10    0.00    3.62 v _71735_/B1 (sky130_fd_sc_hd__a211o_4)
                  0.13    0.41    4.02 v _71735_/X (sky130_fd_sc_hd__a211o_4)
    10    0.05                           _33825_ (net)
                  0.13    0.00    4.02 v _72277_/C (sky130_fd_sc_hd__or4_4)
                  0.12    0.56    4.58 v _72277_/X (sky130_fd_sc_hd__or4_4)
     5    0.03                           _34361_ (net)
                  0.13    0.00    4.58 v _72507_/B (sky130_fd_sc_hd__nor4b_4)
                  0.54    0.54    5.13 ^ _72507_/Y (sky130_fd_sc_hd__nor4b_4)
     9    0.04                           _34584_ (net)
                  0.54    0.00    5.13 ^ _72851_/A (sky130_fd_sc_hd__nand3_4)
                  0.27    0.31    5.44 v _72851_/Y (sky130_fd_sc_hd__nand3_4)
     9    0.05                           _34915_ (net)
                  0.27    0.01    5.45 v _73230_/A (sky130_fd_sc_hd__or3_4)
                  0.11    0.50    5.95 v _73230_/X (sky130_fd_sc_hd__or3_4)
     8    0.03                           _35280_ (net)
                  0.11    0.00    5.95 v _73441_/B (sky130_fd_sc_hd__or4_2)
                  0.15    0.74    6.69 v _73441_/X (sky130_fd_sc_hd__or4_2)
     4    0.01                           _35483_ (net)
                  0.15    0.00    6.70 v _73588_/C (sky130_fd_sc_hd__or4_2)
                  0.15    0.71    7.40 v _73588_/X (sky130_fd_sc_hd__or4_2)
     5    0.01                           _35625_ (net)
                  0.15    0.00    7.40 v _73669_/D (sky130_fd_sc_hd__or4_2)
                  0.15    0.63    8.04 v _73669_/X (sky130_fd_sc_hd__or4_2)
     4    0.01                           _35703_ (net)
                  0.15    0.00    8.04 v _73746_/A4 (sky130_fd_sc_hd__o41a_1)
                  0.10    0.37    8.41 v _73746_/X (sky130_fd_sc_hd__o41a_1)
     2    0.01                           _35777_ (net)
                  0.10    0.00    8.41 v _73747_/B (sky130_fd_sc_hd__xor2_1)
                  0.08    0.17    8.58 v _73747_/X (sky130_fd_sc_hd__xor2_1)
     2    0.01                           _35778_ (net)
                  0.08    0.00    8.58 v _73749_/B (sky130_fd_sc_hd__nor2_1)
                  0.16    0.16    8.74 ^ _73749_/Y (sky130_fd_sc_hd__nor2_1)
     2    0.01                           _35780_ (net)
                  0.16    0.00    8.74 ^ _73750_/A (sky130_fd_sc_hd__inv_2)
                  0.04    0.05    8.79 v _73750_/Y (sky130_fd_sc_hd__inv_2)
     1    0.00                           _35781_ (net)
                  0.04    0.00    8.79 v _73751_/B (sky130_fd_sc_hd__nand2_1)
                  0.11    0.11    8.90 ^ _73751_/Y (sky130_fd_sc_hd__nand2_1)
     3    0.01                           _35782_ (net)
                  0.11    0.00    8.90 ^ _73778_/C (sky130_fd_sc_hd__nor3_1)
                  0.04    0.06    8.97 v _73778_/Y (sky130_fd_sc_hd__nor3_1)
     1    0.00                           _35808_ (net)
                  0.04    0.00    8.97 v _73782_/A2 (sky130_fd_sc_hd__a211o_1)
                  0.09    0.34    9.31 v _73782_/X (sky130_fd_sc_hd__a211o_1)
     4    0.01                           _35812_ (net)
                  0.09    0.00    9.31 v _73832_/A2 (sky130_fd_sc_hd__a31o_1)
                  0.08    0.27    9.58 v _73832_/X (sky130_fd_sc_hd__a31o_1)
     3    0.01                           _35860_ (net)
                  0.08    0.00    9.58 v _73852_/A2 (sky130_fd_sc_hd__a21o_1)
                  0.04    0.19    9.77 v _73852_/X (sky130_fd_sc_hd__a21o_1)
     1    0.00                           _35879_ (net)
                  0.04    0.00    9.77 v _73858_/A1 (sky130_fd_sc_hd__a311o_1)
                  0.06    0.26   10.03 v _73858_/X (sky130_fd_sc_hd__a311o_1)
     1    0.00                           _35885_ (net)
                  0.06    0.00   10.03 v _73874_/A2 (sky130_fd_sc_hd__a21oi_1)
                  0.09    0.13   10.16 ^ _73874_/Y (sky130_fd_sc_hd__a21oi_1)
     1    0.00                           _06832_ (net)
                  0.09    0.00   10.16 ^ _86807_/D (sky130_fd_sc_hd__dfxtp_4)
                                 10.16   data arrival time

                  0.15   12.50   12.50   clock clk (rise edge)
                          0.00   12.50   clock network delay (ideal)
                         -0.25   12.25   clock uncertainty
                          0.00   12.25   clock reconvergence pessimism
                                 12.25 ^ _86807_/CLK (sky130_fd_sc_hd__dfxtp_4)
                         -0.06   12.19   library setup time
                                 12.19   data required time
-----------------------------------------------------------------------------
                                 12.19   data required time
                                -10.16   data arrival time
-----------------------------------------------------------------------------
                                  2.04   slack (MET)



===========================================================================
report_checks --slack_max -0.01
============================================================================
No paths found.
