
===========================================================================
report_checks -path_delay min (Hold)
============================================================================
Startpoint: _86780_ (rising edge-triggered flip-flop clocked by clk)
Endpoint: _86024_ (rising edge-triggered flip-flop clocked by clk)
Path Group: clk
Path Type: min

Fanout     Cap    Slew   Delay    Time   Description
-----------------------------------------------------------------------------
                          0.00    0.00   clock clk (rise edge)
                          0.00    0.00   clock source latency
                  0.43    0.31    0.31 ^ clk (in)
     1    0.10                           clk (net)
                  0.44    0.00    0.31 ^ clkbuf_0_clk/A (sky130_fd_sc_hd__clkbuf_16)
                  0.05    0.21    0.53 ^ clkbuf_0_clk/X (sky130_fd_sc_hd__clkbuf_16)
     2    0.02                           clknet_0_clk (net)
                  0.05    0.00    0.53 ^ clkbuf_1_0_0_clk/A (sky130_fd_sc_hd__clkbuf_8)
                  0.04    0.12    0.64 ^ clkbuf_1_0_0_clk/X (sky130_fd_sc_hd__clkbuf_8)
     1    0.01                           clknet_1_0_0_clk (net)
                  0.04    0.00    0.64 ^ clkbuf_1_0_1_clk/A (sky130_fd_sc_hd__clkbuf_8)
                  0.04    0.11    0.76 ^ clkbuf_1_0_1_clk/X (sky130_fd_sc_hd__clkbuf_8)
     1    0.01                           clknet_1_0_1_clk (net)
                  0.04    0.00    0.76 ^ clkbuf_1_0_2_clk/A (sky130_fd_sc_hd__clkbuf_8)
                  0.04    0.11    0.87 ^ clkbuf_1_0_2_clk/X (sky130_fd_sc_hd__clkbuf_8)
     1    0.01                           clknet_1_0_2_clk (net)
                  0.04    0.00    0.87 ^ clkbuf_1_0_3_clk/A (sky130_fd_sc_hd__clkbuf_8)
                  0.06    0.13    1.00 ^ clkbuf_1_0_3_clk/X (sky130_fd_sc_hd__clkbuf_8)
     2    0.02                           clknet_1_0_3_clk (net)
                  0.06    0.00    1.00 ^ clkbuf_2_1_0_clk/A (sky130_fd_sc_hd__clkbuf_8)
                  0.04    0.12    1.12 ^ clkbuf_2_1_0_clk/X (sky130_fd_sc_hd__clkbuf_8)
     1    0.01                           clknet_2_1_0_clk (net)
                  0.04    0.00    1.12 ^ clkbuf_2_1_1_clk/A (sky130_fd_sc_hd__clkbuf_8)
                  0.04    0.11    1.23 ^ clkbuf_2_1_1_clk/X (sky130_fd_sc_hd__clkbuf_8)
     1    0.01                           clknet_2_1_1_clk (net)
                  0.04    0.00    1.23 ^ clkbuf_2_1_2_clk/A (sky130_fd_sc_hd__clkbuf_8)
                  0.03    0.11    1.34 ^ clkbuf_2_1_2_clk/X (sky130_fd_sc_hd__clkbuf_8)
     1    0.01                           clknet_2_1_2_clk (net)
                  0.03    0.00    1.34 ^ clkbuf_2_1_3_clk/A (sky130_fd_sc_hd__clkbuf_8)
                  0.07    0.14    1.48 ^ clkbuf_2_1_3_clk/X (sky130_fd_sc_hd__clkbuf_8)
     2    0.03                           clknet_2_1_3_clk (net)
                  0.07    0.00    1.48 ^ clkbuf_3_3_0_clk/A (sky130_fd_sc_hd__clkbuf_8)
                  0.04    0.12    1.60 ^ clkbuf_3_3_0_clk/X (sky130_fd_sc_hd__clkbuf_8)
     1    0.01                           clknet_3_3_0_clk (net)
                  0.04    0.00    1.60 ^ clkbuf_3_3_1_clk/A (sky130_fd_sc_hd__clkbuf_8)
                  0.06    0.13    1.73 ^ clkbuf_3_3_1_clk/X (sky130_fd_sc_hd__clkbuf_8)
     2    0.02                           clknet_3_3_1_clk (net)
                  0.06    0.00    1.73 ^ clkbuf_4_6_0_clk/A (sky130_fd_sc_hd__clkbuf_8)
                  0.04    0.11    1.85 ^ clkbuf_4_6_0_clk/X (sky130_fd_sc_hd__clkbuf_8)
     1    0.01                           clknet_4_6_0_clk (net)
                  0.04    0.00    1.85 ^ clkbuf_4_6_1_clk/A (sky130_fd_sc_hd__clkbuf_8)
                  0.06    0.13    1.98 ^ clkbuf_4_6_1_clk/X (sky130_fd_sc_hd__clkbuf_8)
     2    0.03                           clknet_4_6_1_clk (net)
                  0.06    0.00    1.98 ^ clkbuf_5_13_0_clk/A (sky130_fd_sc_hd__clkbuf_8)
                  0.05    0.13    2.11 ^ clkbuf_5_13_0_clk/X (sky130_fd_sc_hd__clkbuf_8)
     2    0.02                           clknet_5_13_0_clk (net)
                  0.05    0.00    2.11 ^ clkbuf_6_26_0_clk/A (sky130_fd_sc_hd__clkbuf_8)
                  0.04    0.12    2.23 ^ clkbuf_6_26_0_clk/X (sky130_fd_sc_hd__clkbuf_8)
     2    0.01                           clknet_6_26_0_clk (net)
                  0.04    0.00    2.23 ^ clkbuf_7_53_0_clk/A (sky130_fd_sc_hd__clkbuf_8)
                  0.14    0.19    2.43 ^ clkbuf_7_53_0_clk/X (sky130_fd_sc_hd__clkbuf_8)
     7    0.08                           clknet_7_53_0_clk (net)
                  0.14    0.00    2.43 ^ clkbuf_leaf_180_clk/A (sky130_fd_sc_hd__clkbuf_16)
                  0.03    0.14    2.57 ^ clkbuf_leaf_180_clk/X (sky130_fd_sc_hd__clkbuf_16)
     3    0.01                           clknet_leaf_180_clk (net)
                  0.03    0.00    2.57 ^ _86780_/CLK (sky130_fd_sc_hd__dfxtp_4)
                  0.14    0.39    2.96 ^ _86780_/Q (sky130_fd_sc_hd__dfxtp_4)
     6    0.05                           core_u.back2csr_wb_data[36] (net)
                  0.14    0.01    2.97 ^ _66749_/A1 (sky130_fd_sc_hd__o211a_1)
                  0.04    0.16    3.13 ^ _66749_/X (sky130_fd_sc_hd__o211a_1)
     1    0.00                           _06091_ (net)
                  0.04    0.00    3.13 ^ _86024_/D (sky130_fd_sc_hd__dfxtp_1)
                                  3.13   data arrival time

                          0.00    0.00   clock clk (rise edge)
                          0.00    0.00   clock source latency
                  0.43    0.34    0.34 ^ clk (in)
     1    0.10                           clk (net)
                  0.44    0.00    0.34 ^ clkbuf_0_clk/A (sky130_fd_sc_hd__clkbuf_16)
                  0.05    0.24    0.58 ^ clkbuf_0_clk/X (sky130_fd_sc_hd__clkbuf_16)
     2    0.02                           clknet_0_clk (net)
                  0.05    0.00    0.58 ^ clkbuf_1_0_0_clk/A (sky130_fd_sc_hd__clkbuf_8)
                  0.04    0.13    0.71 ^ clkbuf_1_0_0_clk/X (sky130_fd_sc_hd__clkbuf_8)
     1    0.01                           clknet_1_0_0_clk (net)
                  0.04    0.00    0.71 ^ clkbuf_1_0_1_clk/A (sky130_fd_sc_hd__clkbuf_8)
                  0.04    0.12    0.84 ^ clkbuf_1_0_1_clk/X (sky130_fd_sc_hd__clkbuf_8)
     1    0.01                           clknet_1_0_1_clk (net)
                  0.04    0.00    0.84 ^ clkbuf_1_0_2_clk/A (sky130_fd_sc_hd__clkbuf_8)
                  0.04    0.12    0.96 ^ clkbuf_1_0_2_clk/X (sky130_fd_sc_hd__clkbuf_8)
     1    0.01                           clknet_1_0_2_clk (net)
                  0.04    0.00    0.96 ^ clkbuf_1_0_3_clk/A (sky130_fd_sc_hd__clkbuf_8)
                  0.06    0.14    1.10 ^ clkbuf_1_0_3_clk/X (sky130_fd_sc_hd__clkbuf_8)
     2    0.02                           clknet_1_0_3_clk (net)
                  0.06    0.00    1.11 ^ clkbuf_2_0_0_clk/A (sky130_fd_sc_hd__clkbuf_8)
                  0.04    0.13    1.23 ^ clkbuf_2_0_0_clk/X (sky130_fd_sc_hd__clkbuf_8)
     1    0.01                           clknet_2_0_0_clk (net)
                  0.04    0.00    1.23 ^ clkbuf_2_0_1_clk/A (sky130_fd_sc_hd__clkbuf_8)
                  0.04    0.12    1.36 ^ clkbuf_2_0_1_clk/X (sky130_fd_sc_hd__clkbuf_8)
     1    0.01                           clknet_2_0_1_clk (net)
                  0.04    0.00    1.36 ^ clkbuf_2_0_2_clk/A (sky130_fd_sc_hd__clkbuf_8)
                  0.03    0.12    1.48 ^ clkbuf_2_0_2_clk/X (sky130_fd_sc_hd__clkbuf_8)
     1    0.01                           clknet_2_0_2_clk (net)
                  0.03    0.00    1.48 ^ clkbuf_2_0_3_clk/A (sky130_fd_sc_hd__clkbuf_8)
                  0.07    0.15    1.63 ^ clkbuf_2_0_3_clk/X (sky130_fd_sc_hd__clkbuf_8)
     2    0.03                           clknet_2_0_3_clk (net)
                  0.07    0.00    1.63 ^ clkbuf_3_1_0_clk/A (sky130_fd_sc_hd__clkbuf_8)
                  0.04    0.14    1.77 ^ clkbuf_3_1_0_clk/X (sky130_fd_sc_hd__clkbuf_8)
     1    0.01                           clknet_3_1_0_clk (net)
                  0.04    0.00    1.77 ^ clkbuf_3_1_1_clk/A (sky130_fd_sc_hd__clkbuf_8)
                  0.05    0.14    1.91 ^ clkbuf_3_1_1_clk/X (sky130_fd_sc_hd__clkbuf_8)
     2    0.02                           clknet_3_1_1_clk (net)
                  0.05    0.00    1.91 ^ clkbuf_4_3_0_clk/A (sky130_fd_sc_hd__clkbuf_8)
                  0.04    0.13    2.04 ^ clkbuf_4_3_0_clk/X (sky130_fd_sc_hd__clkbuf_8)
     1    0.01                           clknet_4_3_0_clk (net)
                  0.04    0.00    2.04 ^ clkbuf_4_3_1_clk/A (sky130_fd_sc_hd__clkbuf_8)
                  0.06    0.14    2.18 ^ clkbuf_4_3_1_clk/X (sky130_fd_sc_hd__clkbuf_8)
     2    0.03                           clknet_4_3_1_clk (net)
                  0.06    0.00    2.18 ^ clkbuf_5_6_0_clk/A (sky130_fd_sc_hd__clkbuf_8)
                  0.06    0.15    2.33 ^ clkbuf_5_6_0_clk/X (sky130_fd_sc_hd__clkbuf_8)
     2    0.02                           clknet_5_6_0_clk (net)
                  0.06    0.00    2.33 ^ clkbuf_6_13_0_clk/A (sky130_fd_sc_hd__clkbuf_8)
                  0.05    0.14    2.47 ^ clkbuf_6_13_0_clk/X (sky130_fd_sc_hd__clkbuf_8)
     2    0.02                           clknet_6_13_0_clk (net)
                  0.05    0.00    2.47 ^ clkbuf_7_27_0_clk/A (sky130_fd_sc_hd__clkbuf_8)
                  0.20    0.26    2.73 ^ clkbuf_7_27_0_clk/X (sky130_fd_sc_hd__clkbuf_8)
    11    0.12                           clknet_7_27_0_clk (net)
                  0.20    0.00    2.73 ^ clkbuf_leaf_1143_clk/A (sky130_fd_sc_hd__clkbuf_16)
                  0.04    0.18    2.91 ^ clkbuf_leaf_1143_clk/X (sky130_fd_sc_hd__clkbuf_16)
     6    0.02                           clknet_leaf_1143_clk (net)
                  0.04    0.00    2.91 ^ _86024_/CLK (sky130_fd_sc_hd__dfxtp_1)
                          0.25    3.16   clock uncertainty
                         -0.11    3.06   clock reconvergence pessimism
                         -0.03    3.03   library hold time
                                  3.03   data required time
-----------------------------------------------------------------------------
                                  3.03   data required time
                                 -3.13   data arrival time
-----------------------------------------------------------------------------
                                  0.10   slack (MET)


Startpoint: _87846_ (rising edge-triggered flip-flop clocked by clk)
Endpoint: _87756_ (rising edge-triggered flip-flop clocked by clk)
Path Group: clk
Path Type: min

Fanout     Cap    Slew   Delay    Time   Description
-----------------------------------------------------------------------------
                          0.00    0.00   clock clk (rise edge)
                          0.00    0.00   clock source latency
                  0.43    0.31    0.31 ^ clk (in)
     1    0.10                           clk (net)
                  0.44    0.00    0.31 ^ clkbuf_0_clk/A (sky130_fd_sc_hd__clkbuf_16)
                  0.05    0.21    0.53 ^ clkbuf_0_clk/X (sky130_fd_sc_hd__clkbuf_16)
     2    0.02                           clknet_0_clk (net)
                  0.05    0.00    0.53 ^ clkbuf_1_1_0_clk/A (sky130_fd_sc_hd__clkbuf_8)
                  0.04    0.12    0.64 ^ clkbuf_1_1_0_clk/X (sky130_fd_sc_hd__clkbuf_8)
     1    0.01                           clknet_1_1_0_clk (net)
                  0.04    0.00    0.64 ^ clkbuf_1_1_1_clk/A (sky130_fd_sc_hd__clkbuf_8)
                  0.04    0.11    0.76 ^ clkbuf_1_1_1_clk/X (sky130_fd_sc_hd__clkbuf_8)
     1    0.01                           clknet_1_1_1_clk (net)
                  0.04    0.00    0.76 ^ clkbuf_1_1_2_clk/A (sky130_fd_sc_hd__clkbuf_8)
                  0.04    0.11    0.87 ^ clkbuf_1_1_2_clk/X (sky130_fd_sc_hd__clkbuf_8)
     1    0.01                           clknet_1_1_2_clk (net)
                  0.04    0.00    0.87 ^ clkbuf_1_1_3_clk/A (sky130_fd_sc_hd__clkbuf_8)
                  0.07    0.14    1.01 ^ clkbuf_1_1_3_clk/X (sky130_fd_sc_hd__clkbuf_8)
     2    0.03                           clknet_1_1_3_clk (net)
                  0.07    0.00    1.01 ^ clkbuf_2_3_0_clk/A (sky130_fd_sc_hd__clkbuf_8)
                  0.04    0.12    1.14 ^ clkbuf_2_3_0_clk/X (sky130_fd_sc_hd__clkbuf_8)
     1    0.01                           clknet_2_3_0_clk (net)
                  0.04    0.00    1.14 ^ clkbuf_2_3_1_clk/A (sky130_fd_sc_hd__clkbuf_8)
                  0.04    0.11    1.25 ^ clkbuf_2_3_1_clk/X (sky130_fd_sc_hd__clkbuf_8)
     1    0.01                           clknet_2_3_1_clk (net)
                  0.04    0.00    1.25 ^ clkbuf_2_3_2_clk/A (sky130_fd_sc_hd__clkbuf_8)
                  0.03    0.11    1.36 ^ clkbuf_2_3_2_clk/X (sky130_fd_sc_hd__clkbuf_8)
     1    0.01                           clknet_2_3_2_clk (net)
                  0.03    0.00    1.36 ^ clkbuf_2_3_3_clk/A (sky130_fd_sc_hd__clkbuf_8)
                  0.07    0.14    1.50 ^ clkbuf_2_3_3_clk/X (sky130_fd_sc_hd__clkbuf_8)
     2    0.04                           clknet_2_3_3_clk (net)
                  0.07    0.00    1.50 ^ clkbuf_3_7_0_clk/A (sky130_fd_sc_hd__clkbuf_8)
                  0.04    0.12    1.62 ^ clkbuf_3_7_0_clk/X (sky130_fd_sc_hd__clkbuf_8)
     1    0.01                           clknet_3_7_0_clk (net)
                  0.04    0.00    1.62 ^ clkbuf_3_7_1_clk/A (sky130_fd_sc_hd__clkbuf_8)
                  0.07    0.14    1.76 ^ clkbuf_3_7_1_clk/X (sky130_fd_sc_hd__clkbuf_8)
     2    0.03                           clknet_3_7_1_clk (net)
                  0.07    0.00    1.76 ^ clkbuf_4_14_0_clk/A (sky130_fd_sc_hd__clkbuf_8)
                  0.04    0.12    1.88 ^ clkbuf_4_14_0_clk/X (sky130_fd_sc_hd__clkbuf_8)
     1    0.01                           clknet_4_14_0_clk (net)
                  0.04    0.00    1.88 ^ clkbuf_4_14_1_clk/A (sky130_fd_sc_hd__clkbuf_8)
                  0.06    0.13    2.01 ^ clkbuf_4_14_1_clk/X (sky130_fd_sc_hd__clkbuf_8)
     2    0.03                           clknet_4_14_1_clk (net)
                  0.06    0.00    2.01 ^ clkbuf_5_29_0_clk/A (sky130_fd_sc_hd__clkbuf_8)
                  0.06    0.14    2.15 ^ clkbuf_5_29_0_clk/X (sky130_fd_sc_hd__clkbuf_8)
     2    0.03                           clknet_5_29_0_clk (net)
                  0.06    0.00    2.15 ^ clkbuf_6_59_0_clk/A (sky130_fd_sc_hd__clkbuf_8)
                  0.05    0.13    2.27 ^ clkbuf_6_59_0_clk/X (sky130_fd_sc_hd__clkbuf_8)
     2    0.02                           clknet_6_59_0_clk (net)
                  0.05    0.00    2.27 ^ clkbuf_7_119_0_clk/A (sky130_fd_sc_hd__clkbuf_8)
                  0.24    0.26    2.53 ^ clkbuf_7_119_0_clk/X (sky130_fd_sc_hd__clkbuf_8)
    13    0.14                           clknet_7_119_0_clk (net)
                  0.24    0.00    2.53 ^ clkbuf_leaf_590_clk/A (sky130_fd_sc_hd__clkbuf_16)
                  0.05    0.18    2.71 ^ clkbuf_leaf_590_clk/X (sky130_fd_sc_hd__clkbuf_16)
     8    0.02                           clknet_leaf_590_clk (net)
                  0.05    0.00    2.71 ^ _87846_/CLK (sky130_fd_sc_hd__dfxtp_1)
                  0.04    0.29    3.00 ^ _87846_/Q (sky130_fd_sc_hd__dfxtp_1)
     1    0.00                           l1dcache_u.S2_DATA_Q.dff_q[23] (net)
                  0.04    0.00    3.00 ^ _41330_/A1 (sky130_fd_sc_hd__a22o_1)
                  0.08    0.15    3.15 ^ _41330_/X (sky130_fd_sc_hd__a22o_1)
     2    0.01                           l1dcache_u.S2_DATA.d[23] (net)
                  0.08    0.00    3.15 ^ _87756_/D (sky130_fd_sc_hd__dfxtp_1)
                                  3.15   data arrival time

                          0.00    0.00   clock clk (rise edge)
                          0.00    0.00   clock source latency
                  0.43    0.34    0.34 ^ clk (in)
     1    0.10                           clk (net)
                  0.44    0.00    0.34 ^ clkbuf_0_clk/A (sky130_fd_sc_hd__clkbuf_16)
                  0.05    0.24    0.58 ^ clkbuf_0_clk/X (sky130_fd_sc_hd__clkbuf_16)
     2    0.02                           clknet_0_clk (net)
                  0.05    0.00    0.58 ^ clkbuf_1_1_0_clk/A (sky130_fd_sc_hd__clkbuf_8)
                  0.04    0.13    0.71 ^ clkbuf_1_1_0_clk/X (sky130_fd_sc_hd__clkbuf_8)
     1    0.01                           clknet_1_1_0_clk (net)
                  0.04    0.00    0.71 ^ clkbuf_1_1_1_clk/A (sky130_fd_sc_hd__clkbuf_8)
                  0.04    0.12    0.84 ^ clkbuf_1_1_1_clk/X (sky130_fd_sc_hd__clkbuf_8)
     1    0.01                           clknet_1_1_1_clk (net)
                  0.04    0.00    0.84 ^ clkbuf_1_1_2_clk/A (sky130_fd_sc_hd__clkbuf_8)
                  0.04    0.12    0.96 ^ clkbuf_1_1_2_clk/X (sky130_fd_sc_hd__clkbuf_8)
     1    0.01                           clknet_1_1_2_clk (net)
                  0.04    0.00    0.96 ^ clkbuf_1_1_3_clk/A (sky130_fd_sc_hd__clkbuf_8)
                  0.07    0.15    1.11 ^ clkbuf_1_1_3_clk/X (sky130_fd_sc_hd__clkbuf_8)
     2    0.03                           clknet_1_1_3_clk (net)
                  0.07    0.01    1.12 ^ clkbuf_2_3_0_clk/A (sky130_fd_sc_hd__clkbuf_8)
                  0.04    0.14    1.26 ^ clkbuf_2_3_0_clk/X (sky130_fd_sc_hd__clkbuf_8)
     1    0.01                           clknet_2_3_0_clk (net)
                  0.04    0.00    1.26 ^ clkbuf_2_3_1_clk/A (sky130_fd_sc_hd__clkbuf_8)
                  0.04    0.12    1.38 ^ clkbuf_2_3_1_clk/X (sky130_fd_sc_hd__clkbuf_8)
     1    0.01                           clknet_2_3_1_clk (net)
                  0.04    0.00    1.38 ^ clkbuf_2_3_2_clk/A (sky130_fd_sc_hd__clkbuf_8)
                  0.03    0.12    1.50 ^ clkbuf_2_3_2_clk/X (sky130_fd_sc_hd__clkbuf_8)
     1    0.01                           clknet_2_3_2_clk (net)
                  0.03    0.00    1.50 ^ clkbuf_2_3_3_clk/A (sky130_fd_sc_hd__clkbuf_8)
                  0.07    0.15    1.65 ^ clkbuf_2_3_3_clk/X (sky130_fd_sc_hd__clkbuf_8)
     2    0.04                           clknet_2_3_3_clk (net)
                  0.07    0.00    1.65 ^ clkbuf_3_7_0_clk/A (sky130_fd_sc_hd__clkbuf_8)
                  0.04    0.14    1.79 ^ clkbuf_3_7_0_clk/X (sky130_fd_sc_hd__clkbuf_8)
     1    0.01                           clknet_3_7_0_clk (net)
                  0.04    0.00    1.79 ^ clkbuf_3_7_1_clk/A (sky130_fd_sc_hd__clkbuf_8)
                  0.07    0.15    1.94 ^ clkbuf_3_7_1_clk/X (sky130_fd_sc_hd__clkbuf_8)
     2    0.03                           clknet_3_7_1_clk (net)
                  0.07    0.00    1.94 ^ clkbuf_4_15_0_clk/A (sky130_fd_sc_hd__clkbuf_8)
                  0.04    0.13    2.07 ^ clkbuf_4_15_0_clk/X (sky130_fd_sc_hd__clkbuf_8)
     1    0.01                           clknet_4_15_0_clk (net)
                  0.04    0.00    2.07 ^ clkbuf_4_15_1_clk/A (sky130_fd_sc_hd__clkbuf_8)
                  0.06    0.15    2.22 ^ clkbuf_4_15_1_clk/X (sky130_fd_sc_hd__clkbuf_8)
     2    0.03                           clknet_4_15_1_clk (net)
                  0.06    0.00    2.22 ^ clkbuf_5_31_0_clk/A (sky130_fd_sc_hd__clkbuf_8)
                  0.05    0.15    2.37 ^ clkbuf_5_31_0_clk/X (sky130_fd_sc_hd__clkbuf_8)
     2    0.02                           clknet_5_31_0_clk (net)
                  0.05    0.00    2.37 ^ clkbuf_6_62_0_clk/A (sky130_fd_sc_hd__clkbuf_8)
                  0.05    0.14    2.51 ^ clkbuf_6_62_0_clk/X (sky130_fd_sc_hd__clkbuf_8)
     2    0.02                           clknet_6_62_0_clk (net)
                  0.05    0.00    2.51 ^ clkbuf_7_125_0_clk/A (sky130_fd_sc_hd__clkbuf_8)
                  0.25    0.30    2.81 ^ clkbuf_7_125_0_clk/X (sky130_fd_sc_hd__clkbuf_8)
    13    0.16                           clknet_7_125_0_clk (net)
                  0.26    0.00    2.81 ^ clkbuf_leaf_589_clk/A (sky130_fd_sc_hd__clkbuf_16)
                  0.06    0.21    3.02 ^ clkbuf_leaf_589_clk/X (sky130_fd_sc_hd__clkbuf_16)
    11    0.03                           clknet_leaf_589_clk (net)
                  0.06    0.00    3.02 ^ _87756_/CLK (sky130_fd_sc_hd__dfxtp_1)
                          0.25    3.27   clock uncertainty
                         -0.19    3.09   clock reconvergence pessimism
                         -0.04    3.05   library hold time
                                  3.05   data required time
-----------------------------------------------------------------------------
                                  3.05   data required time
                                 -3.15   data arrival time
-----------------------------------------------------------------------------
                                  0.10   slack (MET)


Startpoint: _87073_ (rising edge-triggered flip-flop clocked by clk)
Endpoint: _83491_ (rising edge-triggered flip-flop clocked by clk)
Path Group: clk
Path Type: min

Fanout     Cap    Slew   Delay    Time   Description
-----------------------------------------------------------------------------
                          0.00    0.00   clock clk (rise edge)
                          0.00    0.00   clock source latency
                  0.43    0.31    0.31 ^ clk (in)
     1    0.10                           clk (net)
                  0.44    0.00    0.31 ^ clkbuf_0_clk/A (sky130_fd_sc_hd__clkbuf_16)
                  0.05    0.21    0.53 ^ clkbuf_0_clk/X (sky130_fd_sc_hd__clkbuf_16)
     2    0.02                           clknet_0_clk (net)
                  0.05    0.00    0.53 ^ clkbuf_1_0_0_clk/A (sky130_fd_sc_hd__clkbuf_8)
                  0.04    0.12    0.64 ^ clkbuf_1_0_0_clk/X (sky130_fd_sc_hd__clkbuf_8)
     1    0.01                           clknet_1_0_0_clk (net)
                  0.04    0.00    0.64 ^ clkbuf_1_0_1_clk/A (sky130_fd_sc_hd__clkbuf_8)
                  0.04    0.11    0.76 ^ clkbuf_1_0_1_clk/X (sky130_fd_sc_hd__clkbuf_8)
     1    0.01                           clknet_1_0_1_clk (net)
                  0.04    0.00    0.76 ^ clkbuf_1_0_2_clk/A (sky130_fd_sc_hd__clkbuf_8)
                  0.04    0.11    0.87 ^ clkbuf_1_0_2_clk/X (sky130_fd_sc_hd__clkbuf_8)
     1    0.01                           clknet_1_0_2_clk (net)
                  0.04    0.00    0.87 ^ clkbuf_1_0_3_clk/A (sky130_fd_sc_hd__clkbuf_8)
                  0.06    0.13    1.00 ^ clkbuf_1_0_3_clk/X (sky130_fd_sc_hd__clkbuf_8)
     2    0.02                           clknet_1_0_3_clk (net)
                  0.06    0.00    1.00 ^ clkbuf_2_0_0_clk/A (sky130_fd_sc_hd__clkbuf_8)
                  0.04    0.12    1.12 ^ clkbuf_2_0_0_clk/X (sky130_fd_sc_hd__clkbuf_8)
     1    0.01                           clknet_2_0_0_clk (net)
                  0.04    0.00    1.12 ^ clkbuf_2_0_1_clk/A (sky130_fd_sc_hd__clkbuf_8)
                  0.04    0.11    1.23 ^ clkbuf_2_0_1_clk/X (sky130_fd_sc_hd__clkbuf_8)
     1    0.01                           clknet_2_0_1_clk (net)
                  0.04    0.00    1.23 ^ clkbuf_2_0_2_clk/A (sky130_fd_sc_hd__clkbuf_8)
                  0.03    0.11    1.34 ^ clkbuf_2_0_2_clk/X (sky130_fd_sc_hd__clkbuf_8)
     1    0.01                           clknet_2_0_2_clk (net)
                  0.03    0.00    1.34 ^ clkbuf_2_0_3_clk/A (sky130_fd_sc_hd__clkbuf_8)
                  0.07    0.14    1.48 ^ clkbuf_2_0_3_clk/X (sky130_fd_sc_hd__clkbuf_8)
     2    0.03                           clknet_2_0_3_clk (net)
                  0.07    0.00    1.48 ^ clkbuf_3_1_0_clk/A (sky130_fd_sc_hd__clkbuf_8)
                  0.04    0.12    1.60 ^ clkbuf_3_1_0_clk/X (sky130_fd_sc_hd__clkbuf_8)
     1    0.01                           clknet_3_1_0_clk (net)
                  0.04    0.00    1.60 ^ clkbuf_3_1_1_clk/A (sky130_fd_sc_hd__clkbuf_8)
                  0.05    0.13    1.73 ^ clkbuf_3_1_1_clk/X (sky130_fd_sc_hd__clkbuf_8)
     2    0.02                           clknet_3_1_1_clk (net)
                  0.05    0.00    1.73 ^ clkbuf_4_3_0_clk/A (sky130_fd_sc_hd__clkbuf_8)
                  0.04    0.11    1.84 ^ clkbuf_4_3_0_clk/X (sky130_fd_sc_hd__clkbuf_8)
     1    0.01                           clknet_4_3_0_clk (net)
                  0.04    0.00    1.84 ^ clkbuf_4_3_1_clk/A (sky130_fd_sc_hd__clkbuf_8)
                  0.06    0.13    1.97 ^ clkbuf_4_3_1_clk/X (sky130_fd_sc_hd__clkbuf_8)
     2    0.03                           clknet_4_3_1_clk (net)
                  0.06    0.00    1.98 ^ clkbuf_5_6_0_clk/A (sky130_fd_sc_hd__clkbuf_8)
                  0.06    0.13    2.11 ^ clkbuf_5_6_0_clk/X (sky130_fd_sc_hd__clkbuf_8)
     2    0.02                           clknet_5_6_0_clk (net)
                  0.06    0.00    2.11 ^ clkbuf_6_12_0_clk/A (sky130_fd_sc_hd__clkbuf_8)
                  0.05    0.13    2.24 ^ clkbuf_6_12_0_clk/X (sky130_fd_sc_hd__clkbuf_8)
     2    0.02                           clknet_6_12_0_clk (net)
                  0.05    0.00    2.24 ^ clkbuf_7_24_0_clk/A (sky130_fd_sc_hd__clkbuf_8)
                  0.16    0.21    2.45 ^ clkbuf_7_24_0_clk/X (sky130_fd_sc_hd__clkbuf_8)
     9    0.10                           clknet_7_24_0_clk (net)
                  0.16    0.00    2.45 ^ clkbuf_leaf_1182_clk/A (sky130_fd_sc_hd__clkbuf_16)
                  0.05    0.16    2.61 ^ clkbuf_leaf_1182_clk/X (sky130_fd_sc_hd__clkbuf_16)
    10    0.03                           clknet_leaf_1182_clk (net)
                  0.05    0.00    2.61 ^ _87073_/CLK (sky130_fd_sc_hd__dfxtp_1)
                  0.17    0.38    2.99 ^ _87073_/Q (sky130_fd_sc_hd__dfxtp_1)
     5    0.02                           core_u.front2back_alu_function[1] (net)
                  0.17    0.00    2.99 ^ _54000_/B2 (sky130_fd_sc_hd__a22o_1)
                  0.04    0.13    3.13 ^ _54000_/X (sky130_fd_sc_hd__a22o_1)
     1    0.00                           _03596_ (net)
                  0.04    0.00    3.13 ^ _83491_/D (sky130_fd_sc_hd__dfxtp_1)
                                  3.13   data arrival time

                          0.00    0.00   clock clk (rise edge)
                          0.00    0.00   clock source latency
                  0.43    0.34    0.34 ^ clk (in)
     1    0.10                           clk (net)
                  0.44    0.00    0.34 ^ clkbuf_0_clk/A (sky130_fd_sc_hd__clkbuf_16)
                  0.05    0.24    0.58 ^ clkbuf_0_clk/X (sky130_fd_sc_hd__clkbuf_16)
     2    0.02                           clknet_0_clk (net)
                  0.05    0.00    0.58 ^ clkbuf_1_0_0_clk/A (sky130_fd_sc_hd__clkbuf_8)
                  0.04    0.13    0.71 ^ clkbuf_1_0_0_clk/X (sky130_fd_sc_hd__clkbuf_8)
     1    0.01                           clknet_1_0_0_clk (net)
                  0.04    0.00    0.71 ^ clkbuf_1_0_1_clk/A (sky130_fd_sc_hd__clkbuf_8)
                  0.04    0.12    0.84 ^ clkbuf_1_0_1_clk/X (sky130_fd_sc_hd__clkbuf_8)
     1    0.01                           clknet_1_0_1_clk (net)
                  0.04    0.00    0.84 ^ clkbuf_1_0_2_clk/A (sky130_fd_sc_hd__clkbuf_8)
                  0.04    0.12    0.96 ^ clkbuf_1_0_2_clk/X (sky130_fd_sc_hd__clkbuf_8)
     1    0.01                           clknet_1_0_2_clk (net)
                  0.04    0.00    0.96 ^ clkbuf_1_0_3_clk/A (sky130_fd_sc_hd__clkbuf_8)
                  0.06    0.14    1.10 ^ clkbuf_1_0_3_clk/X (sky130_fd_sc_hd__clkbuf_8)
     2    0.02                           clknet_1_0_3_clk (net)
                  0.06    0.00    1.11 ^ clkbuf_2_0_0_clk/A (sky130_fd_sc_hd__clkbuf_8)
                  0.04    0.13    1.23 ^ clkbuf_2_0_0_clk/X (sky130_fd_sc_hd__clkbuf_8)
     1    0.01                           clknet_2_0_0_clk (net)
                  0.04    0.00    1.23 ^ clkbuf_2_0_1_clk/A (sky130_fd_sc_hd__clkbuf_8)
                  0.04    0.12    1.36 ^ clkbuf_2_0_1_clk/X (sky130_fd_sc_hd__clkbuf_8)
     1    0.01                           clknet_2_0_1_clk (net)
                  0.04    0.00    1.36 ^ clkbuf_2_0_2_clk/A (sky130_fd_sc_hd__clkbuf_8)
                  0.03    0.12    1.48 ^ clkbuf_2_0_2_clk/X (sky130_fd_sc_hd__clkbuf_8)
     1    0.01                           clknet_2_0_2_clk (net)
                  0.03    0.00    1.48 ^ clkbuf_2_0_3_clk/A (sky130_fd_sc_hd__clkbuf_8)
                  0.07    0.15    1.63 ^ clkbuf_2_0_3_clk/X (sky130_fd_sc_hd__clkbuf_8)
     2    0.03                           clknet_2_0_3_clk (net)
                  0.07    0.00    1.63 ^ clkbuf_3_1_0_clk/A (sky130_fd_sc_hd__clkbuf_8)
                  0.04    0.14    1.77 ^ clkbuf_3_1_0_clk/X (sky130_fd_sc_hd__clkbuf_8)
     1    0.01                           clknet_3_1_0_clk (net)
                  0.04    0.00    1.77 ^ clkbuf_3_1_1_clk/A (sky130_fd_sc_hd__clkbuf_8)
                  0.05    0.14    1.91 ^ clkbuf_3_1_1_clk/X (sky130_fd_sc_hd__clkbuf_8)
     2    0.02                           clknet_3_1_1_clk (net)
                  0.05    0.00    1.91 ^ clkbuf_4_3_0_clk/A (sky130_fd_sc_hd__clkbuf_8)
                  0.04    0.13    2.04 ^ clkbuf_4_3_0_clk/X (sky130_fd_sc_hd__clkbuf_8)
     1    0.01                           clknet_4_3_0_clk (net)
                  0.04    0.00    2.04 ^ clkbuf_4_3_1_clk/A (sky130_fd_sc_hd__clkbuf_8)
                  0.06    0.14    2.18 ^ clkbuf_4_3_1_clk/X (sky130_fd_sc_hd__clkbuf_8)
     2    0.03                           clknet_4_3_1_clk (net)
                  0.06    0.00    2.18 ^ clkbuf_5_6_0_clk/A (sky130_fd_sc_hd__clkbuf_8)
                  0.06    0.15    2.33 ^ clkbuf_5_6_0_clk/X (sky130_fd_sc_hd__clkbuf_8)
     2    0.02                           clknet_5_6_0_clk (net)
                  0.06    0.00    2.33 ^ clkbuf_6_13_0_clk/A (sky130_fd_sc_hd__clkbuf_8)
                  0.05    0.14    2.47 ^ clkbuf_6_13_0_clk/X (sky130_fd_sc_hd__clkbuf_8)
     2    0.02                           clknet_6_13_0_clk (net)
                  0.05    0.00    2.47 ^ clkbuf_7_26_0_clk/A (sky130_fd_sc_hd__clkbuf_8)
                  0.29    0.33    2.80 ^ clkbuf_7_26_0_clk/X (sky130_fd_sc_hd__clkbuf_8)
    16    0.18                           clknet_7_26_0_clk (net)
                  0.29    0.00    2.80 ^ clkbuf_leaf_146_clk/A (sky130_fd_sc_hd__clkbuf_16)
                  0.06    0.22    3.02 ^ clkbuf_leaf_146_clk/X (sky130_fd_sc_hd__clkbuf_16)
    10    0.03                           clknet_leaf_146_clk (net)
                  0.06    0.00    3.02 ^ _83491_/CLK (sky130_fd_sc_hd__dfxtp_1)
                          0.25    3.27   clock uncertainty
                         -0.22    3.05   clock reconvergence pessimism
                         -0.03    3.02   library hold time
                                  3.02   data required time
-----------------------------------------------------------------------------
                                  3.02   data required time
                                 -3.13   data arrival time
-----------------------------------------------------------------------------
                                  0.10   slack (MET)


Startpoint: _87073_ (rising edge-triggered flip-flop clocked by clk)
Endpoint: _82471_ (rising edge-triggered flip-flop clocked by clk)
Path Group: clk
Path Type: min

Fanout     Cap    Slew   Delay    Time   Description
-----------------------------------------------------------------------------
                          0.00    0.00   clock clk (rise edge)
                          0.00    0.00   clock source latency
                  0.43    0.31    0.31 ^ clk (in)
     1    0.10                           clk (net)
                  0.44    0.00    0.31 ^ clkbuf_0_clk/A (sky130_fd_sc_hd__clkbuf_16)
                  0.05    0.21    0.53 ^ clkbuf_0_clk/X (sky130_fd_sc_hd__clkbuf_16)
     2    0.02                           clknet_0_clk (net)
                  0.05    0.00    0.53 ^ clkbuf_1_0_0_clk/A (sky130_fd_sc_hd__clkbuf_8)
                  0.04    0.12    0.64 ^ clkbuf_1_0_0_clk/X (sky130_fd_sc_hd__clkbuf_8)
     1    0.01                           clknet_1_0_0_clk (net)
                  0.04    0.00    0.64 ^ clkbuf_1_0_1_clk/A (sky130_fd_sc_hd__clkbuf_8)
                  0.04    0.11    0.76 ^ clkbuf_1_0_1_clk/X (sky130_fd_sc_hd__clkbuf_8)
     1    0.01                           clknet_1_0_1_clk (net)
                  0.04    0.00    0.76 ^ clkbuf_1_0_2_clk/A (sky130_fd_sc_hd__clkbuf_8)
                  0.04    0.11    0.87 ^ clkbuf_1_0_2_clk/X (sky130_fd_sc_hd__clkbuf_8)
     1    0.01                           clknet_1_0_2_clk (net)
                  0.04    0.00    0.87 ^ clkbuf_1_0_3_clk/A (sky130_fd_sc_hd__clkbuf_8)
                  0.06    0.13    1.00 ^ clkbuf_1_0_3_clk/X (sky130_fd_sc_hd__clkbuf_8)
     2    0.02                           clknet_1_0_3_clk (net)
                  0.06    0.00    1.00 ^ clkbuf_2_0_0_clk/A (sky130_fd_sc_hd__clkbuf_8)
                  0.04    0.12    1.12 ^ clkbuf_2_0_0_clk/X (sky130_fd_sc_hd__clkbuf_8)
     1    0.01                           clknet_2_0_0_clk (net)
                  0.04    0.00    1.12 ^ clkbuf_2_0_1_clk/A (sky130_fd_sc_hd__clkbuf_8)
                  0.04    0.11    1.23 ^ clkbuf_2_0_1_clk/X (sky130_fd_sc_hd__clkbuf_8)
     1    0.01                           clknet_2_0_1_clk (net)
                  0.04    0.00    1.23 ^ clkbuf_2_0_2_clk/A (sky130_fd_sc_hd__clkbuf_8)
                  0.03    0.11    1.34 ^ clkbuf_2_0_2_clk/X (sky130_fd_sc_hd__clkbuf_8)
     1    0.01                           clknet_2_0_2_clk (net)
                  0.03    0.00    1.34 ^ clkbuf_2_0_3_clk/A (sky130_fd_sc_hd__clkbuf_8)
                  0.07    0.14    1.48 ^ clkbuf_2_0_3_clk/X (sky130_fd_sc_hd__clkbuf_8)
     2    0.03                           clknet_2_0_3_clk (net)
                  0.07    0.00    1.48 ^ clkbuf_3_1_0_clk/A (sky130_fd_sc_hd__clkbuf_8)
                  0.04    0.12    1.60 ^ clkbuf_3_1_0_clk/X (sky130_fd_sc_hd__clkbuf_8)
     1    0.01                           clknet_3_1_0_clk (net)
                  0.04    0.00    1.60 ^ clkbuf_3_1_1_clk/A (sky130_fd_sc_hd__clkbuf_8)
                  0.05    0.13    1.73 ^ clkbuf_3_1_1_clk/X (sky130_fd_sc_hd__clkbuf_8)
     2    0.02                           clknet_3_1_1_clk (net)
                  0.05    0.00    1.73 ^ clkbuf_4_3_0_clk/A (sky130_fd_sc_hd__clkbuf_8)
                  0.04    0.11    1.84 ^ clkbuf_4_3_0_clk/X (sky130_fd_sc_hd__clkbuf_8)
     1    0.01                           clknet_4_3_0_clk (net)
                  0.04    0.00    1.84 ^ clkbuf_4_3_1_clk/A (sky130_fd_sc_hd__clkbuf_8)
                  0.06    0.13    1.97 ^ clkbuf_4_3_1_clk/X (sky130_fd_sc_hd__clkbuf_8)
     2    0.03                           clknet_4_3_1_clk (net)
                  0.06    0.00    1.98 ^ clkbuf_5_6_0_clk/A (sky130_fd_sc_hd__clkbuf_8)
                  0.06    0.13    2.11 ^ clkbuf_5_6_0_clk/X (sky130_fd_sc_hd__clkbuf_8)
     2    0.02                           clknet_5_6_0_clk (net)
                  0.06    0.00    2.11 ^ clkbuf_6_12_0_clk/A (sky130_fd_sc_hd__clkbuf_8)
                  0.05    0.13    2.24 ^ clkbuf_6_12_0_clk/X (sky130_fd_sc_hd__clkbuf_8)
     2    0.02                           clknet_6_12_0_clk (net)
                  0.05    0.00    2.24 ^ clkbuf_7_24_0_clk/A (sky130_fd_sc_hd__clkbuf_8)
                  0.16    0.21    2.45 ^ clkbuf_7_24_0_clk/X (sky130_fd_sc_hd__clkbuf_8)
     9    0.10                           clknet_7_24_0_clk (net)
                  0.16    0.00    2.45 ^ clkbuf_leaf_1182_clk/A (sky130_fd_sc_hd__clkbuf_16)
                  0.05    0.16    2.61 ^ clkbuf_leaf_1182_clk/X (sky130_fd_sc_hd__clkbuf_16)
    10    0.03                           clknet_leaf_1182_clk (net)
                  0.05    0.00    2.61 ^ _87073_/CLK (sky130_fd_sc_hd__dfxtp_1)
                  0.17    0.38    2.99 ^ _87073_/Q (sky130_fd_sc_hd__dfxtp_1)
     5    0.02                           core_u.front2back_alu_function[1] (net)
                  0.17    0.00    2.99 ^ _51896_/B2 (sky130_fd_sc_hd__a22o_1)
                  0.04    0.13    3.13 ^ _51896_/X (sky130_fd_sc_hd__a22o_1)
     1    0.00                           _02576_ (net)
                  0.04    0.00    3.13 ^ _82471_/D (sky130_fd_sc_hd__dfxtp_1)
                                  3.13   data arrival time

                          0.00    0.00   clock clk (rise edge)
                          0.00    0.00   clock source latency
                  0.43    0.34    0.34 ^ clk (in)
     1    0.10                           clk (net)
                  0.44    0.00    0.34 ^ clkbuf_0_clk/A (sky130_fd_sc_hd__clkbuf_16)
                  0.05    0.24    0.58 ^ clkbuf_0_clk/X (sky130_fd_sc_hd__clkbuf_16)
     2    0.02                           clknet_0_clk (net)
                  0.05    0.00    0.58 ^ clkbuf_1_0_0_clk/A (sky130_fd_sc_hd__clkbuf_8)
                  0.04    0.13    0.71 ^ clkbuf_1_0_0_clk/X (sky130_fd_sc_hd__clkbuf_8)
     1    0.01                           clknet_1_0_0_clk (net)
                  0.04    0.00    0.71 ^ clkbuf_1_0_1_clk/A (sky130_fd_sc_hd__clkbuf_8)
                  0.04    0.12    0.84 ^ clkbuf_1_0_1_clk/X (sky130_fd_sc_hd__clkbuf_8)
     1    0.01                           clknet_1_0_1_clk (net)
                  0.04    0.00    0.84 ^ clkbuf_1_0_2_clk/A (sky130_fd_sc_hd__clkbuf_8)
                  0.04    0.12    0.96 ^ clkbuf_1_0_2_clk/X (sky130_fd_sc_hd__clkbuf_8)
     1    0.01                           clknet_1_0_2_clk (net)
                  0.04    0.00    0.96 ^ clkbuf_1_0_3_clk/A (sky130_fd_sc_hd__clkbuf_8)
                  0.06    0.14    1.10 ^ clkbuf_1_0_3_clk/X (sky130_fd_sc_hd__clkbuf_8)
     2    0.02                           clknet_1_0_3_clk (net)
                  0.06    0.00    1.11 ^ clkbuf_2_0_0_clk/A (sky130_fd_sc_hd__clkbuf_8)
                  0.04    0.13    1.23 ^ clkbuf_2_0_0_clk/X (sky130_fd_sc_hd__clkbuf_8)
     1    0.01                           clknet_2_0_0_clk (net)
                  0.04    0.00    1.23 ^ clkbuf_2_0_1_clk/A (sky130_fd_sc_hd__clkbuf_8)
                  0.04    0.12    1.36 ^ clkbuf_2_0_1_clk/X (sky130_fd_sc_hd__clkbuf_8)
     1    0.01                           clknet_2_0_1_clk (net)
                  0.04    0.00    1.36 ^ clkbuf_2_0_2_clk/A (sky130_fd_sc_hd__clkbuf_8)
                  0.03    0.12    1.48 ^ clkbuf_2_0_2_clk/X (sky130_fd_sc_hd__clkbuf_8)
     1    0.01                           clknet_2_0_2_clk (net)
                  0.03    0.00    1.48 ^ clkbuf_2_0_3_clk/A (sky130_fd_sc_hd__clkbuf_8)
                  0.07    0.15    1.63 ^ clkbuf_2_0_3_clk/X (sky130_fd_sc_hd__clkbuf_8)
     2    0.03                           clknet_2_0_3_clk (net)
                  0.07    0.00    1.63 ^ clkbuf_3_1_0_clk/A (sky130_fd_sc_hd__clkbuf_8)
                  0.04    0.14    1.77 ^ clkbuf_3_1_0_clk/X (sky130_fd_sc_hd__clkbuf_8)
     1    0.01                           clknet_3_1_0_clk (net)
                  0.04    0.00    1.77 ^ clkbuf_3_1_1_clk/A (sky130_fd_sc_hd__clkbuf_8)
                  0.05    0.14    1.91 ^ clkbuf_3_1_1_clk/X (sky130_fd_sc_hd__clkbuf_8)
     2    0.02                           clknet_3_1_1_clk (net)
                  0.05    0.00    1.91 ^ clkbuf_4_3_0_clk/A (sky130_fd_sc_hd__clkbuf_8)
                  0.04    0.13    2.04 ^ clkbuf_4_3_0_clk/X (sky130_fd_sc_hd__clkbuf_8)
     1    0.01                           clknet_4_3_0_clk (net)
                  0.04    0.00    2.04 ^ clkbuf_4_3_1_clk/A (sky130_fd_sc_hd__clkbuf_8)
                  0.06    0.14    2.18 ^ clkbuf_4_3_1_clk/X (sky130_fd_sc_hd__clkbuf_8)
     2    0.03                           clknet_4_3_1_clk (net)
                  0.06    0.00    2.18 ^ clkbuf_5_6_0_clk/A (sky130_fd_sc_hd__clkbuf_8)
                  0.06    0.15    2.33 ^ clkbuf_5_6_0_clk/X (sky130_fd_sc_hd__clkbuf_8)
     2    0.02                           clknet_5_6_0_clk (net)
                  0.06    0.00    2.33 ^ clkbuf_6_13_0_clk/A (sky130_fd_sc_hd__clkbuf_8)
                  0.05    0.14    2.47 ^ clkbuf_6_13_0_clk/X (sky130_fd_sc_hd__clkbuf_8)
     2    0.02                           clknet_6_13_0_clk (net)
                  0.05    0.00    2.47 ^ clkbuf_7_26_0_clk/A (sky130_fd_sc_hd__clkbuf_8)
                  0.29    0.33    2.80 ^ clkbuf_7_26_0_clk/X (sky130_fd_sc_hd__clkbuf_8)
    16    0.18                           clknet_7_26_0_clk (net)
                  0.29    0.00    2.80 ^ clkbuf_leaf_146_clk/A (sky130_fd_sc_hd__clkbuf_16)
                  0.06    0.22    3.02 ^ clkbuf_leaf_146_clk/X (sky130_fd_sc_hd__clkbuf_16)
    10    0.03                           clknet_leaf_146_clk (net)
                  0.06    0.00    3.02 ^ _82471_/CLK (sky130_fd_sc_hd__dfxtp_1)
                          0.25    3.27   clock uncertainty
                         -0.22    3.05   clock reconvergence pessimism
                         -0.03    3.02   library hold time
                                  3.02   data required time
-----------------------------------------------------------------------------
                                  3.02   data required time
                                 -3.13   data arrival time
-----------------------------------------------------------------------------
                                  0.10   slack (MET)


Startpoint: m2_wbd_dat_i[25] (input port clocked by clk)
Endpoint: _87354_ (rising edge-triggered flip-flop clocked by clk)
Path Group: clk
Path Type: min

Fanout     Cap    Slew   Delay    Time   Description
-----------------------------------------------------------------------------
                          0.00    0.00   clock clk (rise edge)
                          0.00    0.00   clock network delay (propagated)
                          2.50    2.50 ^ input external delay
                  0.05    0.03    2.53 ^ m2_wbd_dat_i[25] (in)
     1    0.01                           m2_wbd_dat_i[25] (net)
                  0.05    0.00    2.53 ^ input19/A (sky130_fd_sc_hd__buf_12)
                  0.16    0.17    2.70 ^ input19/X (sky130_fd_sc_hd__buf_12)
     8    0.22                           net19 (net)
                  0.43    0.19    2.88 ^ _45197_/A1 (sky130_fd_sc_hd__o21ba_1)
                  0.15    0.26    3.14 ^ _45197_/X (sky130_fd_sc_hd__o21ba_1)
     3    0.01                           _13668_ (net)
                  0.15    0.00    3.14 ^ _75709_/A2 (sky130_fd_sc_hd__a22o_1)
                  0.04    0.15    3.29 ^ _75709_/X (sky130_fd_sc_hd__a22o_1)
     1    0.00                           _07307_ (net)
                  0.04    0.00    3.29 ^ _87354_/D (sky130_fd_sc_hd__dfxtp_1)
                                  3.29   data arrival time

                          0.00    0.00   clock clk (rise edge)
                          0.00    0.00   clock source latency
                  0.43    0.34    0.34 ^ clk (in)
     1    0.10                           clk (net)
                  0.44    0.00    0.34 ^ clkbuf_0_clk/A (sky130_fd_sc_hd__clkbuf_16)
                  0.05    0.24    0.58 ^ clkbuf_0_clk/X (sky130_fd_sc_hd__clkbuf_16)
     2    0.02                           clknet_0_clk (net)
                  0.05    0.00    0.58 ^ clkbuf_1_1_0_clk/A (sky130_fd_sc_hd__clkbuf_8)
                  0.04    0.13    0.71 ^ clkbuf_1_1_0_clk/X (sky130_fd_sc_hd__clkbuf_8)
     1    0.01                           clknet_1_1_0_clk (net)
                  0.04    0.00    0.71 ^ clkbuf_1_1_1_clk/A (sky130_fd_sc_hd__clkbuf_8)
                  0.04    0.12    0.84 ^ clkbuf_1_1_1_clk/X (sky130_fd_sc_hd__clkbuf_8)
     1    0.01                           clknet_1_1_1_clk (net)
                  0.04    0.00    0.84 ^ clkbuf_1_1_2_clk/A (sky130_fd_sc_hd__clkbuf_8)
                  0.04    0.12    0.96 ^ clkbuf_1_1_2_clk/X (sky130_fd_sc_hd__clkbuf_8)
     1    0.01                           clknet_1_1_2_clk (net)
                  0.04    0.00    0.96 ^ clkbuf_1_1_3_clk/A (sky130_fd_sc_hd__clkbuf_8)
                  0.07    0.15    1.11 ^ clkbuf_1_1_3_clk/X (sky130_fd_sc_hd__clkbuf_8)
     2    0.03                           clknet_1_1_3_clk (net)
                  0.07    0.01    1.12 ^ clkbuf_2_3_0_clk/A (sky130_fd_sc_hd__clkbuf_8)
                  0.04    0.14    1.26 ^ clkbuf_2_3_0_clk/X (sky130_fd_sc_hd__clkbuf_8)
     1    0.01                           clknet_2_3_0_clk (net)
                  0.04    0.00    1.26 ^ clkbuf_2_3_1_clk/A (sky130_fd_sc_hd__clkbuf_8)
                  0.04    0.12    1.38 ^ clkbuf_2_3_1_clk/X (sky130_fd_sc_hd__clkbuf_8)
     1    0.01                           clknet_2_3_1_clk (net)
                  0.04    0.00    1.38 ^ clkbuf_2_3_2_clk/A (sky130_fd_sc_hd__clkbuf_8)
                  0.03    0.12    1.50 ^ clkbuf_2_3_2_clk/X (sky130_fd_sc_hd__clkbuf_8)
     1    0.01                           clknet_2_3_2_clk (net)
                  0.03    0.00    1.50 ^ clkbuf_2_3_3_clk/A (sky130_fd_sc_hd__clkbuf_8)
                  0.07    0.15    1.65 ^ clkbuf_2_3_3_clk/X (sky130_fd_sc_hd__clkbuf_8)
     2    0.04                           clknet_2_3_3_clk (net)
                  0.07    0.00    1.65 ^ clkbuf_3_7_0_clk/A (sky130_fd_sc_hd__clkbuf_8)
                  0.04    0.14    1.79 ^ clkbuf_3_7_0_clk/X (sky130_fd_sc_hd__clkbuf_8)
     1    0.01                           clknet_3_7_0_clk (net)
                  0.04    0.00    1.79 ^ clkbuf_3_7_1_clk/A (sky130_fd_sc_hd__clkbuf_8)
                  0.07    0.15    1.94 ^ clkbuf_3_7_1_clk/X (sky130_fd_sc_hd__clkbuf_8)
     2    0.03                           clknet_3_7_1_clk (net)
                  0.07    0.00    1.94 ^ clkbuf_4_14_0_clk/A (sky130_fd_sc_hd__clkbuf_8)
                  0.04    0.13    2.07 ^ clkbuf_4_14_0_clk/X (sky130_fd_sc_hd__clkbuf_8)
     1    0.01                           clknet_4_14_0_clk (net)
                  0.04    0.00    2.07 ^ clkbuf_4_14_1_clk/A (sky130_fd_sc_hd__clkbuf_8)
                  0.06    0.14    2.22 ^ clkbuf_4_14_1_clk/X (sky130_fd_sc_hd__clkbuf_8)
     2    0.03                           clknet_4_14_1_clk (net)
                  0.06    0.00    2.22 ^ clkbuf_5_28_0_clk/A (sky130_fd_sc_hd__clkbuf_8)
                  0.06    0.15    2.37 ^ clkbuf_5_28_0_clk/X (sky130_fd_sc_hd__clkbuf_8)
     2    0.02                           clknet_5_28_0_clk (net)
                  0.06    0.00    2.37 ^ clkbuf_6_57_0_clk/A (sky130_fd_sc_hd__clkbuf_8)
                  0.05    0.14    2.51 ^ clkbuf_6_57_0_clk/X (sky130_fd_sc_hd__clkbuf_8)
     2    0.02                           clknet_6_57_0_clk (net)
                  0.05    0.00    2.51 ^ clkbuf_7_115_0_clk/A (sky130_fd_sc_hd__clkbuf_8)
                  0.21    0.27    2.78 ^ clkbuf_7_115_0_clk/X (sky130_fd_sc_hd__clkbuf_8)
    12    0.13                           clknet_7_115_0_clk (net)
                  0.21    0.00    2.78 ^ clkbuf_leaf_614_clk/A (sky130_fd_sc_hd__clkbuf_16)
                  0.05    0.19    2.97 ^ clkbuf_leaf_614_clk/X (sky130_fd_sc_hd__clkbuf_16)
     7    0.02                           clknet_leaf_614_clk (net)
                  0.05    0.00    2.97 ^ _87354_/CLK (sky130_fd_sc_hd__dfxtp_1)
                          0.25    3.22   clock uncertainty
                          0.00    3.22   clock reconvergence pessimism
                         -0.03    3.19   library hold time
                                  3.19   data required time
-----------------------------------------------------------------------------
                                  3.19   data required time
                                 -3.29   data arrival time
-----------------------------------------------------------------------------
                                  0.11   slack (MET)


