OpenROAD 4174c3ad802d2ac1d04d387d2c4b883903f6647e 
This program is licensed under the BSD-3 license. See the LICENSE file for details.
Components of this program may be licensed under more restrictive licenses which must be honored.
[INFO PDN-0001] Inserting grid: stdcell_grid
[WARNING PSM-0016] Voltage pad location (VSRC) file not specified, defaulting pad location to checkerboard pattern on core area.
[WARNING PSM-0017] X direction bump pitch is not specified, defaulting to 140um.
[WARNING PSM-0018] Y direction bump pitch is not specified, defaulting to 140um.
[WARNING PSM-0019] Voltage on net vccd1 is not explicitly set.
[WARNING PSM-0022] Using voltage 1.800V for VDD network.
[WARNING PSM-0065] VSRC location not specified, using default checkerboard pattern with one VDD every size bumps in x-direction and one in two bumps in the y-direction
[INFO PSM-0076] Setting metal node density to be standard cell height times 5.
[WARNING PSM-0030] VSRC location at (134.970um, 133.760um) and size 10.000um, is not located on an existing power stripe node. Moving to closest node at (175.440um, 133.280um).
[WARNING PSM-0030] VSRC location at (974.970um, 133.760um) and size 10.000um, is not located on an existing power stripe node. Moving to closest node at (943.440um, 133.280um).
[WARNING PSM-0030] VSRC location at (1814.970um, 133.760um) and size 10.000um, is not located on an existing power stripe node. Moving to closest node at (1865.040um, 133.280um).
[WARNING PSM-0030] VSRC location at (414.970um, 273.760um) and size 10.000um, is not located on an existing power stripe node. Moving to closest node at (482.640um, 274.720um).
[WARNING PSM-0030] VSRC location at (694.970um, 413.760um) and size 10.000um, is not located on an existing power stripe node. Moving to closest node at (636.240um, 416.160um).
[WARNING PSM-0030] VSRC location at (1534.970um, 413.760um) and size 10.000um, is not located on an existing power stripe node. Moving to closest node at (1557.840um, 416.160um).
[WARNING PSM-0030] VSRC location at (134.970um, 553.760um) and size 10.000um, is not located on an existing power stripe node. Moving to closest node at (175.440um, 552.160um).
[WARNING PSM-0030] VSRC location at (974.970um, 553.760um) and size 10.000um, is not located on an existing power stripe node. Moving to closest node at (943.440um, 552.160um).
[WARNING PSM-0030] VSRC location at (1814.970um, 553.760um) and size 10.000um, is not located on an existing power stripe node. Moving to closest node at (1865.040um, 552.160um).
[WARNING PSM-0030] VSRC location at (414.970um, 693.760um) and size 10.000um, is not located on an existing power stripe node. Moving to closest node at (482.640um, 693.600um).
[WARNING PSM-0030] VSRC location at (694.970um, 833.760um) and size 10.000um, is not located on an existing power stripe node. Moving to closest node at (636.240um, 835.040um).
[WARNING PSM-0030] VSRC location at (1534.970um, 833.760um) and size 10.000um, is not located on an existing power stripe node. Moving to closest node at (1557.840um, 835.040um).
[WARNING PSM-0030] VSRC location at (134.970um, 973.760um) and size 10.000um, is not located on an existing power stripe node. Moving to closest node at (175.440um, 976.480um).
[WARNING PSM-0030] VSRC location at (974.970um, 973.760um) and size 10.000um, is not located on an existing power stripe node. Moving to closest node at (943.440um, 971.040um).
[WARNING PSM-0030] VSRC location at (1814.970um, 973.760um) and size 10.000um, is not located on an existing power stripe node. Moving to closest node at (1865.040um, 976.480um).
[WARNING PSM-0030] VSRC location at (414.970um, 1113.760um) and size 10.000um, is not located on an existing power stripe node. Moving to closest node at (482.640um, 1112.480um).
[WARNING PSM-0030] VSRC location at (694.970um, 1253.760um) and size 10.000um, is not located on an existing power stripe node. Moving to closest node at (636.240um, 1253.920um).
[WARNING PSM-0030] VSRC location at (1534.970um, 1253.760um) and size 10.000um, is not located on an existing power stripe node. Moving to closest node at (1557.840um, 1253.920um).
[WARNING PSM-0030] VSRC location at (134.970um, 1393.760um) and size 10.000um, is not located on an existing power stripe node. Moving to closest node at (175.440um, 1395.360um).
[WARNING PSM-0030] VSRC location at (974.970um, 1393.760um) and size 10.000um, is not located on an existing power stripe node. Moving to closest node at (943.440um, 1395.360um).
[WARNING PSM-0030] VSRC location at (1814.970um, 1393.760um) and size 10.000um, is not located on an existing power stripe node. Moving to closest node at (1865.040um, 1395.360um).
[WARNING PSM-0030] VSRC location at (414.970um, 1533.760um) and size 10.000um, is not located on an existing power stripe node. Moving to closest node at (482.640um, 1531.360um).
[WARNING PSM-0030] VSRC location at (694.970um, 1673.760um) and size 10.000um, is not located on an existing power stripe node. Moving to closest node at (636.240um, 1672.800um).
[WARNING PSM-0030] VSRC location at (1534.970um, 1673.760um) and size 10.000um, is not located on an existing power stripe node. Moving to closest node at (1557.840um, 1672.800um).
[WARNING PSM-0030] VSRC location at (134.970um, 1813.760um) and size 10.000um, is not located on an existing power stripe node. Moving to closest node at (175.440um, 1814.240um).
[WARNING PSM-0030] VSRC location at (974.970um, 1813.760um) and size 10.000um, is not located on an existing power stripe node. Moving to closest node at (943.440um, 1814.240um).
[WARNING PSM-0030] VSRC location at (1814.970um, 1813.760um) and size 10.000um, is not located on an existing power stripe node. Moving to closest node at (1865.040um, 1814.240um).
[INFO PSM-0031] Number of PDN nodes on net vccd1 = 86402.
[INFO PSM-0064] Number of voltage sources = 31.
[INFO PSM-0040] All PDN stripes on net vccd1 are connected.
[WARNING PSM-0016] Voltage pad location (VSRC) file not specified, defaulting pad location to checkerboard pattern on core area.
[WARNING PSM-0017] X direction bump pitch is not specified, defaulting to 140um.
[WARNING PSM-0018] Y direction bump pitch is not specified, defaulting to 140um.
[WARNING PSM-0019] Voltage on net vssd1 is not explicitly set.
[WARNING PSM-0021] Using voltage 0.000V for ground network.
[WARNING PSM-0065] VSRC location not specified, using default checkerboard pattern with one VDD every size bumps in x-direction and one in two bumps in the y-direction
[INFO PSM-0076] Setting metal node density to be standard cell height times 5.
[WARNING PSM-0030] VSRC location at (134.970um, 133.760um) and size 10.000um, is not located on an existing power stripe node. Moving to closest node at (98.640um, 136.000um).
[WARNING PSM-0030] VSRC location at (974.970um, 133.760um) and size 10.000um, is not located on an existing power stripe node. Moving to closest node at (1020.240um, 136.000um).
[WARNING PSM-0030] VSRC location at (1814.970um, 133.760um) and size 10.000um, is not located on an existing power stripe node. Moving to closest node at (1788.240um, 136.000um).
[WARNING PSM-0030] VSRC location at (414.970um, 273.760um) and size 10.000um, is not located on an existing power stripe node. Moving to closest node at (405.840um, 272.000um).
[WARNING PSM-0030] VSRC location at (1254.970um, 273.760um) and size 10.000um, is not located on an existing power stripe node. Moving to closest node at (1327.440um, 272.000um).
[WARNING PSM-0030] VSRC location at (694.970um, 413.760um) and size 10.000um, is not located on an existing power stripe node. Moving to closest node at (713.040um, 413.440um).
[WARNING PSM-0030] VSRC location at (1534.970um, 413.760um) and size 10.000um, is not located on an existing power stripe node. Moving to closest node at (1481.040um, 413.440um).
[WARNING PSM-0030] VSRC location at (134.970um, 553.760um) and size 10.000um, is not located on an existing power stripe node. Moving to closest node at (98.640um, 554.880um).
[WARNING PSM-0030] VSRC location at (974.970um, 553.760um) and size 10.000um, is not located on an existing power stripe node. Moving to closest node at (1020.240um, 554.880um).
[WARNING PSM-0030] VSRC location at (1814.970um, 553.760um) and size 10.000um, is not located on an existing power stripe node. Moving to closest node at (1788.240um, 554.880um).
[WARNING PSM-0030] VSRC location at (414.970um, 693.760um) and size 10.000um, is not located on an existing power stripe node. Moving to closest node at (405.840um, 696.320um).
[WARNING PSM-0030] VSRC location at (1254.970um, 693.760um) and size 10.000um, is not located on an existing power stripe node. Moving to closest node at (1327.440um, 696.320um).
[WARNING PSM-0030] VSRC location at (694.970um, 833.760um) and size 10.000um, is not located on an existing power stripe node. Moving to closest node at (713.040um, 832.320um).
[WARNING PSM-0030] VSRC location at (1534.970um, 833.760um) and size 10.000um, is not located on an existing power stripe node. Moving to closest node at (1481.040um, 832.320um).
[WARNING PSM-0030] VSRC location at (134.970um, 973.760um) and size 10.000um, is not located on an existing power stripe node. Moving to closest node at (98.640um, 973.760um).
[WARNING PSM-0030] VSRC location at (974.970um, 973.760um) and size 10.000um, is not located on an existing power stripe node. Moving to closest node at (1020.240um, 973.760um).
[WARNING PSM-0030] VSRC location at (1814.970um, 973.760um) and size 10.000um, is not located on an existing power stripe node. Moving to closest node at (1788.240um, 973.760um).
[WARNING PSM-0030] VSRC location at (414.970um, 1113.760um) and size 10.000um, is not located on an existing power stripe node. Moving to closest node at (405.840um, 1115.200um).
[WARNING PSM-0030] VSRC location at (1254.970um, 1113.760um) and size 10.000um, is not located on an existing power stripe node. Moving to closest node at (1327.440um, 1115.200um).
[WARNING PSM-0030] VSRC location at (694.970um, 1253.760um) and size 10.000um, is not located on an existing power stripe node. Moving to closest node at (713.040um, 1251.200um).
[WARNING PSM-0030] VSRC location at (1534.970um, 1253.760um) and size 10.000um, is not located on an existing power stripe node. Moving to closest node at (1481.040um, 1251.200um).
[WARNING PSM-0030] VSRC location at (134.970um, 1393.760um) and size 10.000um, is not located on an existing power stripe node. Moving to closest node at (98.640um, 1392.640um).
[WARNING PSM-0030] VSRC location at (974.970um, 1393.760um) and size 10.000um, is not located on an existing power stripe node. Moving to closest node at (1020.240um, 1392.640um).
[WARNING PSM-0030] VSRC location at (1814.970um, 1393.760um) and size 10.000um, is not located on an existing power stripe node. Moving to closest node at (1788.240um, 1392.640um).
[WARNING PSM-0030] VSRC location at (414.970um, 1533.760um) and size 10.000um, is not located on an existing power stripe node. Moving to closest node at (405.840um, 1534.080um).
[WARNING PSM-0030] VSRC location at (1254.970um, 1533.760um) and size 10.000um, is not located on an existing power stripe node. Moving to closest node at (1327.440um, 1534.080um).
[WARNING PSM-0030] VSRC location at (694.970um, 1673.760um) and size 10.000um, is not located on an existing power stripe node. Moving to closest node at (713.040um, 1675.520um).
[WARNING PSM-0030] VSRC location at (1534.970um, 1673.760um) and size 10.000um, is not located on an existing power stripe node. Moving to closest node at (1481.040um, 1675.520um).
[WARNING PSM-0030] VSRC location at (134.970um, 1813.760um) and size 10.000um, is not located on an existing power stripe node. Moving to closest node at (98.640um, 1811.520um).
[WARNING PSM-0030] VSRC location at (974.970um, 1813.760um) and size 10.000um, is not located on an existing power stripe node. Moving to closest node at (1020.240um, 1811.520um).
[WARNING PSM-0030] VSRC location at (1814.970um, 1813.760um) and size 10.000um, is not located on an existing power stripe node. Moving to closest node at (1788.240um, 1811.520um).
[INFO PSM-0031] Number of PDN nodes on net vssd1 = 86646.
[INFO PSM-0064] Number of voltage sources = 31.
[INFO PSM-0040] All PDN stripes on net vssd1 are connected.
Setting global connections for newly added cells...
Writing OpenROAD database to /openlane/designs/hehe/runs/RUN_2023.01.20_06.26.02/tmp/floorplan/6-pdn.odb...
Writing layout to /openlane/designs/hehe/runs/RUN_2023.01.20_06.26.02/tmp/floorplan/6-pdn.def...
